14:28:38 **** Build of configuration Debug for project lab3 ****
make all 
Building file: ../src/lab3.cpp
Invoking: GCC C++ Compiler
g++ -O0 -g3 -Wall -c -fmessage-length=0 -MMD -MP -MF"src/lab3.d" -MT"src/lab3.d" -o "src/lab3.o" "../src/lab3.cpp"
../src/lab3.cpp: In function 'int main()':
../src/lab3.cpp:29:22: error: invalid operands of types 'const char*' and 'const char [2]' to binary 'operator+'
   cout << "Value "+i+":";
                      ^
../src/lab3.cpp:37:7: error: no match for 'operator>>' (operand types are 'std::ostream {aka std::basic_ostream<char>}' and 'const char*')
  cout >> "Minimum: "+min;
       ^
In file included from /usr/include/c++/5.3.0/string:53:0,
                 from /usr/include/c++/5.3.0/bits/locale_classes.h:40,
                 from /usr/include/c++/5.3.0/bits/ios_base.h:41,
                 from /usr/include/c++/5.3.0/ios:42,
                 from /usr/include/c++/5.3.0/ostream:38,
                 from /usr/include/c++/5.3.0/iostream:39,
                 from ../src/lab3.cpp:9:
/usr/include/c++/5.3.0/bits/basic_string.tcc:1441:5: note: candidate: template<class _CharT, class _Traits, class _Alloc> std::basic_istream<_CharT, _Traits>& std::operator>>(std::basic_istream<_CharT, _Traits>&, std::__cxx11::basic_string<_CharT, _Traits, _Alloc>&)
     operator>>(basic_istream<_CharT, _Traits>& __in,
     ^
/usr/include/c++/5.3.0/bits/basic_string.tcc:1441:5: note:   template argument deduction/substitution failed:
src/subdir.mk:18: recipe for target 'src/lab3.o' failed
../src/lab3.cpp:37:22: note:   'std::ostream {aka std::basic_ostream<char>}' is not derived from 'std::basic_istream<_CharT, _Traits>'
  cout >> "Minimum: "+min;
                      ^
In file included from /usr/include/c++/5.3.0/istream:934:0,
                 from /usr/include/c++/5.3.0/iostream:40,
                 from ../src/lab3.cpp:9:
/usr/include/c++/5.3.0/bits/istream.tcc:955:5: note: candidate: template<class _CharT2, class _Traits2> std::basic_istream<_CharT, _Traits>& std::operator>>(std::basic_istream<_CharT, _Traits>&, _CharT2*)
     operator>>(basic_istream<_CharT, _Traits>& __in, _CharT* __s)
     ^
/usr/include/c++/5.3.0/bits/istream.tcc:955:5: note:   template argument deduction/substitution failed:
../src/lab3.cpp:37:22: note:   'std::ostream {aka std::basic_ostream<char>}' is not derived from 'std::basic_istream<_CharT, _Traits>'
  cout >> "Minimum: "+min;
                      ^
In file included from /usr/include/c++/5.3.0/istream:934:0,
                 from /usr/include/c++/5.3.0/iostream:40,
                 from ../src/lab3.cpp:9:
/usr/include/c++/5.3.0/bits/istream.tcc:923:5: note: candidate: template<class _CharT, class _Traits> std::basic_istream<_CharT, _Traits>& std::operator>>(std::basic_istream<_CharT, _Traits>&, _CharT&)
     operator>>(basic_istream<_CharT, _Traits>& __in, _CharT& __c)
     ^
/usr/include/c++/5.3.0/bits/istream.tcc:923:5: note:   template argument deduction/substitution failed:
../src/lab3.cpp:37:22: note:   'std::ostream {aka std::basic_ostream<char>}' is not derived from 'std::basic_istream<_CharT, _Traits>'
  cout >> "Minimum: "+min;
                      ^
In file included from /usr/include/c++/5.3.0/iostream:40:0,
                 from ../src/lab3.cpp:9:
/usr/include/c++/5.3.0/istream:756:5: note: candidate: template<class _Traits> std::basic_istream<char, _Traits>& std::operator>>(std::basic_istream<char, _Traits>&, unsigned char&)
     operator>>(basic_istream<char, _Traits>& __in, unsigned char& __c)
     ^
/usr/include/c++/5.3.0/istream:756:5: note:   template argument deduction/substitution failed:
../src/lab3.cpp:37:22: note:   'std::ostream {aka std::basic_ostream<char>}' is not derived from 'std::basic_istream<char, _Traits>'
  cout >> "Minimum: "+min;
                      ^
In file included from /usr/include/c++/5.3.0/iostream:40:0,
                 from ../src/lab3.cpp:9:
/usr/include/c++/5.3.0/istream:761:5: note: candidate: template<class _Traits> std::basic_istream<char, _Traits>& std::operator>>(std::basic_istream<char, _Traits>&, signed char&)
     operator>>(basic_istream<char, _Traits>& __in, signed char& __c)
     ^
/usr/include/c++/5.3.0/istream:761:5: note:   template argument deduction/substitution failed:
../src/lab3.cpp:37:22: note:   'std::ostream {aka std::basic_ostream<char>}' is not derived from 'std::basic_istream<char, _Traits>'
  cout >> "Minimum: "+min;
                      ^
In file included from /usr/include/c++/5.3.0/iostream:40:0,
                 from ../src/lab3.cpp:9:
/usr/include/c++/5.3.0/istream:803:5: note: candidate: template<class _Traits> std::basic_istream<char, _Traits>& std::operator>>(std::basic_istream<char, _Traits>&, unsigned char*)
     operator>>(basic_istream<char, _Traits>& __in, unsigned char* __s)
     ^
/usr/include/c++/5.3.0/istream:803:5: note:   template argument deduction/substitution failed:
../src/lab3.cpp:37:22: note:   'std::ostream {aka std::basic_ostream<char>}' is not derived from 'std::basic_istream<char, _Traits>'
  cout >> "Minimum: "+min;
                      ^
In file included from /usr/include/c++/5.3.0/iostream:40:0,
                 from ../src/lab3.cpp:9:
/usr/include/c++/5.3.0/istream:808:5: note: candidate: template<class _Traits> std::basic_istream<char, _Traits>& std::operator>>(std::basic_istream<char, _Traits>&, signed char*)
     operator>>(basic_istream<char, _Traits>& __in, signed char* __s)
     ^
/usr/include/c++/5.3.0/istream:808:5: note:   template argument deduction/substitution failed:
../src/lab3.cpp:37:22: note:   'std::ostream {aka std::basic_ostream<char>}' is not derived from 'std::basic_istream<char, _Traits>'
  cout >> "Minimum: "+min;
                      ^
../src/lab3.cpp:37:21: warning: suggest parentheses around '+' inside '>>' [-Wparentheses]
  cout >> "Minimum: "+min;
                     ^
../src/lab3.cpp:38:7: error: no match for 'operator>>' (operand types are 'std::ostream {aka std::basic_ostream<char>}' and 'const char*')
  cout >> "Maximum: "+max;
       ^
In file included from /usr/include/c++/5.3.0/string:53:0,
                 from /usr/include/c++/5.3.0/bits/locale_classes.h:40,
                 from /usr/include/c++/5.3.0/bits/ios_base.h:41,
                 from /usr/include/c++/5.3.0/ios:42,
                 from /usr/include/c++/5.3.0/ostream:38,
                 from /usr/include/c++/5.3.0/iostream:39,
                 from ../src/lab3.cpp:9:
/usr/include/c++/5.3.0/bits/basic_string.tcc:1441:5: note: candidate: template<class _CharT, class _Traits, class _Alloc> std::basic_istream<_CharT, _Traits>& std::operator>>(std::basic_istream<_CharT, _Traits>&, std::__cxx11::basic_string<_CharT, _Traits, _Alloc>&)
     operator>>(basic_istream<_CharT, _Traits>& __in,
     ^
/usr/include/c++/5.3.0/bits/basic_string.tcc:1441:5: note:   template argument deduction/substitution failed:
../src/lab3.cpp:38:22: note:   'std::ostream {aka std::basic_ostream<char>}' is not derived from 'std::basic_istream<_CharT, _Traits>'
  cout >> "Maximum: "+max;
                      ^
In file included from /usr/include/c++/5.3.0/istream:934:0,
                 from /usr/include/c++/5.3.0/iostream:40,
                 from ../src/lab3.cpp:9:
/usr/include/c++/5.3.0/bits/istream.tcc:955:5: note: candidate: template<class _CharT2, class _Traits2> std::basic_istream<_CharT, _Traits>& std::operator>>(std::basic_istream<_CharT, _Traits>&, _CharT2*)
     operator>>(basic_istream<_CharT, _Traits>& __in, _CharT* __s)
     ^
/usr/include/c++/5.3.0/bits/istream.tcc:955:5: note:   template argument deduction/substitution failed:
../src/lab3.cpp:38:22: note:   'std::ostream {aka std::basic_ostream<char>}' is not derived from 'std::basic_istream<_CharT, _Traits>'
  cout >> "Maximum: "+max;
                      ^
In file included from /usr/include/c++/5.3.0/istream:934:0,
                 from /usr/include/c++/5.3.0/iostream:40,
                 from ../src/lab3.cpp:9:
/usr/include/c++/5.3.0/bits/istream.tcc:923:5: note: candidate: template<class _CharT, class _Traits> std::basic_istream<_CharT, _Traits>& std::operator>>(std::basic_istream<_CharT, _Traits>&, _CharT&)
     operator>>(basic_istream<_CharT, _Traits>& __in, _CharT& __c)
     ^
/usr/include/c++/5.3.0/bits/istream.tcc:923:5: note:   template argument deduction/substitution failed:
../src/lab3.cpp:38:22: note:   'std::ostream {aka std::basic_ostream<char>}' is not derived from 'std::basic_istream<_CharT, _Traits>'
  cout >> "Maximum: "+max;
                      ^
In file included from /usr/include/c++/5.3.0/iostream:40:0,
                 from ../src/lab3.cpp:9:
/usr/include/c++/5.3.0/istream:756:5: note: candidate: template<class _Traits> std::basic_istream<char, _Traits>& std::operator>>(std::basic_istream<char, _Traits>&, unsigned char&)
     operator>>(basic_istream<char, _Traits>& __in, unsigned char& __c)
     ^
/usr/include/c++/5.3.0/istream:756:5: note:   template argument deduction/substitution failed:
../src/lab3.cpp:38:22: note:   'std::ostream {aka std::basic_ostream<char>}' is not derived from 'std::basic_istream<char, _Traits>'
  cout >> "Maximum: "+max;
                      ^
In file included from /usr/include/c++/5.3.0/iostream:40:0,
                 from ../src/lab3.cpp:9:
/usr/include/c++/5.3.0/istream:761:5: note: candidate: template<class _Traits> std::basic_istream<char, _Traits>& std::operator>>(std::basic_istream<char, _Traits>&, signed char&)
     operator>>(basic_istream<char, _Traits>& __in, signed char& __c)
     ^
/usr/include/c++/5.3.0/istream:761:5: note:   template argument deduction/substitution failed:
../src/lab3.cpp:38:22: note:   'std::ostream {aka std::basic_ostream<char>}' is not derived from 'std::basic_istream<char, _Traits>'
  cout >> "Maximum: "+max;
                      ^
In file included from /usr/include/c++/5.3.0/iostream:40:0,
                 from ../src/lab3.cpp:9:
/usr/include/c++/5.3.0/istream:803:5: note: candidate: template<class _Traits> std::basic_istream<char, _Traits>& std::operator>>(std::basic_istream<char, _Traits>&, unsigned char*)
     operator>>(basic_istream<char, _Traits>& __in, unsigned char* __s)
     ^
/usr/include/c++/5.3.0/istream:803:5: note:   template argument deduction/substitution failed:
../src/lab3.cpp:38:22: note:   'std::ostream {aka std::basic_ostream<char>}' is not derived from 'std::basic_istream<char, _Traits>'
  cout >> "Maximum: "+max;
                      ^
In file included from /usr/include/c++/5.3.0/iostream:40:0,
                 from ../src/lab3.cpp:9:
/usr/include/c++/5.3.0/istream:808:5: note: candidate: template<class _Traits> std::basic_istream<char, _Traits>& std::operator>>(std::basic_istream<char, _Traits>&, signed char*)
     operator>>(basic_istream<char, _Traits>& __in, signed char* __s)
     ^
/usr/include/c++/5.3.0/istream:808:5: note:   template argument deduction/substitution failed:
../src/lab3.cpp:38:22: note:   'std::ostream {aka std::basic_ostream<char>}' is not derived from 'std::basic_istream<char, _Traits>'
  cout >> "Maximum: "+max;
                      ^
../src/lab3.cpp:38:21: warning: suggest parentheses around '+' inside '>>' [-Wparentheses]
  cout >> "Maximum: "+max;
                     ^
../src/lab3.cpp:39:7: error: no match for 'operator>>' (operand types are 'std::ostream {aka std::basic_ostream<char>}' and 'const char*')
  cout >> "Mean: "+(mean/size);
       ^
In file included from /usr/include/c++/5.3.0/string:53:0,
                 from /usr/include/c++/5.3.0/bits/locale_classes.h:40,
                 from /usr/include/c++/5.3.0/bits/ios_base.h:41,
                 from /usr/include/c++/5.3.0/ios:42,
                 from /usr/include/c++/5.3.0/ostream:38,
                 from /usr/include/c++/5.3.0/iostream:39,
                 from ../src/lab3.cpp:9:
/usr/include/c++/5.3.0/bits/basic_string.tcc:1441:5: note: candidate: template<class _CharT, class _Traits, class _Alloc> std::basic_istream<_CharT, _Traits>& std::operator>>(std::basic_istream<_CharT, _Traits>&, std::__cxx11::basic_string<_CharT, _Traits, _Alloc>&)
     operator>>(basic_istream<_CharT, _Traits>& __in,
     ^
/usr/include/c++/5.3.0/bits/basic_string.tcc:1441:5: note:   template argument deduction/substitution failed:
../src/lab3.cpp:39:29: note:   'std::ostream {aka std::basic_ostream<char>}' is not derived from 'std::basic_istream<_CharT, _Traits>'
  cout >> "Mean: "+(mean/size);
                             ^
In file included from /usr/include/c++/5.3.0/istream:934:0,
                 from /usr/include/c++/5.3.0/iostream:40,
                 from ../src/lab3.cpp:9:
/usr/include/c++/5.3.0/bits/istream.tcc:955:5: note: candidate: template<class _CharT2, class _Traits2> std::basic_istream<_CharT, _Traits>& std::operator>>(std::basic_istream<_CharT, _Traits>&, _CharT2*)
     operator>>(basic_istream<_CharT, _Traits>& __in, _CharT* __s)
     ^
/usr/include/c++/5.3.0/bits/istream.tcc:955:5: note:   template argument deduction/substitution failed:
../src/lab3.cpp:39:29: note:   'std::ostream {aka std::basic_ostream<char>}' is not derived from 'std::basic_istream<_CharT, _Traits>'
  cout >> "Mean: "+(mean/size);
                             ^
In file included from /usr/include/c++/5.3.0/istream:934:0,
                 from /usr/include/c++/5.3.0/iostream:40,
                 from ../src/lab3.cpp:9:
/usr/include/c++/5.3.0/bits/istream.tcc:923:5: note: candidate: template<class _CharT, class _Traits> std::basic_istream<_CharT, _Traits>& std::operator>>(std::basic_istream<_CharT, _Traits>&, _CharT&)
     operator>>(basic_istream<_CharT, _Traits>& __in, _CharT& __c)
     ^
/usr/include/c++/5.3.0/bits/istream.tcc:923:5: note:   template argument deduction/substitution failed:
../src/lab3.cpp:39:29: note:   'std::ostream {aka std::basic_ostream<char>}' is not derived from 'std::basic_istream<_CharT, _Traits>'
  cout >> "Mean: "+(mean/size);
                             ^
In file included from /usr/include/c++/5.3.0/iostream:40:0,
                 from ../src/lab3.cpp:9:
/usr/include/c++/5.3.0/istream:756:5: note: candidate: template<class _Traits> std::basic_istream<char, _Traits>& std::operator>>(std::basic_istream<char, _Traits>&, unsigned char&)
     operator>>(basic_istream<char, _Traits>& __in, unsigned char& __c)
     ^
/usr/include/c++/5.3.0/istream:756:5: note:   template argument deduction/substitution failed:
../src/lab3.cpp:39:29: note:   'std::ostream {aka std::basic_ostream<char>}' is not derived from 'std::basic_istream<char, _Traits>'
  cout >> "Mean: "+(mean/size);
                             ^
In file included from /usr/include/c++/5.3.0/iostream:40:0,
                 from ../src/lab3.cpp:9:
/usr/include/c++/5.3.0/istream:761:5: note: candidate: template<class _Traits> std::basic_istream<char, _Traits>& std::operator>>(std::basic_istream<char, _Traits>&, signed char&)
     operator>>(basic_istream<char, _Traits>& __in, signed char& __c)
     ^
/usr/include/c++/5.3.0/istream:761:5: note:   template argument deduction/substitution failed:
../src/lab3.cpp:39:29: note:   'std::ostream {aka std::basic_ostream<char>}' is not derived from 'std::basic_istream<char, _Traits>'
  cout >> "Mean: "+(mean/size);
                             ^
In file included from /usr/include/c++/5.3.0/iostream:40:0,
                 from ../src/lab3.cpp:9:
/usr/include/c++/5.3.0/istream:803:5: note: candidate: template<class _Traits> std::basic_istream<char, _Traits>& std::operator>>(std::basic_istream<char, _Traits>&, unsigned char*)
     operator>>(basic_istream<char, _Traits>& __in, unsigned char* __s)
     ^
/usr/include/c++/5.3.0/istream:803:5: note:   template argument deduction/substitution failed:
../src/lab3.cpp:39:29: note:   'std::ostream {aka std::basic_ostream<char>}' is not derived from 'std::basic_istream<char, _Traits>'
  cout >> "Mean: "+(mean/size);
                             ^
In file included from /usr/include/c++/5.3.0/iostream:40:0,
                 from ../src/lab3.cpp:9:
/usr/include/c++/5.3.0/istream:808:5: note: candidate: template<class _Traits> std::basic_istream<char, _Traits>& std::operator>>(std::basic_istream<char, _Traits>&, signed char*)
     operator>>(basic_istream<char, _Traits>& __in, signed char* __s)
     ^
/usr/include/c++/5.3.0/istream:808:5: note:   template argument deduction/substitution failed:
../src/lab3.cpp:39:29: note:   'std::ostream {aka std::basic_ostream<char>}' is not derived from 'std::basic_istream<char, _Traits>'
  cout >> "Mean: "+(mean/size);
                             ^
../src/lab3.cpp:39:18: warning: suggest parentheses around '+' inside '>>' [-Wparentheses]
  cout >> "Mean: "+(mean/size);
                  ^
make: *** [src/lab3.o] Error 1
14:28:56 **** Incremental Build of configuration Debug for project lab3 ****
make all 
Building file: ../src/lab3.cpp
Invoking: GCC C++ Compiler
g++ -O0 -g3 -Wall -c -fmessage-length=0 -MMD -MP -MF"src/lab3.d" -MT"src/lab3.d" -o "src/lab3.o" "../src/lab3.cpp"
../src/lab3.cpp: In function 'int main()':
../src/lab3.cpp:29:22: error: invalid operands of types 'const char*' and 'const char [2]' to binary 'operator+'
   cout << "Value "+i+":";
                      ^
../src/lab3.cpp:37:7: error: no match for 'operator>>' (operand types are 'std::ostream {aka std::basic_ostream<char>}' and 'const char*')
  cout >> "Minimum: "+min;
       ^
In file included from /usr/include/c++/5.3.0/string:53:0,
                 from /usr/include/c++/5.3.0/bits/locale_classes.h:40,
                 from /usr/include/c++/5.3.0/bits/ios_base.h:41,
                 from /usr/include/c++/5.3.0/ios:42,
                 from /usr/include/c++/5.3.0/ostream:38,
                 from /usr/include/c++/5.3.0/iostream:39,
                 from ../src/lab3.cpp:9:
/usr/include/c++/5.3.0/bits/basic_string.tcc:1441:5: note: candidate: template<class _CharT, class _Traits, class _Alloc> std::basic_istream<_CharT, _Traits>& std::operator>>(std::basic_istream<_CharT, _Traits>&, std::__cxx11::basic_string<_CharT, _Traits, _Alloc>&)
     operator>>(basic_istream<_CharT, _Traits>& __in,
     ^
/usr/include/c++/5.3.0/bits/basic_string.tcc:1441:5: note:   template argument deduction/substitution failed:
../src/lab3.cpp:37:22: note:   'std::ostream {aka std::basic_ostream<char>}' is not derived from 'std::basic_istream<_CharT, _Traits>'
  cout >> "Minimum: "+min;
                      ^
In file included from /usr/include/c++/5.3.0/istream:934:0,
                 from /usr/include/c++/5.3.0/iostream:40,
                 from ../src/lab3.cpp:9:
/usr/include/c++/5.3.0/bits/istream.tcc:955:5: note: candidate: template<class _CharT2, class _Traits2> std::basic_istream<_CharT, _Traits>& std::operator>>(std::basic_istream<_CharT, _Traits>&, _CharT2*)
     operator>>(basic_istream<_CharT, _Traits>& __in, _CharT* __s)
     ^
/usr/include/c++/5.3.0/bits/istream.tcc:955:5: note:   template argument deduction/substitution failed:
../src/lab3.cpp:37:22: note:   'std::ostream {aka std::basic_ostream<char>}' is not derived from 'std::basic_istream<_CharT, _Traits>'
  cout >> "Minimum: "+min;
src/subdir.mk:18: recipe for target 'src/lab3.o' failed
                      ^
In file included from /usr/include/c++/5.3.0/istream:934:0,
                 from /usr/include/c++/5.3.0/iostream:40,
                 from ../src/lab3.cpp:9:
/usr/include/c++/5.3.0/bits/istream.tcc:923:5: note: candidate: template<class _CharT, class _Traits> std::basic_istream<_CharT, _Traits>& std::operator>>(std::basic_istream<_CharT, _Traits>&, _CharT&)
     operator>>(basic_istream<_CharT, _Traits>& __in, _CharT& __c)
     ^
/usr/include/c++/5.3.0/bits/istream.tcc:923:5: note:   template argument deduction/substitution failed:
../src/lab3.cpp:37:22: note:   'std::ostream {aka std::basic_ostream<char>}' is not derived from 'std::basic_istream<_CharT, _Traits>'
  cout >> "Minimum: "+min;
                      ^
In file included from /usr/include/c++/5.3.0/iostream:40:0,
                 from ../src/lab3.cpp:9:
/usr/include/c++/5.3.0/istream:756:5: note: candidate: template<class _Traits> std::basic_istream<char, _Traits>& std::operator>>(std::basic_istream<char, _Traits>&, unsigned char&)
     operator>>(basic_istream<char, _Traits>& __in, unsigned char& __c)
     ^
/usr/include/c++/5.3.0/istream:756:5: note:   template argument deduction/substitution failed:
../src/lab3.cpp:37:22: note:   'std::ostream {aka std::basic_ostream<char>}' is not derived from 'std::basic_istream<char, _Traits>'
  cout >> "Minimum: "+min;
                      ^
In file included from /usr/include/c++/5.3.0/iostream:40:0,
                 from ../src/lab3.cpp:9:
/usr/include/c++/5.3.0/istream:761:5: note: candidate: template<class _Traits> std::basic_istream<char, _Traits>& std::operator>>(std::basic_istream<char, _Traits>&, signed char&)
     operator>>(basic_istream<char, _Traits>& __in, signed char& __c)
     ^
/usr/include/c++/5.3.0/istream:761:5: note:   template argument deduction/substitution failed:
../src/lab3.cpp:37:22: note:   'std::ostream {aka std::basic_ostream<char>}' is not derived from 'std::basic_istream<char, _Traits>'
  cout >> "Minimum: "+min;
                      ^
In file included from /usr/include/c++/5.3.0/iostream:40:0,
                 from ../src/lab3.cpp:9:
/usr/include/c++/5.3.0/istream:803:5: note: candidate: template<class _Traits> std::basic_istream<char, _Traits>& std::operator>>(std::basic_istream<char, _Traits>&, unsigned char*)
     operator>>(basic_istream<char, _Traits>& __in, unsigned char* __s)
     ^
/usr/include/c++/5.3.0/istream:803:5: note:   template argument deduction/substitution failed:
../src/lab3.cpp:37:22: note:   'std::ostream {aka std::basic_ostream<char>}' is not derived from 'std::basic_istream<char, _Traits>'
  cout >> "Minimum: "+min;
                      ^
In file included from /usr/include/c++/5.3.0/iostream:40:0,
                 from ../src/lab3.cpp:9:
/usr/include/c++/5.3.0/istream:808:5: note: candidate: template<class _Traits> std::basic_istream<char, _Traits>& std::operator>>(std::basic_istream<char, _Traits>&, signed char*)
     operator>>(basic_istream<char, _Traits>& __in, signed char* __s)
     ^
/usr/include/c++/5.3.0/istream:808:5: note:   template argument deduction/substitution failed:
../src/lab3.cpp:37:22: note:   'std::ostream {aka std::basic_ostream<char>}' is not derived from 'std::basic_istream<char, _Traits>'
  cout >> "Minimum: "+min;
                      ^
../src/lab3.cpp:37:21: warning: suggest parentheses around '+' inside '>>' [-Wparentheses]
  cout >> "Minimum: "+min;
                     ^
../src/lab3.cpp:38:7: error: no match for 'operator>>' (operand types are 'std::ostream {aka std::basic_ostream<char>}' and 'const char*')
  cout >> "Maximum: "+max;
       ^
In file included from /usr/include/c++/5.3.0/string:53:0,
                 from /usr/include/c++/5.3.0/bits/locale_classes.h:40,
                 from /usr/include/c++/5.3.0/bits/ios_base.h:41,
                 from /usr/include/c++/5.3.0/ios:42,
                 from /usr/include/c++/5.3.0/ostream:38,
                 from /usr/include/c++/5.3.0/iostream:39,
                 from ../src/lab3.cpp:9:
/usr/include/c++/5.3.0/bits/basic_string.tcc:1441:5: note: candidate: template<class _CharT, class _Traits, class _Alloc> std::basic_istream<_CharT, _Traits>& std::operator>>(std::basic_istream<_CharT, _Traits>&, std::__cxx11::basic_string<_CharT, _Traits, _Alloc>&)
     operator>>(basic_istream<_CharT, _Traits>& __in,
     ^
/usr/include/c++/5.3.0/bits/basic_string.tcc:1441:5: note:   template argument deduction/substitution failed:
../src/lab3.cpp:38:22: note:   'std::ostream {aka std::basic_ostream<char>}' is not derived from 'std::basic_istream<_CharT, _Traits>'
  cout >> "Maximum: "+max;
                      ^
In file included from /usr/include/c++/5.3.0/istream:934:0,
                 from /usr/include/c++/5.3.0/iostream:40,
                 from ../src/lab3.cpp:9:
/usr/include/c++/5.3.0/bits/istream.tcc:955:5: note: candidate: template<class _CharT2, class _Traits2> std::basic_istream<_CharT, _Traits>& std::operator>>(std::basic_istream<_CharT, _Traits>&, _CharT2*)
     operator>>(basic_istream<_CharT, _Traits>& __in, _CharT* __s)
     ^
/usr/include/c++/5.3.0/bits/istream.tcc:955:5: note:   template argument deduction/substitution failed:
../src/lab3.cpp:38:22: note:   'std::ostream {aka std::basic_ostream<char>}' is not derived from 'std::basic_istream<_CharT, _Traits>'
  cout >> "Maximum: "+max;
                      ^
In file included from /usr/include/c++/5.3.0/istream:934:0,
                 from /usr/include/c++/5.3.0/iostream:40,
                 from ../src/lab3.cpp:9:
/usr/include/c++/5.3.0/bits/istream.tcc:923:5: note: candidate: template<class _CharT, class _Traits> std::basic_istream<_CharT, _Traits>& std::operator>>(std::basic_istream<_CharT, _Traits>&, _CharT&)
     operator>>(basic_istream<_CharT, _Traits>& __in, _CharT& __c)
     ^
/usr/include/c++/5.3.0/bits/istream.tcc:923:5: note:   template argument deduction/substitution failed:
../src/lab3.cpp:38:22: note:   'std::ostream {aka std::basic_ostream<char>}' is not derived from 'std::basic_istream<_CharT, _Traits>'
  cout >> "Maximum: "+max;
                      ^
In file included from /usr/include/c++/5.3.0/iostream:40:0,
                 from ../src/lab3.cpp:9:
/usr/include/c++/5.3.0/istream:756:5: note: candidate: template<class _Traits> std::basic_istream<char, _Traits>& std::operator>>(std::basic_istream<char, _Traits>&, unsigned char&)
     operator>>(basic_istream<char, _Traits>& __in, unsigned char& __c)
     ^
/usr/include/c++/5.3.0/istream:756:5: note:   template argument deduction/substitution failed:
../src/lab3.cpp:38:22: note:   'std::ostream {aka std::basic_ostream<char>}' is not derived from 'std::basic_istream<char, _Traits>'
  cout >> "Maximum: "+max;
                      ^
In file included from /usr/include/c++/5.3.0/iostream:40:0,
                 from ../src/lab3.cpp:9:
/usr/include/c++/5.3.0/istream:761:5: note: candidate: template<class _Traits> std::basic_istream<char, _Traits>& std::operator>>(std::basic_istream<char, _Traits>&, signed char&)
     operator>>(basic_istream<char, _Traits>& __in, signed char& __c)
     ^
/usr/include/c++/5.3.0/istream:761:5: note:   template argument deduction/substitution failed:
../src/lab3.cpp:38:22: note:   'std::ostream {aka std::basic_ostream<char>}' is not derived from 'std::basic_istream<char, _Traits>'
  cout >> "Maximum: "+max;
                      ^
In file included from /usr/include/c++/5.3.0/iostream:40:0,
                 from ../src/lab3.cpp:9:
/usr/include/c++/5.3.0/istream:803:5: note: candidate: template<class _Traits> std::basic_istream<char, _Traits>& std::operator>>(std::basic_istream<char, _Traits>&, unsigned char*)
     operator>>(basic_istream<char, _Traits>& __in, unsigned char* __s)
     ^
/usr/include/c++/5.3.0/istream:803:5: note:   template argument deduction/substitution failed:
../src/lab3.cpp:38:22: note:   'std::ostream {aka std::basic_ostream<char>}' is not derived from 'std::basic_istream<char, _Traits>'
  cout >> "Maximum: "+max;
                      ^
In file included from /usr/include/c++/5.3.0/iostream:40:0,
                 from ../src/lab3.cpp:9:
/usr/include/c++/5.3.0/istream:808:5: note: candidate: template<class _Traits> std::basic_istream<char, _Traits>& std::operator>>(std::basic_istream<char, _Traits>&, signed char*)
     operator>>(basic_istream<char, _Traits>& __in, signed char* __s)
     ^
/usr/include/c++/5.3.0/istream:808:5: note:   template argument deduction/substitution failed:
../src/lab3.cpp:38:22: note:   'std::ostream {aka std::basic_ostream<char>}' is not derived from 'std::basic_istream<char, _Traits>'
  cout >> "Maximum: "+max;
                      ^
../src/lab3.cpp:38:21: warning: suggest parentheses around '+' inside '>>' [-Wparentheses]
  cout >> "Maximum: "+max;
                     ^
../src/lab3.cpp:39:7: error: no match for 'operator>>' (operand types are 'std::ostream {aka std::basic_ostream<char>}' and 'const char*')
  cout >> "Mean: "+(mean/size);
       ^
In file included from /usr/include/c++/5.3.0/string:53:0,
                 from /usr/include/c++/5.3.0/bits/locale_classes.h:40,
                 from /usr/include/c++/5.3.0/bits/ios_base.h:41,
                 from /usr/include/c++/5.3.0/ios:42,
                 from /usr/include/c++/5.3.0/ostream:38,
                 from /usr/include/c++/5.3.0/iostream:39,
                 from ../src/lab3.cpp:9:
/usr/include/c++/5.3.0/bits/basic_string.tcc:1441:5: note: candidate: template<class _CharT, class _Traits, class _Alloc> std::basic_istream<_CharT, _Traits>& std::operator>>(std::basic_istream<_CharT, _Traits>&, std::__cxx11::basic_string<_CharT, _Traits, _Alloc>&)
     operator>>(basic_istream<_CharT, _Traits>& __in,
     ^
/usr/include/c++/5.3.0/bits/basic_string.tcc:1441:5: note:   template argument deduction/substitution failed:
../src/lab3.cpp:39:29: note:   'std::ostream {aka std::basic_ostream<char>}' is not derived from 'std::basic_istream<_CharT, _Traits>'
  cout >> "Mean: "+(mean/size);
                             ^
In file included from /usr/include/c++/5.3.0/istream:934:0,
                 from /usr/include/c++/5.3.0/iostream:40,
                 from ../src/lab3.cpp:9:
/usr/include/c++/5.3.0/bits/istream.tcc:955:5: note: candidate: template<class _CharT2, class _Traits2> std::basic_istream<_CharT, _Traits>& std::operator>>(std::basic_istream<_CharT, _Traits>&, _CharT2*)
     operator>>(basic_istream<_CharT, _Traits>& __in, _CharT* __s)
     ^
/usr/include/c++/5.3.0/bits/istream.tcc:955:5: note:   template argument deduction/substitution failed:
../src/lab3.cpp:39:29: note:   'std::ostream {aka std::basic_ostream<char>}' is not derived from 'std::basic_istream<_CharT, _Traits>'
  cout >> "Mean: "+(mean/size);
                             ^
In file included from /usr/include/c++/5.3.0/istream:934:0,
                 from /usr/include/c++/5.3.0/iostream:40,
                 from ../src/lab3.cpp:9:
/usr/include/c++/5.3.0/bits/istream.tcc:923:5: note: candidate: template<class _CharT, class _Traits> std::basic_istream<_CharT, _Traits>& std::operator>>(std::basic_istream<_CharT, _Traits>&, _CharT&)
     operator>>(basic_istream<_CharT, _Traits>& __in, _CharT& __c)
     ^
/usr/include/c++/5.3.0/bits/istream.tcc:923:5: note:   template argument deduction/substitution failed:
../src/lab3.cpp:39:29: note:   'std::ostream {aka std::basic_ostream<char>}' is not derived from 'std::basic_istream<_CharT, _Traits>'
  cout >> "Mean: "+(mean/size);
                             ^
In file included from /usr/include/c++/5.3.0/iostream:40:0,
                 from ../src/lab3.cpp:9:
/usr/include/c++/5.3.0/istream:756:5: note: candidate: template<class _Traits> std::basic_istream<char, _Traits>& std::operator>>(std::basic_istream<char, _Traits>&, unsigned char&)
     operator>>(basic_istream<char, _Traits>& __in, unsigned char& __c)
     ^
/usr/include/c++/5.3.0/istream:756:5: note:   template argument deduction/substitution failed:
../src/lab3.cpp:39:29: note:   'std::ostream {aka std::basic_ostream<char>}' is not derived from 'std::basic_istream<char, _Traits>'
  cout >> "Mean: "+(mean/size);
                             ^
In file included from /usr/include/c++/5.3.0/iostream:40:0,
                 from ../src/lab3.cpp:9:
/usr/include/c++/5.3.0/istream:761:5: note: candidate: template<class _Traits> std::basic_istream<char, _Traits>& std::operator>>(std::basic_istream<char, _Traits>&, signed char&)
     operator>>(basic_istream<char, _Traits>& __in, signed char& __c)
     ^
/usr/include/c++/5.3.0/istream:761:5: note:   template argument deduction/substitution failed:
../src/lab3.cpp:39:29: note:   'std::ostream {aka std::basic_ostream<char>}' is not derived from 'std::basic_istream<char, _Traits>'
  cout >> "Mean: "+(mean/size);
                             ^
In file included from /usr/include/c++/5.3.0/iostream:40:0,
                 from ../src/lab3.cpp:9:
/usr/include/c++/5.3.0/istream:803:5: note: candidate: template<class _Traits> std::basic_istream<char, _Traits>& std::operator>>(std::basic_istream<char, _Traits>&, unsigned char*)
     operator>>(basic_istream<char, _Traits>& __in, unsigned char* __s)
     ^
/usr/include/c++/5.3.0/istream:803:5: note:   template argument deduction/substitution failed:
../src/lab3.cpp:39:29: note:   'std::ostream {aka std::basic_ostream<char>}' is not derived from 'std::basic_istream<char, _Traits>'
  cout >> "Mean: "+(mean/size);
                             ^
In file included from /usr/include/c++/5.3.0/iostream:40:0,
                 from ../src/lab3.cpp:9:
/usr/include/c++/5.3.0/istream:808:5: note: candidate: template<class _Traits> std::basic_istream<char, _Traits>& std::operator>>(std::basic_istream<char, _Traits>&, signed char*)
     operator>>(basic_istream<char, _Traits>& __in, signed char* __s)
     ^
/usr/include/c++/5.3.0/istream:808:5: note:   template argument deduction/substitution failed:
../src/lab3.cpp:39:29: note:   'std::ostream {aka std::basic_ostream<char>}' is not derived from 'std::basic_istream<char, _Traits>'
  cout >> "Mean: "+(mean/size);
                             ^
../src/lab3.cpp:39:18: warning: suggest parentheses around '+' inside '>>' [-Wparentheses]
  cout >> "Mean: "+(mean/size);
                  ^
make: *** [src/lab3.o] Error 1
14:29:04 **** Incremental Build of configuration Debug for project lab3 ****
make all 
Building file: ../src/lab3.cpp
Invoking: GCC C++ Compiler
g++ -O0 -g3 -Wall -c -fmessage-length=0 -MMD -MP -MF"src/lab3.d" -MT"src/lab3.d" -o "src/lab3.o" "../src/lab3.cpp"
../src/lab3.cpp: In function 'int main()':
../src/lab3.cpp:29:22: error: invalid operands of types 'const char*' and 'const char [2]' to binary 'operator+'
   cout << "Value "+i+":";
                      ^
make: *** [src/lab3.o] Error 1
src/subdir.mk:18: recipe for target 'src/lab3.o' failed
14:29:55 **** Incremental Build of configuration Debug for project lab3 ****
make all 
Building file: ../src/lab3.cpp
Invoking: GCC C++ Compiler
g++ -O0 -g3 -Wall -c -fmessage-length=0 -MMD -MP -MF"src/lab3.d" -MT"src/lab3.d" -o "src/lab3.o" "../src/lab3.cpp"
Finished building: ../src/lab3.cpp
 
Building target: lab3
Invoking: GCC C++ Linker
g++  -o "lab3"  ./src/lab3.o   
Finished building target: lab3
 
14:29:58 **** Incremental Build of configuration Debug for project lab3 ****
make all 
make: Nothing to be done for 'all'.
14:30:40 **** Incremental Build of configuration Debug for project lab3 ****
make all 
Building file: ../src/lab3.cpp
Invoking: GCC C++ Compiler
g++ -O0 -g3 -Wall -c -fmessage-length=0 -MMD -MP -MF"src/lab3.d" -MT"src/lab3.d" -o "src/lab3.o" "../src/lab3.cpp"
Finished building: ../src/lab3.cpp
 
Building target: lab3
Invoking: GCC C++ Linker
g++  -o "lab3"  ./src/lab3.o   
Finished building target: lab3
 
14:40:02 **** Incremental Build of configuration Debug for project lab3 ****
make all 
make: Nothing to be done for 'all'.
14:40:47 **** Incremental Build of configuration Debug for project lab3 ****
make all 
Building file: ../src/lab3.cpp
Invoking: GCC C++ Compiler
g++ -O0 -g3 -Wall -c -fmessage-length=0 -MMD -MP -MF"src/lab3.d" -MT"src/lab3.d" -o "src/lab3.o" "../src/lab3.cpp"
Finished building: ../src/lab3.cpp
 
Building target: lab3
Invoking: GCC C++ Linker
g++  -o "lab3"  ./src/lab3.o   
Finished building target: lab3
 
14:40:51 **** Incremental Build of configuration Debug for project lab3 ****
make all 
make: Nothing to be done for 'all'.
14:42:20 **** Incremental Build of configuration Debug for project lab3 ****
make all 
Building file: ../src/lab3.cpp
Invoking: GCC C++ Compiler
g++ -O0 -g3 -Wall -c -fmessage-length=0 -MMD -MP -MF"src/lab3.d" -MT"src/lab3.d" -o "src/lab3.o" "../src/lab3.cpp"
Finished building: ../src/lab3.cpp
 
Building target: lab3
Invoking: GCC C++ Linker
g++  -o "lab3"  ./src/lab3.o   
Finished building target: lab3
 
14:42:22 **** Incremental Build of configuration Debug for project lab3 ****
make all 
make: Nothing to be done for 'all'.
14:45:56 **** Incremental Build of configuration Debug for project lab3 ****
make all 
Building file: ../src/lab3.cpp
Invoking: GCC C++ Compiler
g++ -O0 -g3 -Wall -c -fmessage-length=0 -MMD -MP -MF"src/lab3.d" -MT"src/lab3.d" -o "src/lab3.o" "../src/lab3.cpp"
Finished building: ../src/lab3.cpp
 
Building target: lab3
Invoking: GCC C++ Linker
g++  -o "lab3"  ./src/lab3.o   
Finished building target: lab3
 
14:46:04 **** Incremental Build of configuration Debug for project lab3 ****
make all 
make: Nothing to be done for 'all'.
14:46:25 **** Incremental Build of configuration Debug for project lab3 ****
make all 
make: Nothing to be done for 'all'.
14:51:17 **** Incremental Build of configuration Debug for project lab3 ****
make all 
Building file: ../src/lab3.cpp
Invoking: GCC C++ Compiler
g++ -O0 -g3 -Wall -c -fmessage-length=0 -MMD -MP -MF"src/lab3.d" -MT"src/lab3.d" -o "src/lab3.o" "../src/lab3.cpp"
Finished building: ../src/lab3.cpp
 
Building target: lab3
Invoking: GCC C++ Linker
g++  -o "lab3"  ./src/lab3.o   
Finished building target: lab3
 
14:52:06 **** Incremental Build of configuration Debug for project lab3 ****
make all 
Building file: ../src/lab3.cpp
Invoking: GCC C++ Compiler
g++ -O0 -g3 -Wall -c -fmessage-length=0 -MMD -MP -MF"src/lab3.d" -MT"src/lab3.d" -o "src/lab3.o" "../src/lab3.cpp"
Finished building: ../src/lab3.cpp
 
Building target: lab3
Invoking: GCC C++ Linker
g++  -o "lab3"  ./src/lab3.o   
Finished building target: lab3
 
14:52:12 **** Incremental Build of configuration Debug for project lab3 ****
make all 
make: Nothing to be done for 'all'.
14:52:39 **** Incremental Build of configuration Debug for project lab3 ****
make all 
make: Nothing to be done for 'all'.
14:54:03 **** Incremental Build of configuration Debug for project lab3 ****
make all 
make: Nothing to be done for 'all'.
14:55:36 **** Incremental Build of configuration Debug for project lab3 ****
make all 
make: Nothing to be done for 'all'.
14:56:34 **** Incremental Build of configuration Debug for project lab3 ****
make all 
make: Nothing to be done for 'all'.
14:56:35 **** Incremental Build of configuration Debug for project lab3 ****
make all 
make: Nothing to be done for 'all'.
17:09:20 **** Build of configuration Debug for project lab3 ****
make all 
make: Nothing to be done for 'all'.
17:11:47 **** Build of configuration Debug for project hwk1 ****
make all 
Building file: ../src/hwk1.cpp
Invoking: GCC C++ Compiler
g++ -O0 -g3 -Wall -c -fmessage-length=0 -MMD -MP -MF"src/hwk1.d" -MT"src/hwk1.d" -o "src/hwk1.o" "../src/hwk1.cpp"
../src/hwk1.cpp: In function 'int main()':
../src/hwk1.cpp:13:6: error: expected unqualified-id before '[' token
  char[] alphabet = "abcdefghijklmnopqrstuvwxyz".toCharArray();
      ^
make: *** [src/hwk1.o] Error 1
src/subdir.mk:18: recipe for target 'src/hwk1.o' failed
17:11:47 **** Incremental Build of configuration Debug for project lab3 ****
make all 
make: Nothing to be done for 'all'.
17:11:52 **** Incremental Build of configuration Debug for project hwk1 ****
make all 
Building file: ../src/hwk1.cpp
Invoking: GCC C++ Compiler
g++ -O0 -g3 -Wall -c -fmessage-length=0 -MMD -MP -MF"src/hwk1.d" -MT"src/hwk1.d" -o "src/hwk1.o" "../src/hwk1.cpp"
../src/hwk1.cpp: In function 'int main()':
../src/hwk1.cpp:13:6: error: expected unqualified-id before '[' token
  char[] alphabet = "abcdefghijklmnopqrstuvwxyz".toCharArray();
      ^
src/subdir.mk:18: recipe for target 'src/hwk1.o' failed
make: *** [src/hwk1.o] Error 1
17:11:52 **** Incremental Build of configuration Debug for project lab3 ****
make all 
make: Nothing to be done for 'all'.
17:12:53 **** Incremental Build of configuration Debug for project hwk1 ****
make all 
Building file: ../src/hwk1.cpp
Invoking: GCC C++ Compiler
g++ -O0 -g3 -Wall -c -fmessage-length=0 -MMD -MP -MF"src/hwk1.d" -MT"src/hwk1.d" -o "src/hwk1.o" "../src/hwk1.cpp"
../src/hwk1.cpp: In function 'int main()':
../src/hwk1.cpp:13:6: error: expected unqualified-id before '[' token
  char[] alphabet;
      ^
make: *** [src/hwk1.o] Error 1
src/subdir.mk:18: recipe for target 'src/hwk1.o' failed
17:12:53 **** Incremental Build of configuration Debug for project lab3 ****
make all 
make: Nothing to be done for 'all'.
17:13:18 **** Incremental Build of configuration Debug for project hwk1 ****
make all 
Building file: ../src/hwk1.cpp
Invoking: GCC C++ Compiler
g++ -O0 -g3 -Wall -c -fmessage-length=0 -MMD -MP -MF"src/hwk1.d" -MT"src/hwk1.d" -o "src/hwk1.o" "../src/hwk1.cpp"
../src/hwk1.cpp: In function 'int main()':
../src/hwk1.cpp:13:7: warning: unused variable 'test' [-Wunused-variable]
  char test;
       ^
Finished building: ../src/hwk1.cpp
 
Building target: hwk1
Invoking: GCC C++ Linker
g++  -o "hwk1"  ./src/hwk1.o   
Finished building target: hwk1
 
17:13:18 **** Incremental Build of configuration Debug for project lab3 ****
make all 
make: Nothing to be done for 'all'.
17:13:40 **** Incremental Build of configuration Debug for project hwk1 ****
make all 
Building file: ../src/hwk1.cpp
Invoking: GCC C++ Compiler
g++ -O0 -g3 -Wall -c -fmessage-length=0 -MMD -MP -MF"src/hwk1.d" -MT"src/hwk1.d" -o "src/hwk1.o" "../src/hwk1.cpp"
../src/hwk1.cpp: In function 'int main()':
../src/hwk1.cpp:13:6: error: expected unqualified-id before '[' token
  char[] test = char[6];
      ^
make: *** [src/hwk1.o] Error 1
src/subdir.mk:18: recipe for target 'src/hwk1.o' failed
17:13:41 **** Incremental Build of configuration Debug for project lab3 ****
make all 
make: Nothing to be done for 'all'.
17:13:50 **** Incremental Build of configuration Debug for project hwk1 ****
make all 
Building file: ../src/hwk1.cpp
Invoking: GCC C++ Compiler
g++ -O0 -g3 -Wall -c -fmessage-length=0 -MMD -MP -MF"src/hwk1.d" -MT"src/hwk1.d" -o "src/hwk1.o" "../src/hwk1.cpp"
../src/hwk1.cpp: In function 'int main()':
../src/hwk1.cpp:13:6: error: expected unqualified-id before '[' token
  char[] test = char[6];
      ^
src/subdir.mk:18: recipe for target 'src/hwk1.o' failed
make: *** [src/hwk1.o] Error 1
17:13:50 **** Incremental Build of configuration Debug for project lab3 ****
make all 
make: Nothing to be done for 'all'.
17:14:01 **** Incremental Build of configuration Debug for project hwk1 ****
make all 
Building file: ../src/hwk1.cpp
Invoking: GCC C++ Compiler
g++ -O0 -g3 -Wall -c -fmessage-length=0 -MMD -MP -MF"src/hwk1.d" -MT"src/hwk1.d" -o "src/hwk1.o" "../src/hwk1.cpp"
../src/hwk1.cpp: In function 'int main()':
../src/hwk1.cpp:13:5: error: expected unqualified-id before '[' token
  int[] test = char[6];
     ^
make: *** [src/hwk1.o] Error 1
src/subdir.mk:18: recipe for target 'src/hwk1.o' failed
17:14:01 **** Incremental Build of configuration Debug for project lab3 ****
make all 
make: Nothing to be done for 'all'.
17:14:03 **** Incremental Build of configuration Debug for project hwk1 ****
make all 
Building file: ../src/hwk1.cpp
Invoking: GCC C++ Compiler
g++ -O0 -g3 -Wall -c -fmessage-length=0 -MMD -MP -MF"src/hwk1.d" -MT"src/hwk1.d" -o "src/hwk1.o" "../src/hwk1.cpp"
../src/hwk1.cpp: In function 'int main()':
../src/hwk1.cpp:13:5: error: expected unqualified-id before '[' token
  int[] test = char[6];
     ^
src/subdir.mk:18: recipe for target 'src/hwk1.o' failed
make: *** [src/hwk1.o] Error 1
17:14:03 **** Incremental Build of configuration Debug for project lab3 ****
make all 
make: Nothing to be done for 'all'.
17:15:37 **** Incremental Build of configuration Debug for project hwk1 ****
make all 
Building file: ../src/hwk1.cpp
Invoking: GCC C++ Compiler
g++ -O0 -g3 -Wall -c -fmessage-length=0 -MMD -MP -MF"src/hwk1.d" -MT"src/hwk1.d" -o "src/hwk1.o" "../src/hwk1.cpp"
../src/hwk1.cpp: In function 'int main()':
../src/hwk1.cpp:13:47: error: request for member 'toCharArray' in '"abcdefghijklmnopqrstuvwxyz"', which is of non-class type 'const char [27]'
  char alphabet = "abcdefghijklmnopqrstuvwxyz".toCharArray();
                                               ^
../src/hwk1.cpp:13:7: warning: unused variable 'alphabet' [-Wunused-variable]
  char alphabet = "abcdefghijklmnopqrstuvwxyz".toCharArray();
       ^
src/subdir.mk:18: recipe for target 'src/hwk1.o' failed
make: *** [src/hwk1.o] Error 1
17:15:37 **** Incremental Build of configuration Debug for project lab3 ****
make all 
make: Nothing to be done for 'all'.
17:15:40 **** Incremental Build of configuration Debug for project hwk1 ****
make all 
Building file: ../src/hwk1.cpp
Invoking: GCC C++ Compiler
g++ -O0 -g3 -Wall -c -fmessage-length=0 -MMD -MP -MF"src/hwk1.d" -MT"src/hwk1.d" -o "src/hwk1.o" "../src/hwk1.cpp"
../src/hwk1.cpp: In function 'int main()':
../src/hwk1.cpp:13:47: error: request for member 'toCharArray' in '"abcdefghijklmnopqrstuvwxyz"', which is of non-class type 'const char [27]'
  char alphabet = "abcdefghijklmnopqrstuvwxyz".toCharArray();
                                               ^
../src/hwk1.cpp:13:7: warning: unused variable 'alphabet' [-Wunused-variable]
  char alphabet = "abcdefghijklmnopqrstuvwxyz".toCharArray();
       ^
make: *** [src/hwk1.o] Error 1
src/subdir.mk:18: recipe for target 'src/hwk1.o' failed
17:15:40 **** Incremental Build of configuration Debug for project lab3 ****
make all 
make: Nothing to be done for 'all'.
17:16:30 **** Incremental Build of configuration Debug for project hwk1 ****
make all 
Building file: ../src/hwk1.cpp
Invoking: GCC C++ Compiler
g++ -O0 -g3 -Wall -c -fmessage-length=0 -MMD -MP -MF"src/hwk1.d" -MT"src/hwk1.d" -o "src/hwk1.o" "../src/hwk1.cpp"
../src/hwk1.cpp: In function 'int main()':
../src/hwk1.cpp:13:7: warning: unused variable 'alphabet' [-Wunused-variable]
  char alphabet [25];
       ^
Finished building: ../src/hwk1.cpp
 
Building target: hwk1
Invoking: GCC C++ Linker
g++  -o "hwk1"  ./src/hwk1.o   
Finished building target: hwk1
 
17:16:30 **** Incremental Build of configuration Debug for project lab3 ****
make all 
make: Nothing to be done for 'all'.
17:19:58 **** Incremental Build of configuration Debug for project hwk1 ****
make all 
Building file: ../src/hwk1.cpp
Invoking: GCC C++ Compiler
g++ -O0 -g3 -Wall -c -fmessage-length=0 -MMD -MP -MF"src/hwk1.d" -MT"src/hwk1.d" -o "src/hwk1.o" "../src/hwk1.cpp"
../src/hwk1.cpp: In function 'int main()':
../src/hwk1.cpp:13:7: warning: variable 'alphabet' set but not used [-Wunused-but-set-variable]
  char alphabet [26];
       ^
../src/hwk1.cpp:14:7: warning: variable 'longs' set but not used [-Wunused-but-set-variable]
  long longs [26];
       ^
Finished building: ../src/hwk1.cpp
 
Building target: hwk1
Invoking: GCC C++ Linker
g++  -o "hwk1"  ./src/hwk1.o   
Finished building target: hwk1
 
17:19:58 **** Incremental Build of configuration Debug for project lab3 ****
make all 
make: Nothing to be done for 'all'.
17:22:42 **** Incremental Build of configuration Debug for project hwk1 ****
make all 
Building file: ../src/hwk1.cpp
Invoking: GCC C++ Compiler
g++ -O0 -g3 -Wall -c -fmessage-length=0 -MMD -MP -MF"src/hwk1.d" -MT"src/hwk1.d" -o "src/hwk1.o" "../src/hwk1.cpp"
../src/hwk1.cpp: In function 'int main()':
../src/hwk1.cpp:13:7: warning: variable 'alphabet' set but not used [-Wunused-but-set-variable]
  char alphabet [26];
       ^
../src/hwk1.cpp:14:7: warning: variable 'longs' set but not used [-Wunused-but-set-variable]
  long longs [26];
       ^
Finished building: ../src/hwk1.cpp
 
Building target: hwk1
Invoking: GCC C++ Linker
g++  -o "hwk1"  ./src/hwk1.o   
Finished building target: hwk1
 
17:22:42 **** Incremental Build of configuration Debug for project lab3 ****
make all 
make: Nothing to be done for 'all'.
17:24:40 **** Incremental Build of configuration Debug for project hwk1 ****
make all 
Building file: ../src/hwk1.cpp
Invoking: GCC C++ Compiler
g++ -O0 -g3 -Wall -c -fmessage-length=0 -MMD -MP -MF"src/hwk1.d" -MT"src/hwk1.d" -o "src/hwk1.o" "../src/hwk1.cpp"
../src/hwk1.cpp:12:1: error: expected unqualified-id before 'private'
 private char alphabet [26];
 ^
../src/hwk1.cpp:13:1: error: expected unqualified-id before 'private'
 private long longs [26];
 ^
src/subdir.mk:18: recipe for target 'src/hwk1.o' failed
make: *** [src/hwk1.o] Error 1
17:24:40 **** Incremental Build of configuration Debug for project lab3 ****
make all 
make: Nothing to be done for 'all'.
17:24:59 **** Incremental Build of configuration Debug for project hwk1 ****
make all 
Building file: ../src/hwk1.cpp
Invoking: GCC C++ Compiler
g++ -O0 -g3 -Wall -c -fmessage-length=0 -MMD -MP -MF"src/hwk1.d" -MT"src/hwk1.d" -o "src/hwk1.o" "../src/hwk1.cpp"
../src/hwk1.cpp: In function 'int main()':
../src/hwk1.cpp:16:7: warning: variable 'alphabet' set but not used [-Wunused-but-set-variable]
  char alphabet [26];
       ^
../src/hwk1.cpp:17:7: warning: variable 'longs' set but not used [-Wunused-but-set-variable]
  long longs [26];
       ^
Finished building: ../src/hwk1.cpp
 
Building target: hwk1
Invoking: GCC C++ Linker
g++  -o "hwk1"  ./src/hwk1.o   
Finished building target: hwk1
 
17:24:59 **** Incremental Build of configuration Debug for project lab3 ****
make all 
make: Nothing to be done for 'all'.
17:26:27 **** Incremental Build of configuration Debug for project hwk1 ****
make all 
Building file: ../src/hwk1.cpp
Invoking: GCC C++ Compiler
g++ -O0 -g3 -Wall -c -fmessage-length=0 -MMD -MP -MF"src/hwk1.d" -MT"src/hwk1.d" -o "src/hwk1.o" "../src/hwk1.cpp"
../src/hwk1.cpp: In function 'int main()':
../src/hwk1.cpp:20:7: error: 'read' was not declared in this scope
  read();
       ^
src/subdir.mk:18: recipe for target 'src/hwk1.o' failed
make: *** [src/hwk1.o] Error 1
17:26:27 **** Incremental Build of configuration Debug for project lab3 ****
make all 
make: Nothing to be done for 'all'.
17:26:38 **** Incremental Build of configuration Debug for project hwk1 ****
make all 
Building file: ../src/hwk1.cpp
Invoking: GCC C++ Compiler
g++ -O0 -g3 -Wall -c -fmessage-length=0 -MMD -MP -MF"src/hwk1.d" -MT"src/hwk1.d" -o "src/hwk1.o" "../src/hwk1.cpp"
../src/hwk1.cpp: In function 'int main()':
../src/hwk1.cpp:20:7: error: 'read' was not declared in this scope
  read();
       ^
src/subdir.mk:18: recipe for target 'src/hwk1.o' failed
make: *** [src/hwk1.o] Error 1
17:26:38 **** Incremental Build of configuration Debug for project lab3 ****
make all 
make: Nothing to be done for 'all'.
17:27:31 **** Incremental Build of configuration Debug for project hwk1 ****
make all 
Building file: ../src/hwk1.cpp
Invoking: GCC C++ Compiler
g++ -O0 -g3 -Wall -c -fmessage-length=0 -MMD -MP -MF"src/hwk1.d" -MT"src/hwk1.d" -o "src/hwk1.o" "../src/hwk1.cpp"
../src/hwk1.cpp: In function 'int main()':
../src/hwk1.cpp:20:2: error: invalid use of 'this' in non-member function
  this.read();
  ^
make: *** [src/hwk1.o] Error 1
src/subdir.mk:18: recipe for target 'src/hwk1.o' failed
17:27:31 **** Incremental Build of configuration Debug for project lab3 ****
make all 
make: Nothing to be done for 'all'.
17:27:32 **** Incremental Build of configuration Debug for project hwk1 ****
make all 
Building file: ../src/hwk1.cpp
Invoking: GCC C++ Compiler
g++ -O0 -g3 -Wall -c -fmessage-length=0 -MMD -MP -MF"src/hwk1.d" -MT"src/hwk1.d" -o "src/hwk1.o" "../src/hwk1.cpp"
../src/hwk1.cpp: In function 'int main()':
../src/hwk1.cpp:20:2: error: invalid use of 'this' in non-member function
  this.read();
  ^
make: *** [src/hwk1.o] Error 1
src/subdir.mk:18: recipe for target 'src/hwk1.o' failed
17:27:32 **** Incremental Build of configuration Debug for project lab3 ****
make all 
make: Nothing to be done for 'all'.
17:27:32 **** Incremental Build of configuration Debug for project hwk1 ****
make all 
Building file: ../src/hwk1.cpp
Invoking: GCC C++ Compiler
g++ -O0 -g3 -Wall -c -fmessage-length=0 -MMD -MP -MF"src/hwk1.d" -MT"src/hwk1.d" -o "src/hwk1.o" "../src/hwk1.cpp"
../src/hwk1.cpp: In function 'int main()':
../src/hwk1.cpp:20:2: error: invalid use of 'this' in non-member function
  this.read();
  ^
src/subdir.mk:18: recipe for target 'src/hwk1.o' failed
make: *** [src/hwk1.o] Error 1
17:27:33 **** Incremental Build of configuration Debug for project lab3 ****
make all 
make: Nothing to be done for 'all'.
17:27:44 **** Incremental Build of configuration Debug for project hwk1 ****
make all 
Building file: ../src/hwk1.cpp
Invoking: GCC C++ Compiler
g++ -O0 -g3 -Wall -c -fmessage-length=0 -MMD -MP -MF"src/hwk1.d" -MT"src/hwk1.d" -o "src/hwk1.o" "../src/hwk1.cpp"
Finished building: ../src/hwk1.cpp
 
Building target: hwk1
Invoking: GCC C++ Linker
g++  -o "hwk1"  ./src/hwk1.o   
Finished building target: hwk1
 
17:27:44 **** Incremental Build of configuration Debug for project lab3 ****
make all 
make: Nothing to be done for 'all'.
17:28:26 **** Incremental Build of configuration Debug for project hwk1 ****
make all 
Building file: ../src/hwk1.cpp
Invoking: GCC C++ Compiler
g++ -O0 -g3 -Wall -c -fmessage-length=0 -MMD -MP -MF"src/hwk1.d" -MT"src/hwk1.d" -o "src/hwk1.o" "../src/hwk1.cpp"
../src/hwk1.cpp: In function 'void read()':
../src/hwk1.cpp:25:11: error: ambiguating new declaration of 'void read()'
 void read() {
           ^
../src/hwk1.cpp:15:5: note: old declaration 'int read()'
 int read();
     ^
make: *** [src/hwk1.o] Error 1
src/subdir.mk:18: recipe for target 'src/hwk1.o' failed
17:28:27 **** Incremental Build of configuration Debug for project lab3 ****
make all 
make: Nothing to be done for 'all'.
17:28:42 **** Incremental Build of configuration Debug for project hwk1 ****
make all 
Building file: ../src/hwk1.cpp
Invoking: GCC C++ Compiler
g++ -O0 -g3 -Wall -c -fmessage-length=0 -MMD -MP -MF"src/hwk1.d" -MT"src/hwk1.d" -o "src/hwk1.o" "../src/hwk1.cpp"
Finished building: ../src/hwk1.cpp
 
Building target: hwk1
Invoking: GCC C++ Linker
g++  -o "hwk1"  ./src/hwk1.o   
Finished building target: hwk1
 
17:28:43 **** Incremental Build of configuration Debug for project lab3 ****
make all 
make: Nothing to be done for 'all'.
17:31:58 **** Incremental Build of configuration Debug for project hwk1 ****
make all 
Building file: ../src/hwk1.cpp
Invoking: GCC C++ Compiler
g++ -O0 -g3 -Wall -c -fmessage-length=0 -MMD -MP -MF"src/hwk1.d" -MT"src/hwk1.d" -o "src/hwk1.o" "../src/hwk1.cpp"
../src/hwk1.cpp: In function 'void read()':
../src/hwk1.cpp:30:21: warning: range-based 'for' loops only available with -std=c++11 or -std=gnu++11
  for(char lettter : text.c_str()) {
                     ^
../src/hwk1.cpp:30:11: warning: unused variable 'lettter' [-Wunused-variable]
  for(char lettter : text.c_str()) {
           ^
Finished building: ../src/hwk1.cpp
 
Building target: hwk1
Invoking: GCC C++ Linker
g++  -o "hwk1"  ./src/hwk1.o   
Finished building target: hwk1
 
17:31:58 **** Incremental Build of configuration Debug for project lab3 ****
make all 
make: Nothing to be done for 'all'.
17:33:42 **** Incremental Build of configuration Debug for project hwk1 ****
make all 
Building file: ../src/hwk1.cpp
Invoking: GCC C++ Compiler
g++ -O0 -g3 -Wall -c -fmessage-length=0 -MMD -MP -MF"src/hwk1.d" -MT"src/hwk1.d" -o "src/hwk1.o" "../src/hwk1.cpp"
../src/hwk1.cpp: In function 'void read()':
../src/hwk1.cpp:31:21: warning: range-based 'for' loops only available with -std=c++11 or -std=gnu++11
  for(char lettter : strcpy(text, text.c_str());) {
                     ^
../src/hwk1.cpp:31:46: error: 'strcpy' was not declared in this scope
  for(char lettter : strcpy(text, text.c_str());) {
                                              ^
../src/hwk1.cpp:31:47: error: expected ')' before ';' token
  for(char lettter : strcpy(text, text.c_str());) {
                                               ^
../src/hwk1.cpp:31:11: warning: unused variable 'lettter' [-Wunused-variable]
  for(char lettter : strcpy(text, text.c_str());) {
           ^
../src/hwk1.cpp:31:48: error: expected primary-expression before ')' token
  for(char lettter : strcpy(text, text.c_str());) {
                                                ^
src/subdir.mk:18: recipe for target 'src/hwk1.o' failed
make: *** [src/hwk1.o] Error 1
17:33:42 **** Incremental Build of configuration Debug for project lab3 ****
make all 
make: Nothing to be done for 'all'.
17:33:47 **** Incremental Build of configuration Debug for project hwk1 ****
make all 
Building file: ../src/hwk1.cpp
Invoking: GCC C++ Compiler
g++ -O0 -g3 -Wall -c -fmessage-length=0 -MMD -MP -MF"src/hwk1.d" -MT"src/hwk1.d" -o "src/hwk1.o" "../src/hwk1.cpp"
../src/hwk1.cpp: In function 'void read()':
../src/hwk1.cpp:31:21: warning: range-based 'for' loops only available with -std=c++11 or -std=gnu++11
  for(char lettter : strcpy(text, text.c_str())) {
                     ^
../src/hwk1.cpp:31:46: error: 'strcpy' was not declared in this scope
  for(char lettter : strcpy(text, text.c_str())) {
                                              ^
../src/hwk1.cpp:31:11: warning: unused variable 'lettter' [-Wunused-variable]
  for(char lettter : strcpy(text, text.c_str())) {
           ^
make: *** [src/hwk1.o] Error 1
src/subdir.mk:18: recipe for target 'src/hwk1.o' failed
17:33:47 **** Incremental Build of configuration Debug for project lab3 ****
make all 
make: Nothing to be done for 'all'.
17:35:15 **** Incremental Build of configuration Debug for project hwk1 ****
make all 
Building file: ../src/hwk1.cpp
Invoking: GCC C++ Compiler
g++ -O0 -g3 -Wall -c -fmessage-length=0 -MMD -MP -MF"src/hwk1.d" -MT"src/hwk1.d" -o "src/hwk1.o" "../src/hwk1.cpp"
../src/hwk1.cpp: In function 'void read()':
../src/hwk1.cpp:31:27: error: 'strcpy' was not declared in this scope
  strcpy(text, text.c_str());
                           ^
make: *** [src/hwk1.o] Error 1
src/subdir.mk:18: recipe for target 'src/hwk1.o' failed
17:35:15 **** Incremental Build of configuration Debug for project lab3 ****
make all 
make: Nothing to be done for 'all'.
17:36:33 **** Incremental Build of configuration Debug for project hwk1 ****
make all 
Building file: ../src/hwk1.cpp
Invoking: GCC C++ Compiler
g++ -O0 -g3 -Wall -c -fmessage-length=0 -MMD -MP -MF"src/hwk1.d" -MT"src/hwk1.d" -o "src/hwk1.o" "../src/hwk1.cpp"
Finished building: ../src/hwk1.cpp
 
Building target: hwk1
Invoking: GCC C++ Linker
g++  -o "hwk1"  ./src/hwk1.o   
Finished building target: hwk1
 
17:36:33 **** Incremental Build of configuration Debug for project lab3 ****
make all 
make: Nothing to be done for 'all'.
17:40:12 **** Incremental Build of configuration Debug for project hwk1 ****
make all 
Building file: ../src/hwk1.cpp
Invoking: GCC C++ Compiler
g++ -O0 -g3 -Wall -c -fmessage-length=0 -MMD -MP -MF"src/hwk1.d" -MT"src/hwk1.d" -o "src/hwk1.o" "../src/hwk1.cpp"
../src/hwk1.cpp: In function 'void read()':
../src/hwk1.cpp:34:26: error: 'strcpy' was not declared in this scope
  strcpy(txt, text.c_str());
                          ^
make: *** [src/hwk1.o] Error 1
src/subdir.mk:18: recipe for target 'src/hwk1.o' failed
17:40:12 **** Incremental Build of configuration Debug for project lab3 ****
make all 
make: Nothing to be done for 'all'.
17:41:18 **** Incremental Build of configuration Debug for project hwk1 ****
make all 
Building file: ../src/hwk1.cpp
Invoking: GCC C++ Compiler
g++ -O0 -g3 -Wall -c -fmessage-length=0 -MMD -MP -MF"src/hwk1.d" -MT"src/hwk1.d" -o "src/hwk1.o" "../src/hwk1.cpp"
../src/hwk1.cpp: In function 'void read()':
../src/hwk1.cpp:34:26: error: 'strcpy' was not declared in this scope
  strcpy(txt, text.c_str());
                          ^
make: *** [src/hwk1.o] Error 1
src/subdir.mk:18: recipe for target 'src/hwk1.o' failed
17:41:19 **** Incremental Build of configuration Debug for project lab3 ****
make all 
make: Nothing to be done for 'all'.
17:41:33 **** Incremental Build of configuration Debug for project hwk1 ****
make all 
Building file: ../src/hwk1.cpp
Invoking: GCC C++ Compiler
g++ -O0 -g3 -Wall -c -fmessage-length=0 -MMD -MP -MF"src/hwk1.d" -MT"src/hwk1.d" -o "src/hwk1.o" "../src/hwk1.cpp"
../src/hwk1.cpp: In function 'void read()':
../src/hwk1.cpp:34:27: error: 'strncpy' was not declared in this scope
  strncpy(txt, text.c_str());
                           ^
make: *** [src/hwk1.o] Error 1
src/subdir.mk:18: recipe for target 'src/hwk1.o' failed
17:41:33 **** Incremental Build of configuration Debug for project lab3 ****
make all 
make: Nothing to be done for 'all'.
17:43:20 **** Incremental Build of configuration Debug for project hwk1 ****
make all 
Building file: ../src/hwk1.cpp
Invoking: GCC C++ Compiler
g++ -O0 -g3 -Wall -c -fmessage-length=0 -MMD -MP -MF"src/hwk1.d" -MT"src/hwk1.d" -o "src/hwk1.o" "../src/hwk1.cpp"
../src/hwk1.cpp: In function 'void read()':
../src/hwk1.cpp:33:25: error: invalid use of member function (did you forget the '()' ?)
  char txt[text.length * 1024] = text.c_str();
                         ^
make: *** [src/hwk1.o] Error 1
src/subdir.mk:18: recipe for target 'src/hwk1.o' failed
17:43:20 **** Incremental Build of configuration Debug for project lab3 ****
make all 
make: Nothing to be done for 'all'.
17:43:42 **** Incremental Build of configuration Debug for project hwk1 ****
make all 
Building file: ../src/hwk1.cpp
Invoking: GCC C++ Compiler
g++ -O0 -g3 -Wall -c -fmessage-length=0 -MMD -MP -MF"src/hwk1.d" -MT"src/hwk1.d" -o "src/hwk1.o" "../src/hwk1.cpp"
../src/hwk1.cpp: In function 'void read()':
../src/hwk1.cpp:33:46: error: array must be initialized with a brace-enclosed initializer
  char txt[text.length() * 1024] = text.c_str();
                                              ^
../src/hwk1.cpp:33:7: warning: unused variable 'txt' [-Wunused-variable]
  char txt[text.length() * 1024] = text.c_str();
       ^
make: *** [src/hwk1.o] Error 1
src/subdir.mk:18: recipe for target 'src/hwk1.o' failed
17:43:42 **** Incremental Build of configuration Debug for project lab3 ****
make all 
make: Nothing to be done for 'all'.
17:44:57 **** Incremental Build of configuration Debug for project hwk1 ****
make all 
Building file: ../src/hwk1.cpp
Invoking: GCC C++ Compiler
g++ -O0 -g3 -Wall -c -fmessage-length=0 -MMD -MP -MF"src/hwk1.d" -MT"src/hwk1.d" -o "src/hwk1.o" "../src/hwk1.cpp"
../src/hwk1.cpp: In function 'void read()':
../src/hwk1.cpp:33:47: error: invalid conversion from 'const char*' to 'char' [-fpermissive]
  char txt[text.length() * 1024] = { text.c_str() };
                                               ^
../src/hwk1.cpp:33:7: warning: unused variable 'txt' [-Wunused-variable]
  char txt[text.length() * 1024] = { text.c_str() };
       ^
src/subdir.mk:18: recipe for target 'src/hwk1.o' failed
make: *** [src/hwk1.o] Error 1
17:44:58 **** Incremental Build of configuration Debug for project lab3 ****
make all 
make: Nothing to be done for 'all'.
17:45:11 **** Incremental Build of configuration Debug for project hwk1 ****
make all 
Building file: ../src/hwk1.cpp
Invoking: GCC C++ Compiler
g++ -O0 -g3 -Wall -c -fmessage-length=0 -MMD -MP -MF"src/hwk1.d" -MT"src/hwk1.d" -o "src/hwk1.o" "../src/hwk1.cpp"
../src/hwk1.cpp: In function 'void read()':
../src/hwk1.cpp:33:53: error: invalid conversion from 'const char*' to 'char' [-fpermissive]
  const char txt[text.length() * 1024] = { text.c_str() };
                                                     ^
../src/hwk1.cpp:33:13: warning: unused variable 'txt' [-Wunused-variable]
  const char txt[text.length() * 1024] = { text.c_str() };
             ^
make: *** [src/hwk1.o] Error 1
src/subdir.mk:18: recipe for target 'src/hwk1.o' failed
17:45:11 **** Incremental Build of configuration Debug for project lab3 ****
make all 
make: Nothing to be done for 'all'.
17:47:42 **** Incremental Build of configuration Debug for project hwk1 ****
make all 
Building file: ../src/hwk1.cpp
Invoking: GCC C++ Compiler
g++ -O0 -g3 -Wall -c -fmessage-length=0 -MMD -MP -MF"src/hwk1.d" -MT"src/hwk1.d" -o "src/hwk1.o" "../src/hwk1.cpp"
../src/hwk1.cpp: In function 'void read()':
../src/hwk1.cpp:33:53: error: invalid conversion from 'const char*' to 'char' [-fpermissive]
  const char txt[text.length() * 1024] = { text.c_str() };
                                                     ^
../src/hwk1.cpp:33:13: warning: unused variable 'txt' [-Wunused-variable]
  const char txt[text.length() * 1024] = { text.c_str() };
             ^
src/subdir.mk:18: recipe for target 'src/hwk1.o' failed
make: *** [src/hwk1.o] Error 1
17:47:43 **** Incremental Build of configuration Debug for project lab3 ****
make all 
make: Nothing to be done for 'all'.
17:49:38 **** Incremental Build of configuration Debug for project hwk1 ****
make all 
Building file: ../src/hwk1.cpp
Invoking: GCC C++ Compiler
g++ -O0 -g3 -Wall -c -fmessage-length=0 -MMD -MP -MF"src/hwk1.d" -MT"src/hwk1.d" -o "src/hwk1.o" "../src/hwk1.cpp"
../src/hwk1.cpp: In function 'void read()':
../src/hwk1.cpp:33:20: warning: range-based 'for' loops only available with -std=c++11 or -std=gnu++11
  for(char letter : text.c_str()) {
                    ^
../src/hwk1.cpp:33:11: warning: unused variable 'letter' [-Wunused-variable]
  for(char letter : text.c_str()) {
           ^
Finished building: ../src/hwk1.cpp
 
Building target: hwk1
Invoking: GCC C++ Linker
g++  -o "hwk1"  ./src/hwk1.o   
Finished building target: hwk1
 
17:49:38 **** Incremental Build of configuration Debug for project lab3 ****
make all 
make: Nothing to be done for 'all'.
17:51:16 **** Incremental Build of configuration Debug for project hwk1 ****
make all 
make: Nothing to be done for 'all'.
17:51:16 **** Incremental Build of configuration Debug for project lab3 ****
make all 
make: Nothing to be done for 'all'.
