09:32:31 **** Incremental Build of configuration Debug for project prog02 ****
make all 
make: Nothing to be done for 'all'.
09:39:13 **** Incremental Build of configuration Debug for project lab3 ****
make all 
make: Nothing to be done for 'all'.
09:39:13 **** Incremental Build of configuration Debug for project lab5 ****
make all 
make: Nothing to be done for 'all'.
09:39:13 **** Incremental Build of configuration Debug for project prog01 ****
make all 
make: Nothing to be done for 'all'.
09:39:13 **** Incremental Build of configuration Debug for project prog02 ****
make all 
Building file: ../src/prog02lib.cpp
Invoking: GCC C++ Compiler
g++ -O0 -g3 -Wall -c -fmessage-length=0 -MMD -MP -MF"src/prog02lib.d" -MT"src/prog02lib.d" -o "src/prog02lib.o" "../src/prog02lib.cpp"
Finished building: ../src/prog02lib.cpp
 
Building target: prog02
Invoking: GCC C++ Linker
g++  -o "prog02"  ./src/prog02.o ./src/prog02lib.o   
Finished building target: prog02
 
09:41:36 **** Incremental Build of configuration Debug for project lab3 ****
make all 
make: Nothing to be done for 'all'.
09:41:36 **** Incremental Build of configuration Debug for project lab5 ****
make all 
make: Nothing to be done for 'all'.
09:41:36 **** Incremental Build of configuration Debug for project prog01 ****
make all 
make: Nothing to be done for 'all'.
09:41:36 **** Incremental Build of configuration Debug for project prog02 ****
make all 
Building file: ../src/prog02.cpp
Invoking: GCC C++ Compiler
g++ -O0 -g3 -Wall -c -fmessage-length=0 -MMD -MP -MF"src/prog02.d" -MT"src/prog02.d" -o "src/prog02.o" "../src/prog02.cpp"
Finished building: ../src/prog02.cpp
 
Building file: ../src/prog02lib.cpp
Invoking: GCC C++ Compiler
g++ -O0 -g3 -Wall -c -fmessage-length=0 -MMD -MP -MF"src/prog02lib.d" -MT"src/prog02lib.d" -o "src/prog02lib.o" "../src/prog02lib.cpp"
Finished building: ../src/prog02lib.cpp
 
Building target: prog02
Invoking: GCC C++ Linker
g++  -o "prog02"  ./src/prog02.o ./src/prog02lib.o   
Finished building target: prog02
 
09:42:18 **** Incremental Build of configuration Debug for project lab3 ****
make all 
make: Nothing to be done for 'all'.
09:42:18 **** Incremental Build of configuration Debug for project lab5 ****
make all 
make: Nothing to be done for 'all'.
09:42:18 **** Incremental Build of configuration Debug for project prog01 ****
make all 
make: Nothing to be done for 'all'.
09:42:19 **** Incremental Build of configuration Debug for project prog02 ****
make all 
Building file: ../src/prog02.cpp
Invoking: GCC C++ Compiler
g++ -O0 -g3 -Wall -c -fmessage-length=0 -MMD -MP -MF"src/prog02.d" -MT"src/prog02.d" -o "src/prog02.o" "../src/prog02.cpp"
../src/prog02.cpp: In function 'int main()':
../src/prog02.cpp:15:5: error: 'SpellCheck' was not declared in this scope
     SpellCheck checker;
     ^
make: *** [src/prog02.o] Error 1
src/subdir.mk:21: recipe for target 'src/prog02.o' failed
09:45:12 **** Incremental Build of configuration Debug for project lab3 ****
make all 
make: Nothing to be done for 'all'.
09:45:12 **** Incremental Build of configuration Debug for project lab5 ****
make all 
make: Nothing to be done for 'all'.
09:45:12 **** Incremental Build of configuration Debug for project prog01 ****
make all 
make: Nothing to be done for 'all'.
09:45:12 **** Incremental Build of configuration Debug for project prog02 ****
make all 
Building file: ../src/prog02.cpp
Invoking: GCC C++ Compiler
g++ -O0 -g3 -Wall -c -fmessage-length=0 -MMD -MP -MF"src/prog02.d" -MT"src/prog02.d" -o "src/prog02.o" "../src/prog02.cpp"
../src/prog02.cpp: In function 'int main()':
../src/prog02.cpp:15:16: warning: unused variable 'checker' [-Wunused-variable]
     SpellCheck checker;
                ^
Finished building: ../src/prog02.cpp
 
Building file: ../src/prog02lib.cpp
Invoking: GCC C++ Compiler
g++ -O0 -g3 -Wall -c -fmessage-length=0 -MMD -MP -MF"src/prog02lib.d" -MT"src/prog02lib.d" -o "src/prog02lib.o" "../src/prog02lib.cpp"
Finished building: ../src/prog02lib.cpp
 
Building target: prog02
Invoking: GCC C++ Linker
g++  -o "prog02"  ./src/prog02.o ./src/prog02lib.o   
Finished building target: prog02
 
09:46:09 **** Incremental Build of configuration Debug for project lab3 ****
make all 
make: Nothing to be done for 'all'.
09:46:09 **** Incremental Build of configuration Debug for project lab5 ****
make all 
make: Nothing to be done for 'all'.
09:46:09 **** Incremental Build of configuration Debug for project prog01 ****
make all 
make: Nothing to be done for 'all'.
09:46:09 **** Incremental Build of configuration Debug for project prog02 ****
make all 
Building file: ../src/prog02.cpp
Invoking: GCC C++ Compiler
g++ -O0 -g3 -Wall -c -fmessage-length=0 -MMD -MP -MF"src/prog02.d" -MT"src/prog02.d" -o "src/prog02.o" "../src/prog02.cpp"
../src/prog02.cpp: In function 'int main()':
../src/prog02.cpp:15:16: warning: unused variable 'checker' [-Wunused-variable]
     SpellCheck checker;
                ^
Finished building: ../src/prog02.cpp
 
Building target: prog02
Invoking: GCC C++ Linker
g++  -o "prog02"  ./src/prog02.o ./src/prog02lib.o   
Finished building target: prog02
 
09:50:03 **** Incremental Build of configuration Debug for project lab3 ****
make all 
make: Nothing to be done for 'all'.
09:50:03 **** Incremental Build of configuration Debug for project lab5 ****
make all 
make: Nothing to be done for 'all'.
09:50:03 **** Incremental Build of configuration Debug for project prog01 ****
make all 
make: Nothing to be done for 'all'.
09:50:03 **** Incremental Build of configuration Debug for project prog02 ****
make all 
Building file: ../src/prog02.cpp
Invoking: GCC C++ Compiler
g++ -O0 -g3 -Wall -c -fmessage-length=0 -MMD -MP -MF"src/prog02.d" -MT"src/prog02.d" -o "src/prog02.o" "../src/prog02.cpp"
Finished building: ../src/prog02.cpp
 
Building file: ../src/prog02lib.cpp
Invoking: GCC C++ Compiler
g++ -O0 -g3 -Wall -c -fmessage-length=0 -MMD -MP -MF"src/prog02lib.d" -MT"src/prog02lib.d" -o "src/prog02lib.o" "../src/prog02lib.cpp"
Finished building: ../src/prog02lib.cpp
 
Building target: prog02
Invoking: GCC C++ Linker
g++  -o "prog02"  ./src/prog02.o ./src/prog02lib.o   
Finished building target: prog02
 
09:56:34 **** Incremental Build of configuration Debug for project lab3 ****
make all 
make: Nothing to be done for 'all'.
09:56:35 **** Incremental Build of configuration Debug for project lab5 ****
make all 
make: Nothing to be done for 'all'.
09:56:35 **** Incremental Build of configuration Debug for project prog01 ****
make all 
make: Nothing to be done for 'all'.
09:56:35 **** Incremental Build of configuration Debug for project prog02 ****
make all 
Building file: ../src/prog02.cpp
Invoking: GCC C++ Compiler
g++ -O0 -g3 -Wall -c -fmessage-length=0 -MMD -MP -MF"src/prog02.d" -MT"src/prog02.d" -o "src/prog02.o" "../src/prog02.cpp"
../src/prog02.cpp: In function 'int main()':
../src/prog02.cpp:23:34: error: 'null' was not declared in this scope
        checker.bad_word(word, 0, null);
                                  ^
make: *** [src/prog02.o] Error 1
src/subdir.mk:21: recipe for target 'src/prog02.o' failed
09:57:09 **** Incremental Build of configuration Debug for project lab3 ****
make all 
make: Nothing to be done for 'all'.
09:57:09 **** Incremental Build of configuration Debug for project lab5 ****
make all 
make: Nothing to be done for 'all'.
09:57:09 **** Incremental Build of configuration Debug for project prog01 ****
make all 
make: Nothing to be done for 'all'.
09:57:09 **** Incremental Build of configuration Debug for project prog02 ****
make all 
Building file: ../src/prog02.cpp
Invoking: GCC C++ Compiler
g++ -O0 -g3 -Wall -c -fmessage-length=0 -MMD -MP -MF"src/prog02.d" -MT"src/prog02.d" -o "src/prog02.o" "../src/prog02.cpp"
../src/prog02.cpp:23:8: warning: identifier 'nullptr' is a keyword in C++11 [-Wc++0x-compat]
        checker.bad_word(word, 0, nullptr);
        ^
../src/prog02.cpp: In function 'int main()':
../src/prog02.cpp:23:34: error: 'nullptr' was not declared in this scope
        checker.bad_word(word, 0, nullptr);
                                  ^
src/subdir.mk:21: recipe for target 'src/prog02.o' failed
make: *** [src/prog02.o] Error 1
10:01:00 **** Incremental Build of configuration Debug for project lab3 ****
make all 
make: Nothing to be done for 'all'.
10:01:00 **** Incremental Build of configuration Debug for project lab5 ****
make all 
make: Nothing to be done for 'all'.
10:01:00 **** Incremental Build of configuration Debug for project prog01 ****
make all 
make: Nothing to be done for 'all'.
10:01:00 **** Incremental Build of configuration Debug for project prog02 ****
make all 
Building file: ../src/prog02.cpp
Invoking: GCC C++ Compiler
g++ -O0 -g3 -Wall -c -fmessage-length=0 -MMD -MP -MF"src/prog02.d" -MT"src/prog02.d" -o "src/prog02.o" "../src/prog02.cpp"
In file included from /usr/include/c++/5.3.0/iostream:39:0,
                 from ../src/prog02.h:4,
                 from ../src/prog02.cpp:1:
/usr/include/c++/5.3.0/ostream: In function 'int main()':
/usr/include/c++/5.3.0/ostream:384:7: error: 'std::basic_ostream<_CharT, _Traits>::basic_ostream() [with _CharT = char; _Traits = std::char_traits<char>]' is protected
       basic_ostream()
       ^
../src/prog02.cpp:23:16: error: within this context
        ostream out;
                ^
../src/prog02.cpp:24:34: error: 'out' was not declared in this scope
        checker.bad_word(word, 0, out&);
                                  ^
../src/prog02.cpp:24:38: error: expected primary-expression before ')' token
        checker.bad_word(word, 0, out&);
                                      ^
make: *** [src/prog02.o] Error 1
src/subdir.mk:21: recipe for target 'src/prog02.o' failed
10:01:06 **** Incremental Build of configuration Debug for project lab3 ****
make all 
make: Nothing to be done for 'all'.
10:01:06 **** Incremental Build of configuration Debug for project lab5 ****
make all 
make: Nothing to be done for 'all'.
10:01:06 **** Incremental Build of configuration Debug for project prog01 ****
make all 
make: Nothing to be done for 'all'.
10:01:06 **** Incremental Build of configuration Debug for project prog02 ****
make all 
Building file: ../src/prog02.cpp
Invoking: GCC C++ Compiler
g++ -O0 -g3 -Wall -c -fmessage-length=0 -MMD -MP -MF"src/prog02.d" -MT"src/prog02.d" -o "src/prog02.o" "../src/prog02.cpp"
In file included from /usr/include/c++/5.3.0/iostream:39:0,
                 from ../src/prog02.h:4,
                 from ../src/prog02.cpp:1:
/usr/include/c++/5.3.0/ostream: In function 'int main()':
/usr/include/c++/5.3.0/ostream:384:7: error: 'std::basic_ostream<_CharT, _Traits>::basic_ostream() [with _CharT = char; _Traits = std::char_traits<char>]' is protected
       basic_ostream()
       ^
../src/prog02.cpp:23:16: error: within this context
        ostream out;
                ^
../src/prog02.cpp:24:34: error: 'out' was not declared in this scope
        checker.bad_word(word, 0, out&);
                                  ^
../src/prog02.cpp:24:38: error: expected primary-expression before ')' token
        checker.bad_word(word, 0, out&);
                                      ^
make: *** [src/prog02.o] Error 1
src/subdir.mk:21: recipe for target 'src/prog02.o' failed
10:01:34 **** Incremental Build of configuration Debug for project lab3 ****
make all 
make: Nothing to be done for 'all'.
10:01:34 **** Incremental Build of configuration Debug for project lab5 ****
make all 
make: Nothing to be done for 'all'.
10:01:34 **** Incremental Build of configuration Debug for project prog01 ****
make all 
make: Nothing to be done for 'all'.
10:01:35 **** Incremental Build of configuration Debug for project prog02 ****
make all 
Building file: ../src/prog02.cpp
Invoking: GCC C++ Compiler
g++ -O0 -g3 -Wall -c -fmessage-length=0 -MMD -MP -MF"src/prog02.d" -MT"src/prog02.d" -o "src/prog02.o" "../src/prog02.cpp"
../src/prog02.cpp: In function 'int main()':
../src/prog02.cpp:23:21: error: 'fb' was not declared in this scope
        ostream out(&fb);
                     ^
../src/prog02.cpp:24:34: error: 'out' was not declared in this scope
        checker.bad_word(word, 0, out&);
                                  ^
../src/prog02.cpp:24:38: error: expected primary-expression before ')' token
        checker.bad_word(word, 0, out&);
                                      ^
src/subdir.mk:21: recipe for target 'src/prog02.o' failed
make: *** [src/prog02.o] Error 1
10:01:56 **** Incremental Build of configuration Debug for project lab3 ****
make all 
make: Nothing to be done for 'all'.
10:01:56 **** Incremental Build of configuration Debug for project lab5 ****
make all 
make: Nothing to be done for 'all'.
10:01:56 **** Incremental Build of configuration Debug for project prog01 ****
make all 
make: Nothing to be done for 'all'.
10:01:56 **** Incremental Build of configuration Debug for project prog02 ****
make all 
Building file: ../src/prog02.cpp
Invoking: GCC C++ Compiler
g++ -O0 -g3 -Wall -c -fmessage-length=0 -MMD -MP -MF"src/prog02.d" -MT"src/prog02.d" -o "src/prog02.o" "../src/prog02.cpp"
../src/prog02.cpp: In function 'int main()':
../src/prog02.cpp:23:19: error: expected initializer before '&' token
        ostream out&;
                   ^
../src/prog02.cpp:24:34: error: 'out' was not declared in this scope
        checker.bad_word(word, 0, out&);
                                  ^
../src/prog02.cpp:24:38: error: expected primary-expression before ')' token
        checker.bad_word(word, 0, out&);
                                      ^
src/subdir.mk:21: recipe for target 'src/prog02.o' failed
make: *** [src/prog02.o] Error 1
10:02:25 **** Incremental Build of configuration Debug for project lab3 ****
make all 
make: Nothing to be done for 'all'.
10:02:25 **** Incremental Build of configuration Debug for project lab5 ****
make all 
make: Nothing to be done for 'all'.
10:02:25 **** Incremental Build of configuration Debug for project prog01 ****
make all 
make: Nothing to be done for 'all'.
10:02:25 **** Incremental Build of configuration Debug for project prog02 ****
make all 
Building file: ../src/prog02.cpp
Invoking: GCC C++ Compiler
g++ -O0 -g3 -Wall -c -fmessage-length=0 -MMD -MP -MF"src/prog02.d" -MT"src/prog02.d" -o "src/prog02.o" "../src/prog02.cpp"
../src/prog02.cpp: In function 'int main()':
../src/prog02.cpp:24:34: error: 'out' was not declared in this scope
        checker.bad_word(word, 0, out&);
                                  ^
../src/prog02.cpp:24:38: error: expected primary-expression before ')' token
        checker.bad_word(word, 0, out&);
                                      ^
make: *** [src/prog02.o] Error 1
src/subdir.mk:21: recipe for target 'src/prog02.o' failed
10:02:44 **** Incremental Build of configuration Debug for project lab3 ****
make all 
make: Nothing to be done for 'all'.
10:02:44 **** Incremental Build of configuration Debug for project lab5 ****
make all 
make: Nothing to be done for 'all'.
10:02:44 **** Incremental Build of configuration Debug for project prog01 ****
make all 
make: Nothing to be done for 'all'.
10:02:44 **** Incremental Build of configuration Debug for project prog02 ****
make all 
Building file: ../src/prog02.cpp
Invoking: GCC C++ Compiler
g++ -O0 -g3 -Wall -c -fmessage-length=0 -MMD -MP -MF"src/prog02.d" -MT"src/prog02.d" -o "src/prog02.o" "../src/prog02.cpp"
../src/prog02.cpp: In function 'int main()':
../src/prog02.cpp:24:34: error: 'out' was not declared in this scope
        checker.bad_word(word, 0, out&);
                                  ^
../src/prog02.cpp:24:38: error: expected primary-expression before ')' token
        checker.bad_word(word, 0, out&);
                                      ^
src/subdir.mk:21: recipe for target 'src/prog02.o' failed
make: *** [src/prog02.o] Error 1
10:03:15 **** Incremental Build of configuration Debug for project lab3 ****
make all 
make: Nothing to be done for 'all'.
10:03:16 **** Incremental Build of configuration Debug for project lab5 ****
make all 
make: Nothing to be done for 'all'.
10:03:16 **** Incremental Build of configuration Debug for project prog01 ****
make all 
make: Nothing to be done for 'all'.
10:03:16 **** Incremental Build of configuration Debug for project prog02 ****
make all 
Building file: ../src/prog02.cpp
Invoking: GCC C++ Compiler
g++ -O0 -g3 -Wall -c -fmessage-length=0 -MMD -MP -MF"src/prog02.d" -MT"src/prog02.d" -o "src/prog02.o" "../src/prog02.cpp"
../src/prog02.cpp: In function 'int main()':
../src/prog02.cpp:24:38: error: expected primary-expression before ')' token
        checker.bad_word(word, 0, out&);
                                      ^
src/subdir.mk:21: recipe for target 'src/prog02.o' failed
make: *** [src/prog02.o] Error 1
10:03:37 **** Incremental Build of configuration Debug for project lab3 ****
make all 
make: Nothing to be done for 'all'.
10:03:37 **** Incremental Build of configuration Debug for project lab5 ****
make all 
make: Nothing to be done for 'all'.
10:03:37 **** Incremental Build of configuration Debug for project prog01 ****
make all 
make: Nothing to be done for 'all'.
10:03:37 **** Incremental Build of configuration Debug for project prog02 ****
make all 
Building file: ../src/prog02.cpp
Invoking: GCC C++ Compiler
g++ -O0 -g3 -Wall -c -fmessage-length=0 -MMD -MP -MF"src/prog02.d" -MT"src/prog02.d" -o "src/prog02.o" "../src/prog02.cpp"
../src/prog02.cpp: In function 'int main()':
../src/prog02.cpp:24:38: error: expected primary-expression before ')' token
        checker.bad_word(word, 0, out&);
                                      ^
src/subdir.mk:21: recipe for target 'src/prog02.o' failed
make: *** [src/prog02.o] Error 1
10:06:06 **** Incremental Build of configuration Debug for project lab3 ****
make all 
make: Nothing to be done for 'all'.
10:06:06 **** Incremental Build of configuration Debug for project lab5 ****
make all 
make: Nothing to be done for 'all'.
10:06:07 **** Incremental Build of configuration Debug for project prog01 ****
make all 
make: Nothing to be done for 'all'.
10:06:07 **** Incremental Build of configuration Debug for project prog02 ****
make all 
Building file: ../src/prog02.cpp
Invoking: GCC C++ Compiler
g++ -O0 -g3 -Wall -c -fmessage-length=0 -MMD -MP -MF"src/prog02.d" -MT"src/prog02.d" -o "src/prog02.o" "../src/prog02.cpp"
../src/prog02.cpp: In function 'int main()':
../src/prog02.cpp:24:38: error: expected primary-expression before ')' token
        checker.bad_word(word, 0, out&);
                                      ^
src/subdir.mk:21: recipe for target 'src/prog02.o' failed
make: *** [src/prog02.o] Error 1
10:06:19 **** Incremental Build of configuration Debug for project lab3 ****
make all 
make: Nothing to be done for 'all'.
10:06:19 **** Incremental Build of configuration Debug for project lab5 ****
make all 
make: Nothing to be done for 'all'.
10:06:19 **** Incremental Build of configuration Debug for project prog01 ****
make all 
make: Nothing to be done for 'all'.
10:06:19 **** Incremental Build of configuration Debug for project prog02 ****
make all 
Building file: ../src/prog02.cpp
Invoking: GCC C++ Compiler
g++ -O0 -g3 -Wall -c -fmessage-length=0 -MMD -MP -MF"src/prog02.d" -MT"src/prog02.d" -o "src/prog02.o" "../src/prog02.cpp"
../src/prog02.cpp: In function 'int main()':
../src/prog02.cpp:24:38: error: expected primary-expression before ')' token
        checker.bad_word(word, 0, out&);
                                      ^
src/subdir.mk:21: recipe for target 'src/prog02.o' failed
make: *** [src/prog02.o] Error 1
10:07:28 **** Incremental Build of configuration Debug for project lab3 ****
make all 
make: Nothing to be done for 'all'.
10:07:28 **** Incremental Build of configuration Debug for project lab5 ****
make all 
make: Nothing to be done for 'all'.
10:07:28 **** Incremental Build of configuration Debug for project prog01 ****
make all 
make: Nothing to be done for 'all'.
10:07:28 **** Incremental Build of configuration Debug for project prog02 ****
make all 
Building file: ../src/prog02.cpp
Invoking: GCC C++ Compiler
g++ -O0 -g3 -Wall -c -fmessage-length=0 -MMD -MP -MF"src/prog02.d" -MT"src/prog02.d" -o "src/prog02.o" "../src/prog02.cpp"
Finished building: ../src/prog02.cpp
 
Building file: ../src/prog02lib.cpp
Invoking: GCC C++ Compiler
g++ -O0 -g3 -Wall -c -fmessage-length=0 -MMD -MP -MF"src/prog02lib.d" -MT"src/prog02lib.d" -o "src/prog02lib.o" "../src/prog02lib.cpp"
Finished building: ../src/prog02lib.cpp
 
Building target: prog02
Invoking: GCC C++ Linker
g++  -o "prog02"  ./src/prog02.o ./src/prog02lib.o   
Finished building target: prog02
 
14:20:18 **** Incremental Build of configuration Debug for project lab3 ****
make all 
make: Nothing to be done for 'all'.
14:20:18 **** Incremental Build of configuration Debug for project lab5 ****
make all 
make: Nothing to be done for 'all'.
14:20:18 **** Build of configuration Debug for project lab6 ****
make all 
Building file: ../lab6.cpp
Invoking: GCC C++ Compiler
g++ -O0 -g3 -Wall -c -fmessage-length=0 -MMD -MP -MF"lab6.d" -MT"lab6.d" -o "lab6.o" "../lab6.cpp"
../lab6.cpp: In function 'int main(int, char**)':
../lab6.cpp:4:27: error: request for member 'size' in '* argv', which is of non-class type 'char*'
  for(int i = 0; i < argv->size; i++) {
                           ^
make: *** [lab6.o] Error 1
subdir.mk:18: recipe for target 'lab6.o' failed
14:20:19 **** Incremental Build of configuration Debug for project prog01 ****
make all 
make: Nothing to be done for 'all'.
14:20:19 **** Build of configuration Debug for project prog02 ****
make all 
make: Nothing to be done for 'all'.
14:20:49 **** Incremental Build of configuration Debug for project lab3 ****
make all 
make: Nothing to be done for 'all'.
14:20:49 **** Incremental Build of configuration Debug for project lab5 ****
make all 
make: Nothing to be done for 'all'.
14:20:49 **** Incremental Build of configuration Debug for project lab6 ****
make all 
Building file: ../lab6.cpp
Invoking: GCC C++ Compiler
g++ -O0 -g3 -Wall -c -fmessage-length=0 -MMD -MP -MF"lab6.d" -MT"lab6.d" -o "lab6.o" "../lab6.cpp"
Finished building: ../lab6.cpp
 
Building target: lab6
Invoking: GCC C++ Linker
g++  -o "lab6"  ./lab6.o   
Finished building target: lab6
 
14:20:50 **** Incremental Build of configuration Debug for project prog01 ****
make all 
make: Nothing to be done for 'all'.
14:20:50 **** Incremental Build of configuration Debug for project prog02 ****
make all 
make: Nothing to be done for 'all'.
14:23:21 **** Incremental Build of configuration Debug for project lab3 ****
make all 
make: Nothing to be done for 'all'.
14:23:21 **** Incremental Build of configuration Debug for project lab5 ****
make all 
make: Nothing to be done for 'all'.
14:23:21 **** Incremental Build of configuration Debug for project lab6 ****
make all 
Building file: ../lab6.cpp
Invoking: GCC C++ Compiler
g++ -O0 -g3 -Wall -c -fmessage-length=0 -MMD -MP -MF"lab6.d" -MT"lab6.d" -o "lab6.o" "../lab6.cpp"
../lab6.cpp: In function 'int main(int, char**)':
../lab6.cpp:8:31: error: 'strcmp' was not declared in this scope
   if(strcmp(argv[i], argv[i+1]) > 1) {
                               ^
make: *** [lab6.o] Error 1
subdir.mk:18: recipe for target 'lab6.o' failed
14:23:22 **** Incremental Build of configuration Debug for project prog01 ****
make all 
make: Nothing to be done for 'all'.
14:23:22 **** Incremental Build of configuration Debug for project prog02 ****
make all 
make: Nothing to be done for 'all'.
14:23:44 **** Incremental Build of configuration Debug for project lab3 ****
make all 
make: Nothing to be done for 'all'.
14:23:44 **** Incremental Build of configuration Debug for project lab5 ****
make all 
make: Nothing to be done for 'all'.
14:23:44 **** Incremental Build of configuration Debug for project lab6 ****
make all 
Building file: ../lab6.cpp
Invoking: GCC C++ Compiler
g++ -O0 -g3 -Wall -c -fmessage-length=0 -MMD -MP -MF"lab6.d" -MT"lab6.d" -o "lab6.o" "../lab6.cpp"
Finished building: ../lab6.cpp
 
Building target: lab6
Invoking: GCC C++ Linker
g++  -o "lab6"  ./lab6.o   
Finished building target: lab6
 
14:23:44 **** Incremental Build of configuration Debug for project prog01 ****
make all 
make: Nothing to be done for 'all'.
14:23:45 **** Incremental Build of configuration Debug for project prog02 ****
make all 
make: Nothing to be done for 'all'.
14:24:40 **** Incremental Build of configuration Debug for project lab3 ****
make all 
make: Nothing to be done for 'all'.
14:24:40 **** Incremental Build of configuration Debug for project lab5 ****
make all 
make: Nothing to be done for 'all'.
14:24:40 **** Incremental Build of configuration Debug for project lab6 ****
make all 
make: Nothing to be done for 'all'.
14:24:40 **** Incremental Build of configuration Debug for project prog01 ****
make all 
make: Nothing to be done for 'all'.
14:24:40 **** Incremental Build of configuration Debug for project prog02 ****
make all 
make: Nothing to be done for 'all'.
15:15:31 **** Incremental Build of configuration Debug for project lab3 ****
make all 
make: Nothing to be done for 'all'.
15:15:31 **** Incremental Build of configuration Debug for project lab5 ****
make all 
make: Nothing to be done for 'all'.
15:15:31 **** Build of configuration Debug for project lab6 ****
make all 
Building file: ../lab6.cpp
Invoking: GCC C++ Compiler
g++ -O0 -g3 -Wall -c -fmessage-length=0 -MMD -MP -MF"lab6.d" -MT"lab6.d" -o "lab6.o" "../lab6.cpp"
Finished building: ../lab6.cpp
 
Building target: lab6
Invoking: GCC C++ Linker
g++  -o "lab6"  ./lab6.o   
Finished building target: lab6
 
15:15:31 **** Incremental Build of configuration Debug for project prog01 ****
make all 
make: Nothing to be done for 'all'.
15:15:31 **** Incremental Build of configuration Debug for project prog02 ****
make all 
Building file: ../prog02.cpp
Invoking: GCC C++ Compiler
g++ -O0 -g3 -Wall -c -fmessage-length=0 -MMD -MP -MF"prog02.d" -MT"prog02.d" -o "prog02.o" "../prog02.cpp"
Finished building: ../prog02.cpp
 
Building file: ../prog02lib.cpp
Invoking: GCC C++ Compiler
g++ -O0 -g3 -Wall -c -fmessage-length=0 -MMD -MP -MF"prog02lib.d" -MT"prog02lib.d" -o "prog02lib.o" "../prog02lib.cpp"
Finished building: ../prog02lib.cpp
 
Building target: prog02
Invoking: GCC C++ Linker
g++  -o "prog02"  ./prog02.o ./prog02lib.o   
Finished building target: prog02
 
15:15:41 **** Incremental Build of configuration Debug for project lab3 ****
make all 
make: Nothing to be done for 'all'.
15:15:41 **** Incremental Build of configuration Debug for project lab5 ****
make all 
make: Nothing to be done for 'all'.
15:15:41 **** Incremental Build of configuration Debug for project lab6 ****
make all 
make: Nothing to be done for 'all'.
15:15:41 **** Incremental Build of configuration Debug for project prog01 ****
make all 
make: Nothing to be done for 'all'.
15:15:41 **** Clean-only build of configuration Debug for project prog02 ****
make clean 
rm -rf  ./prog02.o ./prog02lib.o  ./prog02.d ./prog02lib.d  prog02
 
15:15:42 **** Incremental Build of configuration Debug for project prog02 ****
make all 
Building file: ../prog02.cpp
Invoking: GCC C++ Compiler
g++ -O0 -g3 -Wall -c -fmessage-length=0 -MMD -MP -MF"prog02.d" -MT"prog02.d" -o "prog02.o" "../prog02.cpp"
Finished building: ../prog02.cpp
 
Building file: ../prog02lib.cpp
Invoking: GCC C++ Compiler
g++ -O0 -g3 -Wall -c -fmessage-length=0 -MMD -MP -MF"prog02lib.d" -MT"prog02lib.d" -o "prog02lib.o" "../prog02lib.cpp"
Finished building: ../prog02lib.cpp
 
Building target: prog02
Invoking: GCC C++ Linker
g++  -o "prog02"  ./prog02.o ./prog02lib.o   
Finished building target: prog02
 
15:15:46 **** Incremental Build of configuration Debug for project lab3 ****
make all 
make: Nothing to be done for 'all'.
15:15:46 **** Incremental Build of configuration Debug for project lab5 ****
make all 
make: Nothing to be done for 'all'.
15:15:46 **** Incremental Build of configuration Debug for project lab6 ****
make all 
make: Nothing to be done for 'all'.
15:15:47 **** Incremental Build of configuration Debug for project prog01 ****
make all 
make: Nothing to be done for 'all'.
15:15:47 **** Incremental Build of configuration Debug for project prog02 ****
make all 
make: Nothing to be done for 'all'.
15:39:46 **** Incremental Build of configuration Debug for project lab3 ****
make all 
make: Nothing to be done for 'all'.
15:39:46 **** Incremental Build of configuration Debug for project lab5 ****
make all 
make: Nothing to be done for 'all'.
15:39:46 **** Incremental Build of configuration Debug for project lab6 ****
make all 
Building file: ../lab6.cpp
Invoking: GCC C++ Compiler
g++ -O0 -g3 -Wall -c -fmessage-length=0 -MMD -MP -MF"lab6.d" -MT"lab6.d" -o "lab6.o" "../lab6.cpp"
Finished building: ../lab6.cpp
 
Building target: lab6
Invoking: GCC C++ Linker
g++  -o "lab6"  ./lab6.o   
Finished building target: lab6
 
15:39:47 **** Incremental Build of configuration Debug for project prog01 ****
make all 
make: Nothing to be done for 'all'.
15:39:47 **** Incremental Build of configuration Debug for project prog02 ****
make all 
make: Nothing to be done for 'all'.
15:40:48 **** Incremental Build of configuration Debug for project lab3 ****
make all 
make: Nothing to be done for 'all'.
15:40:48 **** Incremental Build of configuration Debug for project lab5 ****
make all 
make: Nothing to be done for 'all'.
15:40:48 **** Incremental Build of configuration Debug for project lab6 ****
make all 
make: Nothing to be done for 'all'.
15:40:48 **** Incremental Build of configuration Debug for project prog01 ****
make all 
Building file: ../src/hwk1.cpp
Invoking: GCC C++ Compiler
g++ -O0 -g3 -Wall -c -fmessage-length=0 -MMD -MP -MF"src/hwk1.d" -MT"src/hwk1.d" -o "src/hwk1.o" "../src/hwk1.cpp"
Finished building: ../src/hwk1.cpp
 
Building target: prog01
Invoking: GCC C++ Linker
g++  -o "prog01"  ./src/hwk1.o   
Finished building target: prog01
 
15:40:48 **** Incremental Build of configuration Debug for project prog02 ****
make all 
make: Nothing to be done for 'all'.
15:42:01 **** Incremental Build of configuration Debug for project lab3 ****
make all 
make: Nothing to be done for 'all'.
15:42:01 **** Incremental Build of configuration Debug for project lab5 ****
make all 
make: Nothing to be done for 'all'.
15:42:01 **** Incremental Build of configuration Debug for project lab6 ****
make all 
make: Nothing to be done for 'all'.
15:42:01 **** Incremental Build of configuration Debug for project prog01 ****
make all 
make: Nothing to be done for 'all'.
15:42:02 **** Incremental Build of configuration Debug for project prog02 ****
make all 
Building file: ../prog02.cpp
Invoking: GCC C++ Compiler
g++ -O0 -g3 -Wall -c -fmessage-length=0 -MMD -MP -MF"prog02.d" -MT"prog02.d" -o "prog02.o" "../prog02.cpp"
../prog02.cpp: In function 'int main()':
../prog02.cpp:22:32: error: no matching function for call to 'getline(std::ifstream&, int&)'
      while(getline(stream, line)) {
                                ^
In file included from /usr/include/c++/5.3.0/cstdio:42:0,
                 from /usr/include/c++/5.3.0/fstream:41,
                 from ../prog02.h:5,
                 from ../prog02.cpp:1:
/usr/include/stdio.h:678:20: note: candidate: __ssize_t getline(char**, size_t*, FILE*)
 extern _IO_ssize_t getline (char **__restrict __lineptr,
                    ^
/usr/include/stdio.h:678:20: note:   candidate expects 3 arguments, 2 provided
In file included from /usr/include/c++/5.3.0/string:52:0,
                 from /usr/include/c++/5.3.0/bits/locale_classes.h:40,
                 from /usr/include/c++/5.3.0/bits/ios_base.h:41,
                 from /usr/include/c++/5.3.0/ios:42,
                 from /usr/include/c++/5.3.0/ostream:38,
                 from /usr/include/c++/5.3.0/iostream:39,
                 from ../prog02.h:4,
                 from ../prog02.cpp:1:
/usr/include/c++/5.3.0/bits/basic_string.h:5212:5: note: candidate: template<class _CharT, class _Traits, class _Alloc> std::basic_istream<_CharT, _Traits>& std::getline(std::basic_istream<_CharT, _Traits>&, std::__cxx11::basic_string<_CharT, _Traits, _Alloc>&)
     getline(basic_istream<_CharT, _Traits>& __is,
     ^
/usr/include/c++/5.3.0/bits/basic_string.h:5212:5: note:   template argument deduction/substitution failed:
../prog02.cpp:22:32: note:   mismatched types 'std::__cxx11::basic_string<_CharT, _Traits, _Alloc>' and 'int'
      while(getline(stream, line)) {
                                ^
In file included from /usr/include/c++/5.3.0/string:53:0,
                 from /usr/include/c++/5.3.0/bits/locale_classes.h:40,
                 from /usr/include/c++/5.3.0/bits/ios_base.h:41,
                 from /usr/include/c++/5.3.0/ios:42,
subdir.mk:21: recipe for target 'prog02.o' failed
                 from /usr/include/c++/5.3.0/ostream:38,
                 from /usr/include/c++/5.3.0/iostream:39,
                 from ../prog02.h:4,
                 from ../prog02.cpp:1:
/usr/include/c++/5.3.0/bits/basic_string.tcc:1513:5: note: candidate: template<class _CharT, class _Traits, class _Alloc> std::basic_istream<_CharT, _Traits>& std::getline(std::basic_istream<_CharT, _Traits>&, std::__cxx11::basic_string<_CharT, _Traits, _Alloc>&, _CharT)
     getline(basic_istream<_CharT, _Traits>& __in,
     ^
/usr/include/c++/5.3.0/bits/basic_string.tcc:1513:5: note:   template argument deduction/substitution failed:
../prog02.cpp:22:32: note:   mismatched types 'std::__cxx11::basic_string<_CharT, _Traits, _Alloc>' and 'int'
      while(getline(stream, line)) {
                                ^
make: *** [prog02.o] Error 1
15:42:31 **** Incremental Build of configuration Debug for project lab3 ****
make all 
make: Nothing to be done for 'all'.
15:42:31 **** Incremental Build of configuration Debug for project lab5 ****
make all 
make: Nothing to be done for 'all'.
15:42:31 **** Incremental Build of configuration Debug for project lab6 ****
make all 
make: Nothing to be done for 'all'.
15:42:31 **** Incremental Build of configuration Debug for project prog01 ****
make all 
make: Nothing to be done for 'all'.
15:42:32 **** Incremental Build of configuration Debug for project prog02 ****
make all 
Building file: ../prog02.cpp
Invoking: GCC C++ Compiler
g++ -O0 -g3 -Wall -c -fmessage-length=0 -MMD -MP -MF"prog02.d" -MT"prog02.d" -o "prog02.o" "../prog02.cpp"
../prog02.cpp: In function 'int main()':
../prog02.cpp:22:32: error: no matching function for call to 'getline(std::ifstream&, int&)'
      while(getline(stream, line)) {
                                ^
In file included from /usr/include/c++/5.3.0/cstdio:42:0,
                 from /usr/include/c++/5.3.0/fstream:41,
                 from ../prog02.h:5,
                 from ../prog02.cpp:1:
/usr/include/stdio.h:678:20: note: candidate: __ssize_t getline(char**, size_t*, FILE*)
 extern _IO_ssize_t getline (char **__restrict __lineptr,
                    ^
/usr/include/stdio.h:678:20: note:   candidate expects 3 arguments, 2 provided
In file included from /usr/include/c++/5.3.0/string:52:0,
                 from /usr/include/c++/5.3.0/bits/locale_classes.h:40,
                 from /usr/include/c++/5.3.0/bits/ios_base.h:41,
                 from /usr/include/c++/5.3.0/ios:42,
                 from /usr/include/c++/5.3.0/ostream:38,
                 from /usr/include/c++/5.3.0/iostream:39,
                 from ../prog02.h:4,
                 from ../prog02.cpp:1:
/usr/include/c++/5.3.0/bits/basic_string.h:5212:5: note: candidate: template<class _CharT, class _Traits, class _Alloc> std::basic_istream<_CharT, _Traits>& std::getline(std::basic_istream<_CharT, _Traits>&, std::__cxx11::basic_string<_CharT, _Traits, _Alloc>&)
     getline(basic_istream<_CharT, _Traits>& __is,
     ^
/usr/include/c++/5.3.0/bits/basic_string.h:5212:5: note:   template argument deduction/substitution failed:
../prog02.cpp:22:32: note:   mismatched types 'std::__cxx11::basic_string<_CharT, _Traits, _Alloc>' and 'int'
      while(getline(stream, line)) {
                                ^
In file included from /usr/include/c++/5.3.0/string:53:0,
                 from /usr/include/c++/5.3.0/bits/locale_classes.h:40,
                 from /usr/include/c++/5.3.0/bits/ios_base.h:41,
                 from /usr/include/c++/5.3.0/ios:42,
                 from /usr/include/c++/5.3.0/ostream:38,
                 from /usr/include/c++/5.3.0/iostream:39,
                 from ../prog02.h:4,
                 from ../prog02.cpp:1:
/usr/include/c++/5.3.0/bits/basic_string.tcc:1513:5: note: candidate: template<class _CharT, class _Traits, class _Alloc> std::basic_istream<_CharT, _Traits>& std::getline(std::basic_istream<_CharT, _Traits>&, std::__cxx11::basic_string<_CharT, _Traits, _Alloc>&, _CharT)
     getline(basic_istream<_CharT, _Traits>& __in,
     ^
/usr/include/c++/5.3.0/bits/basic_string.tcc:1513:5: note:   template argument deduction/substitution failed:
../prog02.cpp:22:32: note:   mismatched types 'std::__cxx11::basic_string<_CharT, _Traits, _Alloc>' and 'int'
      while(getline(stream, line)) {
                                ^
subdir.mk:21: recipe for target 'prog02.o' failed
make: *** [prog02.o] Error 1
15:44:34 **** Incremental Build of configuration Debug for project lab3 ****
make all 
make: Nothing to be done for 'all'.
15:44:34 **** Incremental Build of configuration Debug for project lab5 ****
make all 
make: Nothing to be done for 'all'.
15:44:34 **** Incremental Build of configuration Debug for project lab6 ****
make all 
make: Nothing to be done for 'all'.
15:44:34 **** Incremental Build of configuration Debug for project prog01 ****
make all 
make: Nothing to be done for 'all'.
15:44:34 **** Incremental Build of configuration Debug for project prog02 ****
make all 
Building file: ../prog02.cpp
Invoking: GCC C++ Compiler
g++ -O0 -g3 -Wall -c -fmessage-length=0 -MMD -MP -MF"prog02.d" -MT"prog02.d" -o "prog02.o" "../prog02.cpp"
../prog02.cpp: In function 'int main()':
../prog02.cpp:23:6: error: expected ',' or ';' before 'while'
      while(getline(stream, line)) {
      ^
../prog02.cpp:20:17: warning: unused variable 'checker' [-Wunused-variable]
      SpellCheck checker;
                 ^
../prog02.cpp:22:10: warning: unused variable 'linenumber' [-Wunused-variable]
      int linenumber = 0
          ^
make: *** [prog02.o] Error 1
subdir.mk:21: recipe for target 'prog02.o' failed
15:44:51 **** Incremental Build of configuration Debug for project lab3 ****
make all 
make: Nothing to be done for 'all'.
15:44:51 **** Incremental Build of configuration Debug for project lab5 ****
make all 
make: Nothing to be done for 'all'.
15:44:51 **** Incremental Build of configuration Debug for project lab6 ****
make all 
make: Nothing to be done for 'all'.
15:44:51 **** Incremental Build of configuration Debug for project prog01 ****
make all 
make: Nothing to be done for 'all'.
15:44:52 **** Incremental Build of configuration Debug for project prog02 ****
make all 
Building file: ../prog02.cpp
Invoking: GCC C++ Compiler
g++ -O0 -g3 -Wall -c -fmessage-length=0 -MMD -MP -MF"prog02.d" -MT"prog02.d" -o "prog02.o" "../prog02.cpp"
../prog02.cpp: In function 'int main()':
../prog02.cpp:24:20: error: 'search' was not declared in this scope
       if(line.find(search) != string::npos)
                    ^
../prog02.cpp:25:47: error: 'lineNumber' was not declared in this scope
        cout << search << " found at line " << lineNumber << endl;
                                               ^
../prog02.cpp:26:8: error: 'lineNumber' was not declared in this scope
        lineNumber++;
        ^
../prog02.cpp:20:17: warning: unused variable 'checker' [-Wunused-variable]
      SpellCheck checker;
                 ^
../prog02.cpp:22:10: warning: unused variable 'linenumber' [-Wunused-variable]
      int linenumber = 0;
          ^
subdir.mk:21: recipe for target 'prog02.o' failed
make: *** [prog02.o] Error 1
15:45:00 **** Incremental Build of configuration Debug for project lab3 ****
make all 
make: Nothing to be done for 'all'.
15:45:00 **** Incremental Build of configuration Debug for project lab5 ****
make all 
make: Nothing to be done for 'all'.
15:45:00 **** Incremental Build of configuration Debug for project lab6 ****
make all 
make: Nothing to be done for 'all'.
15:45:00 **** Incremental Build of configuration Debug for project prog01 ****
make all 
make: Nothing to be done for 'all'.
15:45:00 **** Incremental Build of configuration Debug for project prog02 ****
make all 
Building file: ../prog02.cpp
Invoking: GCC C++ Compiler
g++ -O0 -g3 -Wall -c -fmessage-length=0 -MMD -MP -MF"prog02.d" -MT"prog02.d" -o "prog02.o" "../prog02.cpp"
../prog02.cpp: In function 'int main()':
../prog02.cpp:24:20: error: 'search' was not declared in this scope
       if(line.find(search) != string::npos)
                    ^
../prog02.cpp:25:47: error: 'lineNumber' was not declared in this scope
        cout << search << " found at line " << lineNumber << endl;
                                               ^
../prog02.cpp:26:7: error: 'lineNumber' was not declared in this scope
       lineNumber++;
       ^
../prog02.cpp:20:17: warning: unused variable 'checker' [-Wunused-variable]
      SpellCheck checker;
                 ^
../prog02.cpp:22:10: warning: unused variable 'linenumber' [-Wunused-variable]
      int linenumber = 0;
          ^
make: *** [prog02.o] Error 1
subdir.mk:21: recipe for target 'prog02.o' failed
15:45:17 **** Incremental Build of configuration Debug for project lab3 ****
make all 
make: Nothing to be done for 'all'.
15:45:17 **** Incremental Build of configuration Debug for project lab5 ****
make all 
make: Nothing to be done for 'all'.
15:45:17 **** Incremental Build of configuration Debug for project lab6 ****
make all 
make: Nothing to be done for 'all'.
15:45:17 **** Incremental Build of configuration Debug for project prog01 ****
make all 
make: Nothing to be done for 'all'.
15:45:17 **** Incremental Build of configuration Debug for project prog02 ****
make all 
Building file: ../prog02.cpp
Invoking: GCC C++ Compiler
g++ -O0 -g3 -Wall -c -fmessage-length=0 -MMD -MP -MF"prog02.d" -MT"prog02.d" -o "prog02.o" "../prog02.cpp"
../prog02.cpp: In function 'int main()':
../prog02.cpp:20:17: warning: unused variable 'checker' [-Wunused-variable]
      SpellCheck checker;
                 ^
Finished building: ../prog02.cpp
 
Building target: prog02
Invoking: GCC C++ Linker
g++  -o "prog02"  ./prog02.o ./prog02lib.o   
Finished building target: prog02
 
15:48:27 **** Incremental Build of configuration Debug for project lab3 ****
make all 
make: Nothing to be done for 'all'.
15:48:27 **** Incremental Build of configuration Debug for project lab5 ****
make all 
make: Nothing to be done for 'all'.
15:48:27 **** Incremental Build of configuration Debug for project lab6 ****
make all 
make: Nothing to be done for 'all'.
15:48:27 **** Incremental Build of configuration Debug for project prog01 ****
make all 
make: Nothing to be done for 'all'.
15:48:27 **** Incremental Build of configuration Debug for project prog02 ****
make all 
Building file: ../prog02.cpp
Invoking: GCC C++ Compiler
g++ -O0 -g3 -Wall -c -fmessage-length=0 -MMD -MP -MF"prog02.d" -MT"prog02.d" -o "prog02.o" "../prog02.cpp"
../prog02.cpp: In function 'int main()':
../prog02.cpp:24:7: error: 'isstringsteam' was not declared in this scope
       isstringsteam ln(line);
       ^
subdir.mk:21: recipe for target 'prog02.o' failed
make: *** [prog02.o] Error 1
17:09:17 **** Incremental Build of configuration Debug for project lab3 ****
make all 
make: Nothing to be done for 'all'.
17:09:17 **** Incremental Build of configuration Debug for project lab5 ****
make all 
make: Nothing to be done for 'all'.
17:09:17 **** Incremental Build of configuration Debug for project lab6 ****
make all 
make: Nothing to be done for 'all'.
17:09:17 **** Incremental Build of configuration Debug for project prog01 ****
make all 
make: Nothing to be done for 'all'.
17:09:17 **** Incremental Build of configuration Debug for project prog02 ****
make all 
Building file: ../prog02.cpp
Invoking: GCC C++ Compiler
g++ -O0 -g3 -Wall -c -fmessage-length=0 -MMD -MP -MF"prog02.d" -MT"prog02.d" -o "prog02.o" "../prog02.cpp"
../prog02.cpp: In function 'int main()':
../prog02.cpp:28:45: error: no matching function for call to 'SpellCheck::bad_word(std::__cxx11::string&, std::__cxx11::string&, std::ofstream&)'
         if(!checker.bad_word(word, line, out))
                                             ^
In file included from ../prog02.cpp:2:0:
../prog02lib.h:30:6: note: candidate: bool SpellCheck::bad_word(std::__cxx11::string, int, std::ofstream&)
 bool bad_word(string word, int line, ofstream& out);
      ^
../prog02lib.h:30:6: note:   no known conversion for argument 2 from 'std::__cxx11::string {aka std::__cxx11::basic_string<char>}' to 'int'
subdir.mk:21: recipe for target 'prog02.o' failed
make: *** [prog02.o] Error 1
17:09:57 **** Incremental Build of configuration Debug for project lab3 ****
make all 
make: Nothing to be done for 'all'.
17:09:57 **** Incremental Build of configuration Debug for project lab5 ****
make all 
make: Nothing to be done for 'all'.
17:09:57 **** Incremental Build of configuration Debug for project lab6 ****
make all 
make: Nothing to be done for 'all'.
17:09:57 **** Incremental Build of configuration Debug for project prog01 ****
make all 
make: Nothing to be done for 'all'.
17:09:57 **** Incremental Build of configuration Debug for project prog02 ****
make all 
Building file: ../prog02.cpp
Invoking: GCC C++ Compiler
g++ -O0 -g3 -Wall -c -fmessage-length=0 -MMD -MP -MF"prog02.d" -MT"prog02.d" -o "prog02.o" "../prog02.cpp"
Finished building: ../prog02.cpp
 
Building file: ../prog02lib.cpp
Invoking: GCC C++ Compiler
g++ -O0 -g3 -Wall -c -fmessage-length=0 -MMD -MP -MF"prog02lib.d" -MT"prog02lib.d" -o "prog02lib.o" "../prog02lib.cpp"
Finished building: ../prog02lib.cpp
 
Building target: prog02
Invoking: GCC C++ Linker
g++  -o "prog02"  ./prog02.o ./prog02lib.o   
Finished building target: prog02
 
17:15:53 **** Incremental Build of configuration Debug for project lab3 ****
make all 
make: Nothing to be done for 'all'.
17:15:54 **** Incremental Build of configuration Debug for project lab5 ****
make all 
make: Nothing to be done for 'all'.
17:15:54 **** Incremental Build of configuration Debug for project lab6 ****
make all 
make: Nothing to be done for 'all'.
17:15:54 **** Incremental Build of configuration Debug for project prog01 ****
make all 
make: Nothing to be done for 'all'.
17:15:54 **** Incremental Build of configuration Debug for project prog02 ****
make all 
Building file: ../prog02.cpp
Invoking: GCC C++ Compiler
g++ -O0 -g3 -Wall -c -fmessage-length=0 -MMD -MP -MF"prog02.d" -MT"prog02.d" -o "prog02.o" "../prog02.cpp"
Finished building: ../prog02.cpp
 
Building file: ../prog02lib.cpp
Invoking: GCC C++ Compiler
g++ -O0 -g3 -Wall -c -fmessage-length=0 -MMD -MP -MF"prog02lib.d" -MT"prog02lib.d" -o "prog02lib.o" "../prog02lib.cpp"
Finished building: ../prog02lib.cpp
 
Building target: prog02
Invoking: GCC C++ Linker
g++  -o "prog02"  ./prog02.o ./prog02lib.o   
Finished building target: prog02
 
17:15:58 **** Incremental Build of configuration Debug for project prog02 ****
make all 
make: Nothing to be done for 'all'.
17:38:28 **** Incremental Build of configuration Debug for project lab3 ****
make all 
make: Nothing to be done for 'all'.
17:38:28 **** Incremental Build of configuration Debug for project lab5 ****
make all 
make: Nothing to be done for 'all'.
17:38:28 **** Incremental Build of configuration Debug for project lab6 ****
make all 
make: Nothing to be done for 'all'.
17:38:28 **** Incremental Build of configuration Debug for project prog01 ****
make all 
make: Nothing to be done for 'all'.
17:38:28 **** Incremental Build of configuration Debug for project prog02 ****
make all 
Building file: ../prog02.cpp
Invoking: GCC C++ Compiler
g++ -O0 -g3 -Wall -c -fmessage-length=0 -MMD -MP -MF"prog02.d" -MT"prog02.d" -o "prog02.o" "../prog02.cpp"
Finished building: ../prog02.cpp
 
Building target: prog02
Invoking: GCC C++ Linker
g++  -o "prog02"  ./prog02.o ./prog02lib.o   
Finished building target: prog02
 
17:39:02 **** Incremental Build of configuration Debug for project prog02 ****
make all 
make: Nothing to be done for 'all'.
17:40:18 **** Incremental Build of configuration Debug for project prog02 ****
make all 
Building file: ../prog02.cpp
Invoking: GCC C++ Compiler
g++ -O0 -g3 -Wall -c -fmessage-length=0 -MMD -MP -MF"prog02.d" -MT"prog02.d" -o "prog02.o" "../prog02.cpp"
../prog02.cpp: In function 'int main()':
../prog02.cpp:23:23: error: invalid user-defined conversion from 'std::ostream {aka std::basic_ostream<char>}' to 'const char*' [-fpermissive]
      ofstream out(cout);
                       ^
In file included from /usr/include/c++/5.3.0/ios:44:0,
                 from /usr/include/c++/5.3.0/ostream:38,
                 from /usr/include/c++/5.3.0/iostream:39,
                 from ../prog02.h:4,
                 from ../prog02.cpp:1:
/usr/include/c++/5.3.0/bits/basic_ios.h:120:7: note: candidate is: std::basic_ios<_CharT, _Traits>::operator void*() const [with _CharT = char; _Traits = std::char_traits<char>] <near match>
       operator void*() const
       ^
/usr/include/c++/5.3.0/bits/basic_ios.h:120:7: note:   no known conversion from 'void*' to 'const char*'
In file included from ../prog02.h:5:0,
                 from ../prog02.cpp:1:
/usr/include/c++/5.3.0/fstream:697:7: note:   initializing argument 1 of 'std::basic_ofstream<_CharT, _Traits>::basic_ofstream(const char*, std::ios_base::openmode) [with _CharT = char; _Traits = std::char_traits<char>; std::ios_base::openmode = std::_Ios_Openmode]'
       basic_ofstream(const char* __s,
       ^
make: *** [prog02.o] Error 1
subdir.mk:21: recipe for target 'prog02.o' failed
17:40:26 **** Incremental Build of configuration Debug for project lab3 ****
make all 
make: Nothing to be done for 'all'.
17:40:26 **** Incremental Build of configuration Debug for project lab5 ****
make all 
make: Nothing to be done for 'all'.
17:40:26 **** Incremental Build of configuration Debug for project lab6 ****
make all 
make: Nothing to be done for 'all'.
17:40:26 **** Incremental Build of configuration Debug for project prog01 ****
make all 
make: Nothing to be done for 'all'.
17:40:27 **** Incremental Build of configuration Debug for project prog02 ****
make all 
Building file: ../prog02.cpp
Invoking: GCC C++ Compiler
g++ -O0 -g3 -Wall -c -fmessage-length=0 -MMD -MP -MF"prog02.d" -MT"prog02.d" -o "prog02.o" "../prog02.cpp"
../prog02.cpp: In function 'int main()':
../prog02.cpp:23:23: error: invalid user-defined conversion from 'std::ostream {aka std::basic_ostream<char>}' to 'const char*' [-fpermissive]
      ofstream out(cout);
                       ^
In file included from /usr/include/c++/5.3.0/ios:44:0,
                 from /usr/include/c++/5.3.0/ostream:38,
                 from /usr/include/c++/5.3.0/iostream:39,
                 from ../prog02.h:4,
                 from ../prog02.cpp:1:
/usr/include/c++/5.3.0/bits/basic_ios.h:120:7: note: candidate is: std::basic_ios<_CharT, _Traits>::operator void*() const [with _CharT = char; _Traits = std::char_traits<char>] <near match>
       operator void*() const
       ^
/usr/include/c++/5.3.0/bits/basic_ios.h:120:7: note:   no known conversion from 'void*' to 'const char*'
In file included from ../prog02.h:5:0,
                 from ../prog02.cpp:1:
/usr/include/c++/5.3.0/fstream:697:7: note:   initializing argument 1 of 'std::basic_ofstream<_CharT, _Traits>::basic_ofstream(const char*, std::ios_base::openmode) [with _CharT = char; _Traits = std::char_traits<char>; std::ios_base::openmode = std::_Ios_Openmode]'
       basic_ofstream(const char* __s,
       ^
make: *** [prog02.o] Error 1
subdir.mk:21: recipe for target 'prog02.o' failed
17:40:49 **** Incremental Build of configuration Debug for project lab3 ****
make all 
make: Nothing to be done for 'all'.
17:40:49 **** Incremental Build of configuration Debug for project lab5 ****
make all 
make: Nothing to be done for 'all'.
17:40:49 **** Incremental Build of configuration Debug for project lab6 ****
make all 
make: Nothing to be done for 'all'.
17:40:49 **** Incremental Build of configuration Debug for project prog01 ****
make all 
make: Nothing to be done for 'all'.
17:40:49 **** Incremental Build of configuration Debug for project prog02 ****
make all 
Building file: ../prog02.cpp
Invoking: GCC C++ Compiler
g++ -O0 -g3 -Wall -c -fmessage-length=0 -MMD -MP -MF"prog02.d" -MT"prog02.d" -o "prog02.o" "../prog02.cpp"
Finished building: ../prog02.cpp
 
Building target: prog02
Invoking: GCC C++ Linker
g++  -o "prog02"  ./prog02.o ./prog02lib.o   
Finished building target: prog02
 
17:41:14 **** Incremental Build of configuration Debug for project lab3 ****
make all 
make: Nothing to be done for 'all'.
17:41:14 **** Incremental Build of configuration Debug for project lab5 ****
make all 
make: Nothing to be done for 'all'.
17:41:14 **** Incremental Build of configuration Debug for project lab6 ****
make all 
make: Nothing to be done for 'all'.
17:41:15 **** Incremental Build of configuration Debug for project prog01 ****
make all 
make: Nothing to be done for 'all'.
17:41:15 **** Incremental Build of configuration Debug for project prog02 ****
make all 
make: Nothing to be done for 'all'.
17:41:21 **** Incremental Build of configuration Debug for project prog02 ****
make all 
make: Nothing to be done for 'all'.
17:43:30 **** Incremental Build of configuration Debug for project lab3 ****
make all 
make: Nothing to be done for 'all'.
17:43:30 **** Incremental Build of configuration Debug for project lab5 ****
make all 
make: Nothing to be done for 'all'.
17:43:30 **** Incremental Build of configuration Debug for project lab6 ****
make all 
make: Nothing to be done for 'all'.
17:43:30 **** Incremental Build of configuration Debug for project prog01 ****
make all 
make: Nothing to be done for 'all'.
17:43:31 **** Incremental Build of configuration Debug for project prog02 ****
make all 
make: Nothing to be done for 'all'.
17:44:44 **** Incremental Build of configuration Debug for project lab3 ****
make all 
make: Nothing to be done for 'all'.
17:44:44 **** Incremental Build of configuration Debug for project lab5 ****
make all 
make: Nothing to be done for 'all'.
17:44:44 **** Incremental Build of configuration Debug for project lab6 ****
make all 
make: Nothing to be done for 'all'.
17:44:44 **** Incremental Build of configuration Debug for project prog01 ****
make all 
make: Nothing to be done for 'all'.
17:44:44 **** Incremental Build of configuration Debug for project prog02 ****
make all 
make: Nothing to be done for 'all'.
17:44:48 **** Incremental Build of configuration Debug for project prog02 ****
make all 
make: Nothing to be done for 'all'.
17:45:11 **** Incremental Build of configuration Debug for project lab3 ****
make all 
make: Nothing to be done for 'all'.
17:45:11 **** Incremental Build of configuration Debug for project lab5 ****
make all 
make: Nothing to be done for 'all'.
17:45:11 **** Incremental Build of configuration Debug for project lab6 ****
make all 
make: Nothing to be done for 'all'.
17:45:11 **** Incremental Build of configuration Debug for project prog01 ****
make all 
make: Nothing to be done for 'all'.
17:45:11 **** Incremental Build of configuration Debug for project prog02 ****
make all 
make: Nothing to be done for 'all'.
17:45:13 **** Incremental Build of configuration Debug for project prog02 ****
make all 
make: Nothing to be done for 'all'.
17:46:31 **** Incremental Build of configuration Debug for project lab3 ****
make all 
make: Nothing to be done for 'all'.
17:46:31 **** Incremental Build of configuration Debug for project lab5 ****
make all 
make: Nothing to be done for 'all'.
17:46:31 **** Incremental Build of configuration Debug for project lab6 ****
make all 
make: Nothing to be done for 'all'.
17:46:31 **** Incremental Build of configuration Debug for project prog01 ****
make all 
make: Nothing to be done for 'all'.
17:46:31 **** Incremental Build of configuration Debug for project prog02 ****
make all 
Building file: ../prog02lib.cpp
Invoking: GCC C++ Compiler
g++ -O0 -g3 -Wall -c -fmessage-length=0 -MMD -MP -MF"prog02lib.d" -MT"prog02lib.d" -o "prog02lib.o" "../prog02lib.cpp"
Finished building: ../prog02lib.cpp
 
Building target: prog02
Invoking: GCC C++ Linker
g++  -o "prog02"  ./prog02.o ./prog02lib.o   
Finished building target: prog02
 
17:46:50 **** Incremental Build of configuration Debug for project prog02 ****
make all 
make: Nothing to be done for 'all'.
17:48:08 **** Incremental Build of configuration Debug for project lab3 ****
make all 
make: Nothing to be done for 'all'.
17:48:08 **** Incremental Build of configuration Debug for project lab5 ****
make all 
make: Nothing to be done for 'all'.
17:48:08 **** Incremental Build of configuration Debug for project lab6 ****
make all 
make: Nothing to be done for 'all'.
17:48:08 **** Incremental Build of configuration Debug for project prog01 ****
make all 
make: Nothing to be done for 'all'.
17:48:08 **** Incremental Build of configuration Debug for project prog02 ****
make all 
Building file: ../prog02.cpp
Invoking: GCC C++ Compiler
g++ -O0 -g3 -Wall -c -fmessage-length=0 -MMD -MP -MF"prog02.d" -MT"prog02.d" -o "prog02.o" "../prog02.cpp"
Finished building: ../prog02.cpp
 
Building target: prog02
Invoking: GCC C++ Linker
g++  -o "prog02"  ./prog02.o ./prog02lib.o   
Finished building target: prog02
 
17:48:14 **** Incremental Build of configuration Debug for project prog02 ****
make all 
make: Nothing to be done for 'all'.
17:48:40 **** Incremental Build of configuration Debug for project prog02 ****
make all 
make: Nothing to be done for 'all'.
17:49:08 **** Incremental Build of configuration Debug for project lab3 ****
make all 
make: Nothing to be done for 'all'.
17:49:08 **** Incremental Build of configuration Debug for project lab5 ****
make all 
make: Nothing to be done for 'all'.
17:49:09 **** Incremental Build of configuration Debug for project lab6 ****
make all 
make: Nothing to be done for 'all'.
17:49:09 **** Incremental Build of configuration Debug for project prog01 ****
make all 
make: Nothing to be done for 'all'.
17:49:09 **** Incremental Build of configuration Debug for project prog02 ****
make all 
make: Nothing to be done for 'all'.
17:49:13 **** Incremental Build of configuration Debug for project prog02 ****
make all 
make: Nothing to be done for 'all'.
17:49:52 **** Incremental Build of configuration Debug for project prog02 ****
make all 
make: Nothing to be done for 'all'.
18:02:03 **** Incremental Build of configuration Debug for project lab3 ****
make all 
make: Nothing to be done for 'all'.
18:02:03 **** Incremental Build of configuration Debug for project lab5 ****
make all 
make: Nothing to be done for 'all'.
18:02:03 **** Incremental Build of configuration Debug for project lab6 ****
make all 
make: Nothing to be done for 'all'.
18:02:03 **** Incremental Build of configuration Debug for project prog01 ****
make all 
make: Nothing to be done for 'all'.
18:02:03 **** Incremental Build of configuration Debug for project prog02 ****
make all 
Building file: ../prog02.cpp
Invoking: GCC C++ Compiler
g++ -O0 -g3 -Wall -c -fmessage-length=0 -MMD -MP -MF"prog02.d" -MT"prog02.d" -o "prog02.o" "../prog02.cpp"
Finished building: ../prog02.cpp
 
Building file: ../prog02lib.cpp
Invoking: GCC C++ Compiler
g++ -O0 -g3 -Wall -c -fmessage-length=0 -MMD -MP -MF"prog02lib.d" -MT"prog02lib.d" -o "prog02lib.o" "../prog02lib.cpp"
../prog02lib.cpp: In member function 'bool SpellCheck::word_search(std::__cxx11::string, std::__cxx11::string)':
../prog02lib.cpp:11:26: warning: range-based 'for' loops only available with -std=c++11 or -std=gnu++11
        for(char& alpha : word)
                          ^
../prog02lib.cpp:12:20: warning: 'alpha' may be used uninitialized in this function [-Wmaybe-uninitialized]
         if(!isalpha(alpha))
                    ^
Finished building: ../prog02lib.cpp
 
Building target: prog02
Invoking: GCC C++ Linker
g++  -o "prog02"  ./prog02.o ./prog02lib.o   
Finished building target: prog02
 
18:02:08 **** Incremental Build of configuration Debug for project prog02 ****
make all 
make: Nothing to be done for 'all'.
14:05:31 **** Build of configuration Debug for project lab3 ****
make all 
make: Nothing to be done for 'all'.
14:05:31 **** Build of configuration Debug for project lab5 ****
make all 
make: Nothing to be done for 'all'.
14:05:31 **** Build of configuration Debug for project lab6 ****
make all 
make: Nothing to be done for 'all'.
14:05:31 **** Build of configuration Debug for project lab7 ****
make all 
Building file: ../main.cpp
Invoking: GCC C++ Compiler
g++ -O0 -g3 -Wall -c -fmessage-length=0 -MMD -MP -MF"main.d" -MT"main.d" -o "main.o" "../main.cpp"
Finished building: ../main.cpp
 
Building target: lab7
Invoking: GCC C++ Linker
g++  -o "lab7"  ./main.o   
Finished building target: lab7
 
14:05:31 **** Build of configuration Debug for project prog01 ****
make all 
make: Nothing to be done for 'all'.
14:05:32 **** Build of configuration Debug for project prog02 ****
make all 
Building file: ../prog02lib.cpp
Invoking: GCC C++ Compiler
g++ -O0 -g3 -Wall -c -fmessage-length=0 -MMD -MP -MF"prog02lib.d" -MT"prog02lib.d" -o "prog02lib.o" "../prog02lib.cpp"
Finished building: ../prog02lib.cpp
 
Building target: prog02
Invoking: GCC C++ Linker
g++  -o "prog02"  ./prog02.o ./prog02lib.o   
Finished building target: prog02
 
14:13:47 **** Incremental Build of configuration Debug for project lab3 ****
make all 
make: Nothing to be done for 'all'.
14:13:48 **** Incremental Build of configuration Debug for project lab5 ****
make all 
make: Nothing to be done for 'all'.
14:13:48 **** Incremental Build of configuration Debug for project lab6 ****
make all 
make: Nothing to be done for 'all'.
14:13:48 **** Incremental Build of configuration Debug for project lab7 ****
make all 
Building file: ../main.cpp
Invoking: GCC C++ Compiler
g++ -O0 -g3 -Wall -c -fmessage-length=0 -MMD -MP -MF"main.d" -MT"main.d" -o "main.o" "../main.cpp"
Finished building: ../main.cpp
 
Building target: lab7
Invoking: GCC C++ Linker
g++  -o "lab7"  ./main.o   
Finished building target: lab7
 
14:13:48 **** Incremental Build of configuration Debug for project prog01 ****
make all 
make: Nothing to be done for 'all'.
14:13:48 **** Incremental Build of configuration Debug for project prog02 ****
make all 
make: Nothing to be done for 'all'.
14:13:55 **** Incremental Build of configuration Debug for project lab7 ****
make all 
make: Nothing to be done for 'all'.
14:33:43 **** Incremental Build of configuration Debug for project lab3 ****
make all 
make: Nothing to be done for 'all'.
14:33:43 **** Incremental Build of configuration Debug for project lab5 ****
make all 
make: Nothing to be done for 'all'.
14:33:44 **** Incremental Build of configuration Debug for project lab6 ****
make all 
make: Nothing to be done for 'all'.
14:33:44 **** Incremental Build of configuration Debug for project lab7 ****
make all 
Building file: ../main.cpp
Invoking: GCC C++ Compiler
g++ -O0 -g3 -Wall -c -fmessage-length=0 -MMD -MP -MF"main.d" -MT"main.d" -o "main.o" "../main.cpp"
../main.cpp: In function 'int main(int, char**)':
../main.cpp:18:41: error: 'memcopy' was not declared in this scope
  memcopy(&number, &input, sizeof(number));
                                         ^
subdir.mk:18: recipe for target 'main.o' failed
make: *** [main.o] Error 1
14:33:44 **** Incremental Build of configuration Debug for project prog01 ****
make all 
make: Nothing to be done for 'all'.
14:33:44 **** Incremental Build of configuration Debug for project prog02 ****
make all 
make: Nothing to be done for 'all'.
14:34:05 **** Incremental Build of configuration Debug for project lab3 ****
make all 
make: Nothing to be done for 'all'.
14:34:05 **** Incremental Build of configuration Debug for project lab5 ****
make all 
make: Nothing to be done for 'all'.
14:34:06 **** Incremental Build of configuration Debug for project lab6 ****
make all 
make: Nothing to be done for 'all'.
14:34:06 **** Incremental Build of configuration Debug for project lab7 ****
make all 
Building file: ../main.cpp
Invoking: GCC C++ Compiler
g++ -O0 -g3 -Wall -c -fmessage-length=0 -MMD -MP -MF"main.d" -MT"main.d" -o "main.o" "../main.cpp"
Finished building: ../main.cpp
 
Building target: lab7
Invoking: GCC C++ Linker
g++  -o "lab7"  ./main.o   
Finished building target: lab7
 
14:34:06 **** Incremental Build of configuration Debug for project prog01 ****
make all 
make: Nothing to be done for 'all'.
14:34:06 **** Incremental Build of configuration Debug for project prog02 ****
make all 
make: Nothing to be done for 'all'.
14:34:47 **** Incremental Build of configuration Debug for project lab3 ****
make all 
make: Nothing to be done for 'all'.
14:34:47 **** Incremental Build of configuration Debug for project lab5 ****
make all 
make: Nothing to be done for 'all'.
14:34:48 **** Incremental Build of configuration Debug for project lab6 ****
make all 
make: Nothing to be done for 'all'.
14:34:48 **** Incremental Build of configuration Debug for project lab7 ****
make all 
Building file: ../main.cpp
Invoking: GCC C++ Compiler
g++ -O0 -g3 -Wall -c -fmessage-length=0 -MMD -MP -MF"main.d" -MT"main.d" -o "main.o" "../main.cpp"
Finished building: ../main.cpp
 
Building target: lab7
Invoking: GCC C++ Linker
g++  -o "lab7"  ./main.o   
Finished building target: lab7
 
14:34:48 **** Incremental Build of configuration Debug for project prog01 ****
make all 
make: Nothing to be done for 'all'.
14:34:48 **** Incremental Build of configuration Debug for project prog02 ****
make all 
make: Nothing to be done for 'all'.
14:34:53 **** Incremental Build of configuration Debug for project lab7 ****
make all 
make: Nothing to be done for 'all'.
14:34:58 **** Incremental Build of configuration Debug for project lab7 ****
make all 
make: Nothing to be done for 'all'.
14:41:31 **** Incremental Build of configuration Debug for project lab3 ****
make all 
make: Nothing to be done for 'all'.
14:41:31 **** Incremental Build of configuration Debug for project lab5 ****
make all 
make: Nothing to be done for 'all'.
14:41:31 **** Incremental Build of configuration Debug for project lab6 ****
make all 
make: Nothing to be done for 'all'.
14:41:31 **** Incremental Build of configuration Debug for project lab7 ****
make all 
Building file: ../main.cpp
Invoking: GCC C++ Compiler
g++ -O0 -g3 -Wall -c -fmessage-length=0 -MMD -MP -MF"main.d" -MT"main.d" -o "main.o" "../main.cpp"
../main.cpp: In function 'int main(int, char**)':
../main.cpp:22:20: warning: 'exp' may be used uninitialized in this function [-Wmaybe-uninitialized]
  long exp = number && exp;
                    ^
Finished building: ../main.cpp
 
Building target: lab7
Invoking: GCC C++ Linker
g++  -o "lab7"  ./main.o   
Finished building target: lab7
 
14:41:31 **** Incremental Build of configuration Debug for project prog01 ****
make all 
make: Nothing to be done for 'all'.
14:41:31 **** Incremental Build of configuration Debug for project prog02 ****
make all 
make: Nothing to be done for 'all'.
14:42:08 **** Incremental Build of configuration Debug for project lab7 ****
make all 
Building file: ../main.cpp
Invoking: GCC C++ Compiler
g++ -O0 -g3 -Wall -c -fmessage-length=0 -MMD -MP -MF"main.d" -MT"main.d" -o "main.o" "../main.cpp"
../main.cpp: In function 'int main(int, char**)':
../main.cpp:23:15: warning: 'exp' may be used uninitialized in this function [-Wmaybe-uninitialized]
  exp = number & exp;
               ^
Finished building: ../main.cpp
 
Building target: lab7
Invoking: GCC C++ Linker
g++  -o "lab7"  ./main.o   
Finished building target: lab7
 
14:42:38 **** Incremental Build of configuration Debug for project lab3 ****
make all 
make: Nothing to be done for 'all'.
14:42:38 **** Incremental Build of configuration Debug for project lab5 ****
make all 
make: Nothing to be done for 'all'.
14:42:38 **** Incremental Build of configuration Debug for project lab6 ****
make all 
make: Nothing to be done for 'all'.
14:42:38 **** Incremental Build of configuration Debug for project lab7 ****
make all 
Building file: ../main.cpp
Invoking: GCC C++ Compiler
g++ -O0 -g3 -Wall -c -fmessage-length=0 -MMD -MP -MF"main.d" -MT"main.d" -o "main.o" "../main.cpp"
../main.cpp: In function 'int main(int, char**)':
../main.cpp:23:15: warning: 'exp' may be used uninitialized in this function [-Wmaybe-uninitialized]
  exp = number & exp;
               ^
Finished building: ../main.cpp
 
Building target: lab7
Invoking: GCC C++ Linker
g++  -o "lab7"  ./main.o   
Finished building target: lab7
 
14:42:38 **** Incremental Build of configuration Debug for project prog01 ****
make all 
make: Nothing to be done for 'all'.
14:42:38 **** Incremental Build of configuration Debug for project prog02 ****
make all 
make: Nothing to be done for 'all'.
14:42:40 **** Incremental Build of configuration Debug for project lab7 ****
make all 
make: Nothing to be done for 'all'.
14:43:37 **** Incremental Build of configuration Debug for project lab3 ****
make all 
make: Nothing to be done for 'all'.
14:43:37 **** Incremental Build of configuration Debug for project lab5 ****
make all 
make: Nothing to be done for 'all'.
14:43:37 **** Incremental Build of configuration Debug for project lab6 ****
make all 
make: Nothing to be done for 'all'.
14:43:37 **** Incremental Build of configuration Debug for project lab7 ****
make all 
Building file: ../main.cpp
Invoking: GCC C++ Compiler
g++ -O0 -g3 -Wall -c -fmessage-length=0 -MMD -MP -MF"main.d" -MT"main.d" -o "main.o" "../main.cpp"
Finished building: ../main.cpp
 
Building target: lab7
Invoking: GCC C++ Linker
g++  -o "lab7"  ./main.o   
Finished building target: lab7
 
14:43:38 **** Incremental Build of configuration Debug for project prog01 ****
make all 
make: Nothing to be done for 'all'.
14:43:38 **** Incremental Build of configuration Debug for project prog02 ****
make all 
make: Nothing to be done for 'all'.
14:43:40 **** Incremental Build of configuration Debug for project lab7 ****
make all 
make: Nothing to be done for 'all'.
14:44:31 **** Incremental Build of configuration Debug for project lab3 ****
make all 
make: Nothing to be done for 'all'.
14:44:31 **** Incremental Build of configuration Debug for project lab5 ****
make all 
make: Nothing to be done for 'all'.
14:44:31 **** Incremental Build of configuration Debug for project lab6 ****
make all 
make: Nothing to be done for 'all'.
14:44:32 **** Incremental Build of configuration Debug for project lab7 ****
make all 
Building file: ../main.cpp
Invoking: GCC C++ Compiler
g++ -O0 -g3 -Wall -c -fmessage-length=0 -MMD -MP -MF"main.d" -MT"main.d" -o "main.o" "../main.cpp"
Finished building: ../main.cpp
 
Building target: lab7
Invoking: GCC C++ Linker
g++  -o "lab7"  ./main.o   
Finished building target: lab7
 
14:44:32 **** Incremental Build of configuration Debug for project prog01 ****
make all 
make: Nothing to be done for 'all'.
14:44:32 **** Incremental Build of configuration Debug for project prog02 ****
make all 
make: Nothing to be done for 'all'.
14:44:34 **** Incremental Build of configuration Debug for project lab7 ****
make all 
make: Nothing to be done for 'all'.
14:45:11 **** Incremental Build of configuration Debug for project lab3 ****
make all 
make: Nothing to be done for 'all'.
14:45:11 **** Incremental Build of configuration Debug for project lab5 ****
make all 
make: Nothing to be done for 'all'.
14:45:12 **** Incremental Build of configuration Debug for project lab6 ****
make all 
make: Nothing to be done for 'all'.
14:45:12 **** Incremental Build of configuration Debug for project lab7 ****
make all 
Building file: ../main.cpp
Invoking: GCC C++ Compiler
g++ -O0 -g3 -Wall -c -fmessage-length=0 -MMD -MP -MF"main.d" -MT"main.d" -o "main.o" "../main.cpp"
Finished building: ../main.cpp
 
Building target: lab7
Invoking: GCC C++ Linker
g++  -o "lab7"  ./main.o   
Finished building target: lab7
 
14:45:12 **** Incremental Build of configuration Debug for project prog01 ****
make all 
make: Nothing to be done for 'all'.
14:45:12 **** Incremental Build of configuration Debug for project prog02 ****
make all 
make: Nothing to be done for 'all'.
14:45:14 **** Incremental Build of configuration Debug for project lab7 ****
make all 
make: Nothing to be done for 'all'.
14:50:18 **** Incremental Build of configuration Debug for project lab3 ****
make all 
make: Nothing to be done for 'all'.
14:50:18 **** Incremental Build of configuration Debug for project lab5 ****
make all 
make: Nothing to be done for 'all'.
14:50:18 **** Incremental Build of configuration Debug for project lab6 ****
make all 
make: Nothing to be done for 'all'.
14:50:19 **** Incremental Build of configuration Debug for project lab7 ****
make all 
Building file: ../main.cpp
Invoking: GCC C++ Compiler
g++ -O0 -g3 -Wall -c -fmessage-length=0 -MMD -MP -MF"main.d" -MT"main.d" -o "main.o" "../main.cpp"
../main.cpp: In function 'int main(int, char**)':
../main.cpp:34:16: warning: unused variable 'mant' [-Wunused-variable]
  unsigned long mant;
                ^
Finished building: ../main.cpp
 
Building target: lab7
Invoking: GCC C++ Linker
g++  -o "lab7"  ./main.o   
Finished building target: lab7
 
14:50:19 **** Incremental Build of configuration Debug for project prog01 ****
make all 
make: Nothing to be done for 'all'.
14:50:19 **** Incremental Build of configuration Debug for project prog02 ****
make all 
make: Nothing to be done for 'all'.
14:53:01 **** Incremental Build of configuration Debug for project lab3 ****
make all 
make: Nothing to be done for 'all'.
14:53:01 **** Incremental Build of configuration Debug for project lab5 ****
make all 
make: Nothing to be done for 'all'.
14:53:02 **** Incremental Build of configuration Debug for project lab6 ****
make all 
make: Nothing to be done for 'all'.
14:53:02 **** Incremental Build of configuration Debug for project lab7 ****
make all 
Building file: ../main.cpp
Invoking: GCC C++ Compiler
g++ -O0 -g3 -Wall -c -fmessage-length=0 -MMD -MP -MF"main.d" -MT"main.d" -o "main.o" "../main.cpp"
../main.cpp:30:31: warning: integer constant is too large for its type
  unsigned long exp = number & 01111111111100000000000000000000000000000000000000000000000000000;
                               ^
../main.cpp: In function 'int main(int, char**)':
../main.cpp:34:16: warning: unused variable 'mant' [-Wunused-variable]
  unsigned long mant;
                ^
Finished building: ../main.cpp
 
Building target: lab7
Invoking: GCC C++ Linker
g++  -o "lab7"  ./main.o   
Finished building target: lab7
 
14:53:02 **** Incremental Build of configuration Debug for project prog01 ****
make all 
make: Nothing to be done for 'all'.
14:53:02 **** Incremental Build of configuration Debug for project prog02 ****
make all 
make: Nothing to be done for 'all'.
14:53:09 **** Incremental Build of configuration Debug for project lab3 ****
make all 
make: Nothing to be done for 'all'.
14:53:09 **** Incremental Build of configuration Debug for project lab5 ****
make all 
make: Nothing to be done for 'all'.
14:53:09 **** Incremental Build of configuration Debug for project lab6 ****
make all 
make: Nothing to be done for 'all'.
14:53:09 **** Incremental Build of configuration Debug for project lab7 ****
make all 
Building file: ../main.cpp
Invoking: GCC C++ Compiler
g++ -O0 -g3 -Wall -c -fmessage-length=0 -MMD -MP -MF"main.d" -MT"main.d" -o "main.o" "../main.cpp"
../main.cpp:30:31: warning: integer constant is too large for its type
  unsigned long exp = number & 01111111111100000000000000000000000000000000000000000000000000000;
                               ^
Finished building: ../main.cpp
 
Building target: lab7
Invoking: GCC C++ Linker
g++  -o "lab7"  ./main.o   
Finished building target: lab7
 
14:53:09 **** Incremental Build of configuration Debug for project prog01 ****
make all 
make: Nothing to be done for 'all'.
14:53:09 **** Incremental Build of configuration Debug for project prog02 ****
make all 
make: Nothing to be done for 'all'.
14:53:11 **** Incremental Build of configuration Debug for project lab7 ****
make all 
make: Nothing to be done for 'all'.
14:54:42 **** Incremental Build of configuration Debug for project lab3 ****
make all 
make: Nothing to be done for 'all'.
14:54:42 **** Incremental Build of configuration Debug for project lab5 ****
make all 
make: Nothing to be done for 'all'.
14:54:43 **** Incremental Build of configuration Debug for project lab6 ****
make all 
make: Nothing to be done for 'all'.
14:54:43 **** Incremental Build of configuration Debug for project lab7 ****
make all 
Building file: ../main.cpp
Invoking: GCC C++ Compiler
g++ -O0 -g3 -Wall -c -fmessage-length=0 -MMD -MP -MF"main.d" -MT"main.d" -o "main.o" "../main.cpp"
../main.cpp: In function 'int main(int, char**)':
../main.cpp:34:16: warning: unused variable 'mant' [-Wunused-variable]
  unsigned long mant;
                ^
Finished building: ../main.cpp
 
Building target: lab7
Invoking: GCC C++ Linker
g++  -o "lab7"  ./main.o   
Finished building target: lab7
 
14:54:43 **** Incremental Build of configuration Debug for project prog01 ****
make all 
make: Nothing to be done for 'all'.
14:54:43 **** Incremental Build of configuration Debug for project prog02 ****
make all 
make: Nothing to be done for 'all'.
14:54:47 **** Incremental Build of configuration Debug for project lab7 ****
make all 
make: Nothing to be done for 'all'.
14:55:44 **** Incremental Build of configuration Debug for project lab3 ****
make all 
make: Nothing to be done for 'all'.
14:55:44 **** Incremental Build of configuration Debug for project lab5 ****
make all 
make: Nothing to be done for 'all'.
14:55:44 **** Incremental Build of configuration Debug for project lab6 ****
make all 
make: Nothing to be done for 'all'.
14:55:44 **** Incremental Build of configuration Debug for project lab7 ****
make all 
Building file: ../main.cpp
Invoking: GCC C++ Compiler
g++ -O0 -g3 -Wall -c -fmessage-length=0 -MMD -MP -MF"main.d" -MT"main.d" -o "main.o" "../main.cpp"
../main.cpp:29:31: warning: integer constant is too large for its type
  unsigned long exp = number & 0x07ffff0000000000000;
                               ^
../main.cpp: In function 'int main(int, char**)':
../main.cpp:34:16: warning: unused variable 'mant' [-Wunused-variable]
  unsigned long mant;
                ^
Finished building: ../main.cpp
 
Building target: lab7
Invoking: GCC C++ Linker
g++  -o "lab7"  ./main.o   
Finished building target: lab7
 
14:55:44 **** Incremental Build of configuration Debug for project prog01 ****
make all 
make: Nothing to be done for 'all'.
14:55:44 **** Incremental Build of configuration Debug for project prog02 ****
make all 
make: Nothing to be done for 'all'.
14:55:46 **** Incremental Build of configuration Debug for project lab7 ****
make all 
make: Nothing to be done for 'all'.
14:56:04 **** Incremental Build of configuration Debug for project lab7 ****
make all 
make: Nothing to be done for 'all'.
15:01:02 **** Incremental Build of configuration Debug for project lab3 ****
make all 
make: Nothing to be done for 'all'.
15:01:02 **** Incremental Build of configuration Debug for project lab5 ****
make all 
make: Nothing to be done for 'all'.
15:01:02 **** Incremental Build of configuration Debug for project lab6 ****
make all 
make: Nothing to be done for 'all'.
15:01:02 **** Incremental Build of configuration Debug for project lab7 ****
make all 
Building file: ../main.cpp
Invoking: GCC C++ Compiler
g++ -O0 -g3 -Wall -c -fmessage-length=0 -MMD -MP -MF"main.d" -MT"main.d" -o "main.o" "../main.cpp"
../main.cpp:30:31: warning: integer constant is too large for its type
  unsigned long exp = number & 0x07ffff0000000000000;
                               ^
../main.cpp: In function 'int main(int, char**)':
../main.cpp:36:16: warning: unused variable 'mant' [-Wunused-variable]
  unsigned long mant = number & 0x0000007ffffffffffff;
                ^
Finished building: ../main.cpp
 
Building target: lab7
Invoking: GCC C++ Linker
g++  -o "lab7"  ./main.o   
Finished building target: lab7
 
15:01:02 **** Incremental Build of configuration Debug for project prog01 ****
make all 
make: Nothing to be done for 'all'.
15:01:02 **** Incremental Build of configuration Debug for project prog02 ****
make all 
make: Nothing to be done for 'all'.
15:01:15 **** Incremental Build of configuration Debug for project lab3 ****
make all 
make: Nothing to be done for 'all'.
15:01:15 **** Incremental Build of configuration Debug for project lab5 ****
make all 
make: Nothing to be done for 'all'.
15:01:15 **** Incremental Build of configuration Debug for project lab6 ****
make all 
make: Nothing to be done for 'all'.
15:01:15 **** Incremental Build of configuration Debug for project lab7 ****
make all 
Building file: ../main.cpp
Invoking: GCC C++ Compiler
g++ -O0 -g3 -Wall -c -fmessage-length=0 -MMD -MP -MF"main.d" -MT"main.d" -o "main.o" "../main.cpp"
../main.cpp:30:31: warning: integer constant is too large for its type
  unsigned long exp = number & 0x7ffff0000000000000;
                               ^
../main.cpp: In function 'int main(int, char**)':
../main.cpp:36:16: warning: unused variable 'mant' [-Wunused-variable]
  unsigned long mant = number & 0x0000007ffffffffffff;
                ^
Finished building: ../main.cpp
 
Building target: lab7
Invoking: GCC C++ Linker
g++  -o "lab7"  ./main.o   
Finished building target: lab7
 
15:01:15 **** Incremental Build of configuration Debug for project prog01 ****
make all 
make: Nothing to be done for 'all'.
15:01:15 **** Incremental Build of configuration Debug for project prog02 ****
make all 
make: Nothing to be done for 'all'.
15:01:37 **** Incremental Build of configuration Debug for project lab3 ****
make all 
make: Nothing to be done for 'all'.
15:01:37 **** Incremental Build of configuration Debug for project lab5 ****
make all 
make: Nothing to be done for 'all'.
15:01:37 **** Incremental Build of configuration Debug for project lab6 ****
make all 
make: Nothing to be done for 'all'.
15:01:37 **** Incremental Build of configuration Debug for project lab7 ****
make all 
Building file: ../main.cpp
Invoking: GCC C++ Compiler
g++ -O0 -g3 -Wall -c -fmessage-length=0 -MMD -MP -MF"main.d" -MT"main.d" -o "main.o" "../main.cpp"
../main.cpp: In function 'int main(int, char**)':
../main.cpp:36:16: warning: unused variable 'mant' [-Wunused-variable]
  unsigned long mant = number & 0x0000007ffffffffffff;
                ^
Finished building: ../main.cpp
 
Building target: lab7
Invoking: GCC C++ Linker
g++  -o "lab7"  ./main.o   
Finished building target: lab7
 
15:01:37 **** Incremental Build of configuration Debug for project prog01 ****
make all 
make: Nothing to be done for 'all'.
15:01:37 **** Incremental Build of configuration Debug for project prog02 ****
make all 
make: Nothing to be done for 'all'.
15:01:49 **** Incremental Build of configuration Debug for project lab3 ****
make all 
make: Nothing to be done for 'all'.
15:01:49 **** Incremental Build of configuration Debug for project lab5 ****
make all 
make: Nothing to be done for 'all'.
15:01:49 **** Incremental Build of configuration Debug for project lab6 ****
make all 
make: Nothing to be done for 'all'.
15:01:49 **** Incremental Build of configuration Debug for project lab7 ****
make all 
Building file: ../main.cpp
Invoking: GCC C++ Compiler
g++ -O0 -g3 -Wall -c -fmessage-length=0 -MMD -MP -MF"main.d" -MT"main.d" -o "main.o" "../main.cpp"
../main.cpp: In function 'int main(int, char**)':
../main.cpp:36:16: warning: unused variable 'mant' [-Wunused-variable]
  unsigned long mant = number & 0x000007ffffffffff;
                ^
Finished building: ../main.cpp
 
Building target: lab7
Invoking: GCC C++ Linker
g++  -o "lab7"  ./main.o   
Finished building target: lab7
 
15:01:49 **** Incremental Build of configuration Debug for project prog01 ****
make all 
make: Nothing to be done for 'all'.
15:01:50 **** Incremental Build of configuration Debug for project prog02 ****
make all 
make: Nothing to be done for 'all'.
15:01:54 **** Incremental Build of configuration Debug for project lab7 ****
make all 
make: Nothing to be done for 'all'.
15:05:41 **** Incremental Build of configuration Debug for project lab7 ****
make all 
Building file: ../main.cpp
Invoking: GCC C++ Compiler
g++ -O0 -g3 -Wall -c -fmessage-length=0 -MMD -MP -MF"main.d" -MT"main.d" -o "main.o" "../main.cpp"
../main.cpp: In function 'int main(int, char**)':
../main.cpp:37:13: warning: suggest parentheses around comparison in operand of '&' [-Wparentheses]
  while(mant & 1 == 0)
             ^
Finished building: ../main.cpp
 
Building target: lab7
Invoking: GCC C++ Linker
g++  -o "lab7"  ./main.o   
Finished building target: lab7
 
15:05:51 **** Incremental Build of configuration Debug for project lab3 ****
make all 
make: Nothing to be done for 'all'.
15:05:51 **** Incremental Build of configuration Debug for project lab5 ****
make all 
make: Nothing to be done for 'all'.
15:05:51 **** Incremental Build of configuration Debug for project lab6 ****
make all 
make: Nothing to be done for 'all'.
15:05:51 **** Incremental Build of configuration Debug for project lab7 ****
make all 
Building file: ../main.cpp
Invoking: GCC C++ Compiler
g++ -O0 -g3 -Wall -c -fmessage-length=0 -MMD -MP -MF"main.d" -MT"main.d" -o "main.o" "../main.cpp"
Finished building: ../main.cpp
 
Building target: lab7
Invoking: GCC C++ Linker
g++  -o "lab7"  ./main.o   
Finished building target: lab7
 
15:05:52 **** Incremental Build of configuration Debug for project prog01 ****
make all 
make: Nothing to be done for 'all'.
15:05:52 **** Incremental Build of configuration Debug for project prog02 ****
make all 
make: Nothing to be done for 'all'.
15:05:59 **** Incremental Build of configuration Debug for project lab7 ****
make all 
make: Nothing to be done for 'all'.
15:07:55 **** Incremental Build of configuration Debug for project lab3 ****
make all 
make: Nothing to be done for 'all'.
15:07:55 **** Incremental Build of configuration Debug for project lab5 ****
make all 
make: Nothing to be done for 'all'.
15:07:55 **** Incremental Build of configuration Debug for project lab6 ****
make all 
make: Nothing to be done for 'all'.
15:07:55 **** Incremental Build of configuration Debug for project lab7 ****
make all 
Building file: ../main.cpp
Invoking: GCC C++ Compiler
g++ -O0 -g3 -Wall -c -fmessage-length=0 -MMD -MP -MF"main.d" -MT"main.d" -o "main.o" "../main.cpp"
Finished building: ../main.cpp
 
Building target: lab7
Invoking: GCC C++ Linker
g++  -o "lab7"  ./main.o   
Finished building target: lab7
 
15:07:56 **** Incremental Build of configuration Debug for project prog01 ****
make all 
make: Nothing to be done for 'all'.
15:07:56 **** Incremental Build of configuration Debug for project prog02 ****
make all 
make: Nothing to be done for 'all'.
15:08:00 **** Incremental Build of configuration Debug for project lab7 ****
make all 
make: Nothing to be done for 'all'.
15:08:11 **** Incremental Build of configuration Debug for project lab7 ****
make all 
make: Nothing to be done for 'all'.
15:08:31 **** Incremental Build of configuration Debug for project lab3 ****
make all 
make: Nothing to be done for 'all'.
15:08:31 **** Incremental Build of configuration Debug for project lab5 ****
make all 
make: Nothing to be done for 'all'.
15:08:31 **** Incremental Build of configuration Debug for project lab6 ****
make all 
make: Nothing to be done for 'all'.
15:08:31 **** Incremental Build of configuration Debug for project lab7 ****
make all 
Building file: ../main.cpp
Invoking: GCC C++ Compiler
g++ -O0 -g3 -Wall -c -fmessage-length=0 -MMD -MP -MF"main.d" -MT"main.d" -o "main.o" "../main.cpp"
Finished building: ../main.cpp
 
Building target: lab7
Invoking: GCC C++ Linker
g++  -o "lab7"  ./main.o   
Finished building target: lab7
 
15:08:32 **** Incremental Build of configuration Debug for project prog01 ****
make all 
make: Nothing to be done for 'all'.
15:08:32 **** Incremental Build of configuration Debug for project prog02 ****
make all 
make: Nothing to be done for 'all'.
15:08:36 **** Incremental Build of configuration Debug for project lab7 ****
make all 
make: Nothing to be done for 'all'.
15:08:45 **** Incremental Build of configuration Debug for project lab7 ****
make all 
make: Nothing to be done for 'all'.
15:11:50 **** Incremental Build of configuration Debug for project lab7 ****
make all 
Building file: ../main.cpp
Invoking: GCC C++ Compiler
g++ -O0 -g3 -Wall -c -fmessage-length=0 -MMD -MP -MF"main.d" -MT"main.d" -o "main.o" "../main.cpp"
Finished building: ../main.cpp
 
Building target: lab7
Invoking: GCC C++ Linker
g++  -o "lab7"  ./main.o   
Finished building target: lab7
 
15:12:33 **** Incremental Build of configuration Debug for project lab3 ****
make all 
make: Nothing to be done for 'all'.
15:12:33 **** Incremental Build of configuration Debug for project lab5 ****
make all 
make: Nothing to be done for 'all'.
15:12:33 **** Incremental Build of configuration Debug for project lab6 ****
make all 
make: Nothing to be done for 'all'.
15:12:33 **** Incremental Build of configuration Debug for project lab7 ****
make all 
Building file: ../main.cpp
Invoking: GCC C++ Compiler
g++ -O0 -g3 -Wall -c -fmessage-length=0 -MMD -MP -MF"main.d" -MT"main.d" -o "main.o" "../main.cpp"
Finished building: ../main.cpp
 
Building target: lab7
Invoking: GCC C++ Linker
g++  -o "lab7"  ./main.o   
Finished building target: lab7
 
15:12:33 **** Incremental Build of configuration Debug for project prog01 ****
make all 
make: Nothing to be done for 'all'.
15:12:33 **** Incremental Build of configuration Debug for project prog02 ****
make all 
make: Nothing to be done for 'all'.
15:12:35 **** Incremental Build of configuration Debug for project lab7 ****
make all 
make: Nothing to be done for 'all'.
15:14:28 **** Incremental Build of configuration Debug for project lab3 ****
make all 
make: Nothing to be done for 'all'.
15:14:28 **** Incremental Build of configuration Debug for project lab5 ****
make all 
make: Nothing to be done for 'all'.
15:14:28 **** Incremental Build of configuration Debug for project lab6 ****
make all 
make: Nothing to be done for 'all'.
15:14:28 **** Incremental Build of configuration Debug for project lab7 ****
make all 
Building file: ../main.cpp
Invoking: GCC C++ Compiler
g++ -O0 -g3 -Wall -c -fmessage-length=0 -MMD -MP -MF"main.d" -MT"main.d" -o "main.o" "../main.cpp"
Finished building: ../main.cpp
 
Building target: lab7
Invoking: GCC C++ Linker
g++  -o "lab7"  ./main.o   
Finished building target: lab7
 
15:14:28 **** Incremental Build of configuration Debug for project prog01 ****
make all 
make: Nothing to be done for 'all'.
15:14:28 **** Incremental Build of configuration Debug for project prog02 ****
make all 
make: Nothing to be done for 'all'.
15:14:32 **** Incremental Build of configuration Debug for project lab7 ****
make all 
make: Nothing to be done for 'all'.
15:14:44 **** Incremental Build of configuration Debug for project lab7 ****
make all 
make: Nothing to be done for 'all'.
15:17:32 **** Incremental Build of configuration Debug for project lab3 ****
make all 
make: Nothing to be done for 'all'.
15:17:32 **** Incremental Build of configuration Debug for project lab5 ****
make all 
make: Nothing to be done for 'all'.
15:17:33 **** Incremental Build of configuration Debug for project lab6 ****
make all 
make: Nothing to be done for 'all'.
15:17:33 **** Incremental Build of configuration Debug for project lab7 ****
make all 
Building file: ../main.cpp
Invoking: GCC C++ Compiler
g++ -O0 -g3 -Wall -c -fmessage-length=0 -MMD -MP -MF"main.d" -MT"main.d" -o "main.o" "../main.cpp"
Finished building: ../main.cpp
 
Building target: lab7
Invoking: GCC C++ Linker
g++  -o "lab7"  ./main.o   
Finished building target: lab7
 
15:17:33 **** Incremental Build of configuration Debug for project prog01 ****
make all 
make: Nothing to be done for 'all'.
15:17:33 **** Incremental Build of configuration Debug for project prog02 ****
make all 
make: Nothing to be done for 'all'.
15:17:34 **** Incremental Build of configuration Debug for project lab7 ****
make all 
make: Nothing to be done for 'all'.
15:17:42 **** Incremental Build of configuration Debug for project lab7 ****
make all 
make: Nothing to be done for 'all'.
15:18:42 **** Incremental Build of configuration Debug for project lab7 ****
make all 
Building file: ../main.cpp
Invoking: GCC C++ Compiler
g++ -O0 -g3 -Wall -c -fmessage-length=0 -MMD -MP -MF"main.d" -MT"main.d" -o "main.o" "../main.cpp"
Finished building: ../main.cpp
 
Building target: lab7
Invoking: GCC C++ Linker
g++  -o "lab7"  ./main.o   
Finished building target: lab7
 
15:18:52 **** Incremental Build of configuration Debug for project lab7 ****
make all 
make: Nothing to be done for 'all'.
15:19:37 **** Incremental Build of configuration Debug for project lab3 ****
make all 
make: Nothing to be done for 'all'.
15:19:37 **** Incremental Build of configuration Debug for project lab5 ****
make all 
make: Nothing to be done for 'all'.
15:19:37 **** Incremental Build of configuration Debug for project lab6 ****
make all 
make: Nothing to be done for 'all'.
15:19:37 **** Incremental Build of configuration Debug for project lab7 ****
make all 
make: Nothing to be done for 'all'.
15:19:37 **** Incremental Build of configuration Debug for project prog01 ****
make all 
make: Nothing to be done for 'all'.
15:19:37 **** Incremental Build of configuration Debug for project prog02 ****
make all 
make: Nothing to be done for 'all'.
14:07:11 **** Incremental Build of configuration Debug for project lab3 ****
make all 
make: Nothing to be done for 'all'.
14:07:11 **** Incremental Build of configuration Debug for project lab5 ****
make all 
make: Nothing to be done for 'all'.
14:07:11 **** Incremental Build of configuration Debug for project lab6 ****
make all 
make: Nothing to be done for 'all'.
14:07:11 **** Incremental Build of configuration Debug for project lab7 ****
make all 
make: Nothing to be done for 'all'.
14:07:11 **** Build of configuration Debug for project lab9 ****
make all 
Building file: ../main.cpp
Invoking: GCC C++ Compiler
g++ -O0 -g3 -Wall -c -fmessage-length=0 -MMD -MP -MF"main.d" -MT"main.d" -o "main.o" "../main.cpp"
../main.cpp:12:5: warning: second argument of 'int main(int, char*)' should be 'char **' [-Wmain]
 int main(int argc, char* argv) {
     ^
Finished building: ../main.cpp
 
Building target: lab9
Invoking: GCC C++ Linker
g++  -o "lab9"  ./main.o   
Finished building target: lab9
 
14:07:12 **** Incremental Build of configuration Debug for project prog01 ****
make all 
make: Nothing to be done for 'all'.
14:07:12 **** Incremental Build of configuration Debug for project prog02 ****
make all 
make: Nothing to be done for 'all'.
14:07:12 **** Build of configuration Debug for project prog03 ****
make all 
Building file: ../nfgaulke_03.cpp
Invoking: GCC C++ Compiler
g++ -O0 -g3 -Wall -c -fmessage-length=0 -MMD -MP -MF"nfgaulke_03.d" -MT"nfgaulke_03.d" -o "nfgaulke_03.o" "../nfgaulke_03.cpp"
../nfgaulke_03.cpp: In function 'int main(int, char**)':
../nfgaulke_03.cpp:5:16: error: cannot convert 'const char*' to 'FILE* {aka _IO_FILE*}' for argument '1' to 'int fprintf(FILE*, const char*, ...)'
  fprintf("Test");
                ^
make: *** [nfgaulke_03.o] Error 1
subdir.mk:18: recipe for target 'nfgaulke_03.o' failed
14:07:58 **** Incremental Build of configuration Debug for project lab3 ****
make all 
make: Nothing to be done for 'all'.
14:07:58 **** Incremental Build of configuration Debug for project lab5 ****
make all 
make: Nothing to be done for 'all'.
14:07:59 **** Incremental Build of configuration Debug for project lab6 ****
make all 
make: Nothing to be done for 'all'.
14:07:59 **** Incremental Build of configuration Debug for project lab7 ****
make all 
make: Nothing to be done for 'all'.
14:07:59 **** Incremental Build of configuration Debug for project lab9 ****
make all 
Building file: ../main.cpp
Invoking: GCC C++ Compiler
g++ -O0 -g3 -Wall -c -fmessage-length=0 -MMD -MP -MF"main.d" -MT"main.d" -o "main.o" "../main.cpp"
Finished building: ../main.cpp
 
Building target: lab9
Invoking: GCC C++ Linker
g++  -o "lab9"  ./main.o   
Finished building target: lab9
 
14:07:59 **** Incremental Build of configuration Debug for project prog01 ****
make all 
make: Nothing to be done for 'all'.
14:07:59 **** Incremental Build of configuration Debug for project prog02 ****
make all 
make: Nothing to be done for 'all'.
14:07:59 **** Incremental Build of configuration Debug for project prog03 ****
make all 
Building file: ../nfgaulke_03.cpp
Invoking: GCC C++ Compiler
g++ -O0 -g3 -Wall -c -fmessage-length=0 -MMD -MP -MF"nfgaulke_03.d" -MT"nfgaulke_03.d" -o "nfgaulke_03.o" "../nfgaulke_03.cpp"
Finished building: ../nfgaulke_03.cpp
 
Building target: prog03
Invoking: GCC C++ Linker
g++  -o "prog03"  ./nfgaulke_03.o   
Finished building target: prog03
 
14:28:13 **** Incremental Build of configuration Debug for project lab3 ****
make all 
make: Nothing to be done for 'all'.
14:28:13 **** Incremental Build of configuration Debug for project lab5 ****
make all 
make: Nothing to be done for 'all'.
14:28:13 **** Incremental Build of configuration Debug for project lab6 ****
make all 
make: Nothing to be done for 'all'.
14:28:13 **** Incremental Build of configuration Debug for project lab7 ****
make all 
make: Nothing to be done for 'all'.
14:28:13 **** Incremental Build of configuration Debug for project lab9 ****
make all 
Building file: ../main.cpp
Invoking: GCC C++ Compiler
g++ -O0 -g3 -Wall -c -fmessage-length=0 -MMD -MP -MF"main.d" -MT"main.d" -o "main.o" "../main.cpp"
Finished building: ../main.cpp
 
Building target: lab9
Invoking: GCC C++ Linker
g++  -o "lab9"  ./main.o   
Finished building target: lab9
 
14:28:13 **** Incremental Build of configuration Debug for project prog01 ****
make all 
make: Nothing to be done for 'all'.
14:28:13 **** Incremental Build of configuration Debug for project prog02 ****
make all 
make: Nothing to be done for 'all'.
14:28:14 **** Incremental Build of configuration Debug for project prog03 ****
make all 
make: Nothing to be done for 'all'.
14:54:42 **** Incremental Build of configuration Debug for project lab3 ****
make all 
make: Nothing to be done for 'all'.
14:54:43 **** Incremental Build of configuration Debug for project lab5 ****
make all 
make: Nothing to be done for 'all'.
14:54:43 **** Incremental Build of configuration Debug for project lab6 ****
make all 
make: Nothing to be done for 'all'.
14:54:43 **** Incremental Build of configuration Debug for project lab7 ****
make all 
make: Nothing to be done for 'all'.
14:54:43 **** Incremental Build of configuration Debug for project lab9 ****
make all 
Building file: ../main.cpp
Invoking: GCC C++ Compiler
g++ -O0 -g3 -Wall -c -fmessage-length=0 -MMD -MP -MF"main.d" -MT"main.d" -o "main.o" "../main.cpp"
../main.cpp: In function 'int main(int, char**)':
../main.cpp:44:4: error: expected ';' before 'int'
    int files = 0;
    ^
../main.cpp:46:5: error: 'files' was not declared in this scope
     files++;
     ^
make: *** [main.o] Error 1
subdir.mk:18: recipe for target 'main.o' failed
14:54:43 **** Incremental Build of configuration Debug for project prog01 ****
make all 
make: Nothing to be done for 'all'.
14:54:43 **** Incremental Build of configuration Debug for project prog02 ****
make all 
make: Nothing to be done for 'all'.
14:54:43 **** Incremental Build of configuration Debug for project prog03 ****
make all 
make: Nothing to be done for 'all'.
14:55:05 **** Incremental Build of configuration Debug for project lab3 ****
make all 
make: Nothing to be done for 'all'.
14:55:05 **** Incremental Build of configuration Debug for project lab5 ****
make all 
make: Nothing to be done for 'all'.
14:55:05 **** Incremental Build of configuration Debug for project lab6 ****
make all 
make: Nothing to be done for 'all'.
14:55:05 **** Incremental Build of configuration Debug for project lab7 ****
make all 
make: Nothing to be done for 'all'.
14:55:06 **** Incremental Build of configuration Debug for project lab9 ****
make all 
Building file: ../main.cpp
Invoking: GCC C++ Compiler
g++ -O0 -g3 -Wall -c -fmessage-length=0 -MMD -MP -MF"main.d" -MT"main.d" -o "main.o" "../main.cpp"
Finished building: ../main.cpp
 
Building target: lab9
Invoking: GCC C++ Linker
g++  -o "lab9"  ./main.o   
Finished building target: lab9
 
14:55:06 **** Incremental Build of configuration Debug for project prog01 ****
make all 
make: Nothing to be done for 'all'.
14:55:06 **** Incremental Build of configuration Debug for project prog02 ****
make all 
make: Nothing to be done for 'all'.
14:55:06 **** Incremental Build of configuration Debug for project prog03 ****
make all 
make: Nothing to be done for 'all'.
15:11:25 **** Incremental Build of configuration Debug for project lab3 ****
make all 
make: Nothing to be done for 'all'.
15:11:25 **** Incremental Build of configuration Debug for project lab5 ****
make all 
make: Nothing to be done for 'all'.
15:11:25 **** Incremental Build of configuration Debug for project lab6 ****
make all 
make: Nothing to be done for 'all'.
15:11:25 **** Incremental Build of configuration Debug for project lab7 ****
make all 
make: Nothing to be done for 'all'.
15:11:25 **** Incremental Build of configuration Debug for project lab9 ****
make all 
Building file: ../main.cpp
Invoking: GCC C++ Compiler
g++ -O0 -g3 -Wall -c -fmessage-length=0 -MMD -MP -MF"main.d" -MT"main.d" -o "main.o" "../main.cpp"
../main.cpp: In function 'int main(int, char**)':
../main.cpp:39:24: error: invalid operands of types 'char*' and 'const char [2]' to binary 'operator+'
    output += argv[i] + " ";
                        ^
../main.cpp:40:33: error: invalid operands of types 'char*' and 'const char [2]' to binary 'operator+'
    output += passInfo.pw_name + " ";
                                 ^
../main.cpp:46:24: error: invalid operands of types 'char*' and 'const char [2]' to binary 'operator+'
    output += argv[i] + " ";
                        ^
../main.cpp:47:33: error: invalid operands of types 'char*' and 'const char [2]' to binary 'operator+'
    output += passInfo.pw_name + " ";
                                 ^
subdir.mk:18: recipe for target 'main.o' failed
make: *** [main.o] Error 1
15:11:25 **** Incremental Build of configuration Debug for project prog01 ****
make all 
make: Nothing to be done for 'all'.
15:11:25 **** Incremental Build of configuration Debug for project prog02 ****
make all 
make: Nothing to be done for 'all'.
15:11:25 **** Incremental Build of configuration Debug for project prog03 ****
make all 
make: Nothing to be done for 'all'.
15:11:48 **** Incremental Build of configuration Debug for project lab3 ****
make all 
make: Nothing to be done for 'all'.
15:11:48 **** Incremental Build of configuration Debug for project lab5 ****
make all 
make: Nothing to be done for 'all'.
15:11:49 **** Incremental Build of configuration Debug for project lab6 ****
make all 
make: Nothing to be done for 'all'.
15:11:49 **** Incremental Build of configuration Debug for project lab7 ****
make all 
make: Nothing to be done for 'all'.
15:11:49 **** Incremental Build of configuration Debug for project lab9 ****
make all 
Building file: ../main.cpp
Invoking: GCC C++ Compiler
g++ -O0 -g3 -Wall -c -fmessage-length=0 -MMD -MP -MF"main.d" -MT"main.d" -o "main.o" "../main.cpp"
../main.cpp: In function 'int main(int, char**)':
../main.cpp:39:24: error: invalid operands of types 'char*' and 'const char [2]' to binary 'operator+'
    output += argv[i] + " ";
                        ^
../main.cpp:40:33: error: invalid operands of types 'char*' and 'const char [2]' to binary 'operator+'
    output += passInfo.pw_name + " ";
                                 ^
../main.cpp:46:24: error: invalid operands of types 'char*' and 'const char [2]' to binary 'operator+'
    output += argv[i] + " ";
                        ^
../main.cpp:47:33: error: invalid operands of types 'char*' and 'const char [2]' to binary 'operator+'
    output += passInfo.pw_name + " ";
                                 ^
make: *** [main.o] Error 1
subdir.mk:18: recipe for target 'main.o' failed
15:11:49 **** Incremental Build of configuration Debug for project prog01 ****
make all 
make: Nothing to be done for 'all'.
15:11:49 **** Incremental Build of configuration Debug for project prog02 ****
make all 
make: Nothing to be done for 'all'.
15:11:49 **** Incremental Build of configuration Debug for project prog03 ****
make all 
make: Nothing to be done for 'all'.
15:12:32 **** Incremental Build of configuration Debug for project lab3 ****
make all 
make: Nothing to be done for 'all'.
15:12:32 **** Incremental Build of configuration Debug for project lab5 ****
make all 
make: Nothing to be done for 'all'.
15:12:32 **** Incremental Build of configuration Debug for project lab6 ****
make all 
make: Nothing to be done for 'all'.
15:12:32 **** Incremental Build of configuration Debug for project lab7 ****
make all 
make: Nothing to be done for 'all'.
15:12:32 **** Incremental Build of configuration Debug for project lab9 ****
make all 
Building file: ../main.cpp
Invoking: GCC C++ Compiler
g++ -O0 -g3 -Wall -c -fmessage-length=0 -MMD -MP -MF"main.d" -MT"main.d" -o "main.o" "../main.cpp"
../main.cpp: In function 'int main(int, char**)':
../main.cpp:48:24: error: invalid operands of types 'char*' and 'const char [2]' to binary 'operator+'
    output += argv[i] + " ";
                        ^
../main.cpp:49:33: error: invalid operands of types 'char*' and 'const char [2]' to binary 'operator+'
    output += passInfo.pw_name + " ";
                                 ^
make: *** [main.o] Error 1
subdir.mk:18: recipe for target 'main.o' failed
15:12:33 **** Incremental Build of configuration Debug for project prog01 ****
make all 
make: Nothing to be done for 'all'.
15:12:33 **** Incremental Build of configuration Debug for project prog02 ****
make all 
make: Nothing to be done for 'all'.
15:12:33 **** Incremental Build of configuration Debug for project prog03 ****
make all 
make: Nothing to be done for 'all'.
15:12:52 **** Incremental Build of configuration Debug for project lab3 ****
make all 
make: Nothing to be done for 'all'.
15:12:52 **** Incremental Build of configuration Debug for project lab5 ****
make all 
make: Nothing to be done for 'all'.
15:12:52 **** Incremental Build of configuration Debug for project lab6 ****
make all 
make: Nothing to be done for 'all'.
15:12:52 **** Incremental Build of configuration Debug for project lab7 ****
make all 
make: Nothing to be done for 'all'.
15:12:52 **** Incremental Build of configuration Debug for project lab9 ****
make all 
Building file: ../main.cpp
Invoking: GCC C++ Compiler
g++ -O0 -g3 -Wall -c -fmessage-length=0 -MMD -MP -MF"main.d" -MT"main.d" -o "main.o" "../main.cpp"
Finished building: ../main.cpp
 
Building target: lab9
Invoking: GCC C++ Linker
g++  -o "lab9"  ./main.o   
./main.o: In function `main':
/home/user/OneDrive/Documents/cpp/UWM/CS337/lab/lab9/Debug/../main.cpp:38: undefined reference to `get_perm[abi:cxx11](short)'
makefile:44: recipe for target 'lab9' failed
/home/user/OneDrive/Documents/cpp/UWM/CS337/lab/lab9/Debug/../main.cpp:47: undefined reference to `get_perm[abi:cxx11](short)'
collect2: error: ld returned 1 exit status
make: *** [lab9] Error 1
15:12:53 **** Incremental Build of configuration Debug for project prog01 ****
make all 
make: Nothing to be done for 'all'.
15:12:53 **** Incremental Build of configuration Debug for project prog02 ****
make all 
make: Nothing to be done for 'all'.
15:12:53 **** Incremental Build of configuration Debug for project prog03 ****
make all 
make: Nothing to be done for 'all'.
15:13:14 **** Incremental Build of configuration Debug for project lab3 ****
make all 
make: Nothing to be done for 'all'.
15:13:15 **** Incremental Build of configuration Debug for project lab5 ****
make all 
make: Nothing to be done for 'all'.
15:13:15 **** Incremental Build of configuration Debug for project lab6 ****
make all 
make: Nothing to be done for 'all'.
15:13:15 **** Incremental Build of configuration Debug for project lab7 ****
make all 
make: Nothing to be done for 'all'.
15:13:15 **** Incremental Build of configuration Debug for project lab9 ****
make all 
Building file: ../main.cpp
Invoking: GCC C++ Compiler
g++ -O0 -g3 -Wall -c -fmessage-length=0 -MMD -MP -MF"main.d" -MT"main.d" -o "main.o" "../main.cpp"
Finished building: ../main.cpp
 
Building target: lab9
Invoking: GCC C++ Linker
g++  -o "lab9"  ./main.o   
Finished building target: lab9
 
15:13:15 **** Incremental Build of configuration Debug for project prog01 ****
make all 
make: Nothing to be done for 'all'.
15:13:15 **** Incremental Build of configuration Debug for project prog02 ****
make all 
make: Nothing to be done for 'all'.
15:13:15 **** Incremental Build of configuration Debug for project prog03 ****
make all 
make: Nothing to be done for 'all'.
15:13:36 **** Incremental Build of configuration Debug for project lab3 ****
make all 
make: Nothing to be done for 'all'.
15:13:36 **** Incremental Build of configuration Debug for project lab5 ****
make all 
make: Nothing to be done for 'all'.
15:13:36 **** Incremental Build of configuration Debug for project lab6 ****
make all 
make: Nothing to be done for 'all'.
15:13:36 **** Incremental Build of configuration Debug for project lab7 ****
make all 
make: Nothing to be done for 'all'.
15:13:36 **** Incremental Build of configuration Debug for project lab9 ****
make all 
make: Nothing to be done for 'all'.
15:13:36 **** Incremental Build of configuration Debug for project prog01 ****
make all 
make: Nothing to be done for 'all'.
15:13:36 **** Incremental Build of configuration Debug for project prog02 ****
make all 
make: Nothing to be done for 'all'.
15:13:36 **** Incremental Build of configuration Debug for project prog03 ****
make all 
make: Nothing to be done for 'all'.
15:16:23 **** Incremental Build of configuration Debug for project lab3 ****
make all 
make: Nothing to be done for 'all'.
15:16:23 **** Incremental Build of configuration Debug for project lab5 ****
make all 
make: Nothing to be done for 'all'.
15:16:23 **** Incremental Build of configuration Debug for project lab6 ****
make all 
make: Nothing to be done for 'all'.
15:16:23 **** Incremental Build of configuration Debug for project lab7 ****
make all 
make: Nothing to be done for 'all'.
15:16:23 **** Incremental Build of configuration Debug for project lab9 ****
make all 
Building file: ../main.cpp
Invoking: GCC C++ Compiler
g++ -O0 -g3 -Wall -c -fmessage-length=0 -MMD -MP -MF"main.d" -MT"main.d" -o "main.o" "../main.cpp"
Finished building: ../main.cpp
 
Building target: lab9
Invoking: GCC C++ Linker
g++  -o "lab9"  ./main.o   
Finished building target: lab9
 
15:16:23 **** Incremental Build of configuration Debug for project prog01 ****
make all 
make: Nothing to be done for 'all'.
15:16:24 **** Incremental Build of configuration Debug for project prog02 ****
make all 
make: Nothing to be done for 'all'.
15:16:24 **** Incremental Build of configuration Debug for project prog03 ****
make all 
make: Nothing to be done for 'all'.
15:20:49 **** Incremental Build of configuration Debug for project lab3 ****
make all 
make: Nothing to be done for 'all'.
15:20:49 **** Incremental Build of configuration Debug for project lab5 ****
make all 
make: Nothing to be done for 'all'.
15:20:49 **** Incremental Build of configuration Debug for project lab6 ****
make all 
make: Nothing to be done for 'all'.
15:20:50 **** Incremental Build of configuration Debug for project lab7 ****
make all 
make: Nothing to be done for 'all'.
15:20:50 **** Incremental Build of configuration Debug for project lab9 ****
make all 
Building file: ../main.cpp
Invoking: GCC C++ Compiler
g++ -O0 -g3 -Wall -c -fmessage-length=0 -MMD -MP -MF"main.d" -MT"main.d" -o "main.o" "../main.cpp"
Finished building: ../main.cpp
 
Building target: lab9
Invoking: GCC C++ Linker
g++  -o "lab9"  ./main.o   
Finished building target: lab9
 
15:20:50 **** Incremental Build of configuration Debug for project prog01 ****
make all 
make: Nothing to be done for 'all'.
15:20:50 **** Incremental Build of configuration Debug for project prog02 ****
make all 
make: Nothing to be done for 'all'.
15:20:50 **** Incremental Build of configuration Debug for project prog03 ****
make all 
make: Nothing to be done for 'all'.
15:21:24 **** Incremental Build of configuration Debug for project lab3 ****
make all 
make: Nothing to be done for 'all'.
15:21:24 **** Incremental Build of configuration Debug for project lab5 ****
make all 
make: Nothing to be done for 'all'.
15:21:24 **** Incremental Build of configuration Debug for project lab6 ****
make all 
make: Nothing to be done for 'all'.
15:21:24 **** Incremental Build of configuration Debug for project lab7 ****
make all 
make: Nothing to be done for 'all'.
15:21:24 **** Incremental Build of configuration Debug for project lab9 ****
make all 
Building file: ../main.cpp
Invoking: GCC C++ Compiler
g++ -O0 -g3 -Wall -c -fmessage-length=0 -MMD -MP -MF"main.d" -MT"main.d" -o "main.o" "../main.cpp"
Finished building: ../main.cpp
 
Building target: lab9
Invoking: GCC C++ Linker
g++  -o "lab9"  ./main.o   
Finished building target: lab9
 
15:21:24 **** Incremental Build of configuration Debug for project prog01 ****
make all 
make: Nothing to be done for 'all'.
15:21:24 **** Incremental Build of configuration Debug for project prog02 ****
make all 
make: Nothing to be done for 'all'.
15:21:24 **** Incremental Build of configuration Debug for project prog03 ****
make all 
make: Nothing to be done for 'all'.
15:23:14 **** Incremental Build of configuration Debug for project lab3 ****
make all 
make: Nothing to be done for 'all'.
15:23:14 **** Incremental Build of configuration Debug for project lab5 ****
make all 
make: Nothing to be done for 'all'.
15:23:14 **** Incremental Build of configuration Debug for project lab6 ****
make all 
make: Nothing to be done for 'all'.
15:23:14 **** Incremental Build of configuration Debug for project lab7 ****
make all 
make: Nothing to be done for 'all'.
15:23:14 **** Incremental Build of configuration Debug for project lab9 ****
make all 
Building file: ../main.cpp
Invoking: GCC C++ Compiler
g++ -O0 -g3 -Wall -c -fmessage-length=0 -MMD -MP -MF"main.d" -MT"main.d" -o "main.o" "../main.cpp"
Finished building: ../main.cpp
 
Building target: lab9
Invoking: GCC C++ Linker
g++  -o "lab9"  ./main.o   
Finished building target: lab9
 
15:23:15 **** Incremental Build of configuration Debug for project prog01 ****
make all 
make: Nothing to be done for 'all'.
15:23:15 **** Incremental Build of configuration Debug for project prog02 ****
make all 
make: Nothing to be done for 'all'.
15:23:15 **** Incremental Build of configuration Debug for project prog03 ****
make all 
make: Nothing to be done for 'all'.
15:23:42 **** Incremental Build of configuration Debug for project lab3 ****
make all 
make: Nothing to be done for 'all'.
15:23:42 **** Incremental Build of configuration Debug for project lab5 ****
make all 
make: Nothing to be done for 'all'.
15:23:42 **** Incremental Build of configuration Debug for project lab6 ****
make all 
make: Nothing to be done for 'all'.
15:23:42 **** Incremental Build of configuration Debug for project lab7 ****
make all 
make: Nothing to be done for 'all'.
15:23:42 **** Incremental Build of configuration Debug for project lab9 ****
make all 
Building file: ../main.cpp
Invoking: GCC C++ Compiler
g++ -O0 -g3 -Wall -c -fmessage-length=0 -MMD -MP -MF"main.d" -MT"main.d" -o "main.o" "../main.cpp"
../main.cpp: In function 'std::__cxx11::string get_perm(int)':
../main.cpp:100:24: error: expected primary-expression before 'int'
  return ret + get_perm(int perm);
                        ^
subdir.mk:18: recipe for target 'main.o' failed
make: *** [main.o] Error 1
15:23:43 **** Incremental Build of configuration Debug for project prog01 ****
make all 
make: Nothing to be done for 'all'.
15:23:43 **** Incremental Build of configuration Debug for project prog02 ****
make all 
make: Nothing to be done for 'all'.
15:23:43 **** Incremental Build of configuration Debug for project prog03 ****
make all 
make: Nothing to be done for 'all'.
15:23:50 **** Incremental Build of configuration Debug for project lab3 ****
make all 
make: Nothing to be done for 'all'.
15:23:50 **** Incremental Build of configuration Debug for project lab5 ****
make all 
make: Nothing to be done for 'all'.
15:23:50 **** Incremental Build of configuration Debug for project lab6 ****
make all 
make: Nothing to be done for 'all'.
15:23:50 **** Incremental Build of configuration Debug for project lab7 ****
make all 
make: Nothing to be done for 'all'.
15:23:50 **** Incremental Build of configuration Debug for project lab9 ****
make all 
Building file: ../main.cpp
Invoking: GCC C++ Compiler
g++ -O0 -g3 -Wall -c -fmessage-length=0 -MMD -MP -MF"main.d" -MT"main.d" -o "main.o" "../main.cpp"
Finished building: ../main.cpp
 
Building target: lab9
Invoking: GCC C++ Linker
g++  -o "lab9"  ./main.o   
Finished building target: lab9
 
15:23:50 **** Incremental Build of configuration Debug for project prog01 ****
make all 
make: Nothing to be done for 'all'.
15:23:50 **** Incremental Build of configuration Debug for project prog02 ****
make all 
make: Nothing to be done for 'all'.
15:23:50 **** Incremental Build of configuration Debug for project prog03 ****
make all 
make: Nothing to be done for 'all'.
15:26:20 **** Incremental Build of configuration Debug for project lab3 ****
make all 
make: Nothing to be done for 'all'.
15:26:20 **** Incremental Build of configuration Debug for project lab5 ****
make all 
make: Nothing to be done for 'all'.
15:26:20 **** Incremental Build of configuration Debug for project lab6 ****
make all 
make: Nothing to be done for 'all'.
15:26:21 **** Incremental Build of configuration Debug for project lab7 ****
make all 
make: Nothing to be done for 'all'.
15:26:21 **** Incremental Build of configuration Debug for project lab9 ****
make all 
Building file: ../main.cpp
Invoking: GCC C++ Compiler
g++ -O0 -g3 -Wall -c -fmessage-length=0 -MMD -MP -MF"main.d" -MT"main.d" -o "main.o" "../main.cpp"
Finished building: ../main.cpp
 
Building target: lab9
Invoking: GCC C++ Linker
g++  -o "lab9"  ./main.o   
Finished building target: lab9
 
15:26:21 **** Incremental Build of configuration Debug for project prog01 ****
make all 
make: Nothing to be done for 'all'.
15:26:21 **** Incremental Build of configuration Debug for project prog02 ****
make all 
make: Nothing to be done for 'all'.
15:26:21 **** Incremental Build of configuration Debug for project prog03 ****
make all 
make: Nothing to be done for 'all'.
15:27:11 **** Incremental Build of configuration Debug for project lab3 ****
make all 
make: Nothing to be done for 'all'.
15:27:11 **** Incremental Build of configuration Debug for project lab5 ****
make all 
make: Nothing to be done for 'all'.
15:27:11 **** Incremental Build of configuration Debug for project lab6 ****
make all 
make: Nothing to be done for 'all'.
15:27:11 **** Incremental Build of configuration Debug for project lab7 ****
make all 
make: Nothing to be done for 'all'.
15:27:11 **** Incremental Build of configuration Debug for project lab9 ****
make all 
Building file: ../main.cpp
Invoking: GCC C++ Compiler
g++ -O0 -g3 -Wall -c -fmessage-length=0 -MMD -MP -MF"main.d" -MT"main.d" -o "main.o" "../main.cpp"
Finished building: ../main.cpp
 
Building target: lab9
Invoking: GCC C++ Linker
g++  -o "lab9"  ./main.o   
Finished building target: lab9
 
15:27:11 **** Incremental Build of configuration Debug for project prog01 ****
make all 
make: Nothing to be done for 'all'.
15:27:12 **** Incremental Build of configuration Debug for project prog02 ****
make all 
make: Nothing to be done for 'all'.
15:27:12 **** Incremental Build of configuration Debug for project prog03 ****
make all 
make: Nothing to be done for 'all'.
15:40:12 **** Incremental Build of configuration Debug for project lab3 ****
make all 
make: Nothing to be done for 'all'.
15:40:13 **** Incremental Build of configuration Debug for project lab5 ****
make all 
make: Nothing to be done for 'all'.
15:40:13 **** Incremental Build of configuration Debug for project lab6 ****
make all 
make: Nothing to be done for 'all'.
15:40:13 **** Incremental Build of configuration Debug for project lab7 ****
make all 
make: Nothing to be done for 'all'.
15:40:13 **** Incremental Build of configuration Debug for project lab9 ****
make all 
Building file: ../main.cpp
Invoking: GCC C++ Compiler
g++ -O0 -g3 -Wall -c -fmessage-length=0 -MMD -MP -MF"main.d" -MT"main.d" -o "main.o" "../main.cpp"
Finished building: ../main.cpp
 
Building target: lab9
Invoking: GCC C++ Linker
g++  -o "lab9"  ./main.o   
Finished building target: lab9
 
15:40:13 **** Incremental Build of configuration Debug for project prog01 ****
make all 
make: Nothing to be done for 'all'.
15:40:13 **** Incremental Build of configuration Debug for project prog02 ****
make all 
make: Nothing to be done for 'all'.
15:40:13 **** Incremental Build of configuration Debug for project prog03 ****
make all 
make: Nothing to be done for 'all'.
15:42:17 **** Incremental Build of configuration Debug for project lab3 ****
make all 
make: Nothing to be done for 'all'.
15:42:17 **** Incremental Build of configuration Debug for project lab5 ****
make all 
make: Nothing to be done for 'all'.
15:42:17 **** Incremental Build of configuration Debug for project lab6 ****
make all 
make: Nothing to be done for 'all'.
15:42:17 **** Incremental Build of configuration Debug for project lab7 ****
make all 
make: Nothing to be done for 'all'.
15:42:17 **** Incremental Build of configuration Debug for project lab9 ****
make all 
Building file: ../main.cpp
Invoking: GCC C++ Compiler
g++ -O0 -g3 -Wall -c -fmessage-length=0 -MMD -MP -MF"main.d" -MT"main.d" -o "main.o" "../main.cpp"
../main.cpp: In function 'std::__cxx11::string get_perm(int)':
../main.cpp:102:2: error: expected primary-expression before '}' token
  }
  ^
make: *** [main.o] Error 1
subdir.mk:18: recipe for target 'main.o' failed
15:42:18 **** Incremental Build of configuration Debug for project prog01 ****
make all 
make: Nothing to be done for 'all'.
15:42:18 **** Incremental Build of configuration Debug for project prog02 ****
make all 
make: Nothing to be done for 'all'.
15:42:18 **** Incremental Build of configuration Debug for project prog03 ****
make all 
make: Nothing to be done for 'all'.
15:42:50 **** Incremental Build of configuration Debug for project lab3 ****
make all 
make: Nothing to be done for 'all'.
15:42:50 **** Incremental Build of configuration Debug for project lab5 ****
make all 
make: Nothing to be done for 'all'.
15:42:50 **** Incremental Build of configuration Debug for project lab6 ****
make all 
make: Nothing to be done for 'all'.
15:42:50 **** Incremental Build of configuration Debug for project lab7 ****
make all 
make: Nothing to be done for 'all'.
15:42:50 **** Incremental Build of configuration Debug for project lab9 ****
make all 
Building file: ../main.cpp
Invoking: GCC C++ Compiler
g++ -O0 -g3 -Wall -c -fmessage-length=0 -MMD -MP -MF"main.d" -MT"main.d" -o "main.o" "../main.cpp"
Finished building: ../main.cpp
 
Building target: lab9
Invoking: GCC C++ Linker
g++  -o "lab9"  ./main.o   
Finished building target: lab9
 
15:42:51 **** Incremental Build of configuration Debug for project prog01 ****
make all 
make: Nothing to be done for 'all'.
15:42:51 **** Incremental Build of configuration Debug for project prog02 ****
make all 
make: Nothing to be done for 'all'.
15:42:51 **** Incremental Build of configuration Debug for project prog03 ****
make all 
make: Nothing to be done for 'all'.
15:49:02 **** Incremental Build of configuration Debug for project lab3 ****
make all 
make: Nothing to be done for 'all'.
15:49:02 **** Incremental Build of configuration Debug for project lab5 ****
make all 
make: Nothing to be done for 'all'.
15:49:02 **** Incremental Build of configuration Debug for project lab6 ****
make all 
make: Nothing to be done for 'all'.
15:49:02 **** Incremental Build of configuration Debug for project lab7 ****
make all 
make: Nothing to be done for 'all'.
15:49:02 **** Incremental Build of configuration Debug for project lab9 ****
make all 
Building file: ../main.cpp
Invoking: GCC C++ Compiler
g++ -O0 -g3 -Wall -c -fmessage-length=0 -MMD -MP -MF"main.d" -MT"main.d" -o "main.o" "../main.cpp"
Finished building: ../main.cpp
 
Building target: lab9
Invoking: GCC C++ Linker
g++  -o "lab9"  ./main.o   
Finished building target: lab9
 
15:49:03 **** Incremental Build of configuration Debug for project prog01 ****
make all 
make: Nothing to be done for 'all'.
15:49:03 **** Incremental Build of configuration Debug for project prog02 ****
make all 
make: Nothing to be done for 'all'.
15:49:03 **** Incremental Build of configuration Debug for project prog03 ****
make all 
make: Nothing to be done for 'all'.
15:49:40 **** Incremental Build of configuration Debug for project lab3 ****
make all 
make: Nothing to be done for 'all'.
15:49:40 **** Incremental Build of configuration Debug for project lab5 ****
make all 
make: Nothing to be done for 'all'.
15:49:40 **** Incremental Build of configuration Debug for project lab6 ****
make all 
make: Nothing to be done for 'all'.
15:49:40 **** Incremental Build of configuration Debug for project lab7 ****
make all 
make: Nothing to be done for 'all'.
15:49:40 **** Incremental Build of configuration Debug for project lab9 ****
make all 
Building file: ../main.cpp
Invoking: GCC C++ Compiler
g++ -O0 -g3 -Wall -c -fmessage-length=0 -MMD -MP -MF"main.d" -MT"main.d" -o "main.o" "../main.cpp"
Finished building: ../main.cpp
 
Building target: lab9
Invoking: GCC C++ Linker
g++  -o "lab9"  ./main.o   
Finished building target: lab9
 
15:49:41 **** Incremental Build of configuration Debug for project prog01 ****
make all 
make: Nothing to be done for 'all'.
15:49:41 **** Incremental Build of configuration Debug for project prog02 ****
make all 
make: Nothing to be done for 'all'.
15:49:41 **** Incremental Build of configuration Debug for project prog03 ****
make all 
make: Nothing to be done for 'all'.
